{"meta": {"format": 3, "version": "7.12.0", "timestamp": "2025-11-28T08:33:05.748954", "branch_coverage": false, "show_contexts": false}, "files": {"core/architecture_integrator/adapters.py": {"executed_lines": [1, 8, 10, 12, 14, 19, 20, 22, 28, 29, 30, 32, 35, 37, 40, 41, 42, 44, 47, 49, 50, 52, 58, 59, 65, 66, 73, 74, 75, 76, 78, 79, 81, 82, 88, 94, 95, 97, 100, 101, 103, 109, 110, 111, 113, 116, 118, 121, 122, 124, 127, 129, 135, 136, 142, 143, 150, 151, 153, 154, 161, 162, 163, 164, 171, 177, 178, 180, 183, 194, 197, 208], "summary": {"covered_lines": 68, "num_statements": 69, "percent_covered": 98.55072463768116, "percent_covered_display": "98.55", "missing_lines": 1, "excluded_lines": 3, "percent_statements_covered": 98.55072463768116, "percent_statements_covered_display": "98.55"}, "missing_lines": [77], "excluded_lines": [14, 15, 16], "functions": {"TradePulseSystemAdapter.__init__": {"executed_lines": [28, 29, 30], "summary": {"covered_lines": 3, "num_statements": 3, "percent_covered": 100.0, "percent_covered_display": "100.00", "missing_lines": 0, "excluded_lines": 0, "percent_statements_covered": 100.0, "percent_statements_covered_display": "100.00"}, "missing_lines": [], "excluded_lines": []}, "TradePulseSystemAdapter.initialize": {"executed_lines": [35], "summary": {"covered_lines": 1, "num_statements": 1, "percent_covered": 100.0, "percent_covered_display": "100.00", "missing_lines": 0, "excluded_lines": 0, "percent_statements_covered": 100.0, "percent_statements_covered_display": "100.00"}, "missing_lines": [], "excluded_lines": []}, "TradePulseSystemAdapter.start": {"executed_lines": [40, 41, 42], "summary": {"covered_lines": 3, "num_statements": 3, "percent_covered": 100.0, "percent_covered_display": "100.00", "missing_lines": 0, "excluded_lines": 0, "percent_statements_covered": 100.0, "percent_statements_covered_display": "100.00"}, "missing_lines": [], "excluded_lines": []}, "TradePulseSystemAdapter.stop": {"executed_lines": [47, 49, 50], "summary": {"covered_lines": 3, "num_statements": 3, "percent_covered": 100.0, "percent_covered_display": "100.00", "missing_lines": 0, "excluded_lines": 0, "percent_statements_covered": 100.0, "percent_statements_covered_display": "100.00"}, "missing_lines": [], "excluded_lines": []}, "TradePulseSystemAdapter.health_check": {"executed_lines": [58, 59, 65, 66, 73, 74, 75, 76, 78, 79, 81, 82, 88], "summary": {"covered_lines": 13, "num_statements": 14, "percent_covered": 92.85714285714286, "percent_covered_display": "92.86", "missing_lines": 1, "excluded_lines": 0, "percent_statements_covered": 92.85714285714286, "percent_statements_covered_display": "92.86"}, "missing_lines": [77], "excluded_lines": []}, "TradePulseSystemAdapter.system": {"executed_lines": [97], "summary": {"covered_lines": 1, "num_statements": 1, "percent_covered": 100.0, "percent_covered_display": "100.00", "missing_lines": 0, "excluded_lines": 0, "percent_statements_covered": 100.0, "percent_statements_covered_display": "100.00"}, "missing_lines": [], "excluded_lines": []}, "TradePulseOrchestratorAdapter.__init__": {"executed_lines": [109, 110, 111], "summary": {"covered_lines": 3, "num_statements": 3, "percent_covered": 100.0, "percent_covered_display": "100.00", "missing_lines": 0, "excluded_lines": 0, "percent_statements_covered": 100.0, "percent_statements_covered_display": "100.00"}, "missing_lines": [], "excluded_lines": []}, "TradePulseOrchestratorAdapter.initialize": {"executed_lines": [116], "summary": {"covered_lines": 1, "num_statements": 1, "percent_covered": 100.0, "percent_covered_display": "100.00", "missing_lines": 0, "excluded_lines": 0, "percent_statements_covered": 100.0, "percent_statements_covered_display": "100.00"}, "missing_lines": [], "excluded_lines": []}, "TradePulseOrchestratorAdapter.start": {"executed_lines": [121, 122], "summary": {"covered_lines": 2, "num_statements": 2, "percent_covered": 100.0, "percent_covered_display": "100.00", "missing_lines": 0, "excluded_lines": 0, "percent_statements_covered": 100.0, "percent_statements_covered_display": "100.00"}, "missing_lines": [], "excluded_lines": []}, "TradePulseOrchestratorAdapter.stop": {"executed_lines": [127], "summary": {"covered_lines": 1, "num_statements": 1, "percent_covered": 100.0, "percent_covered_display": "100.00", "missing_lines": 0, "excluded_lines": 0, "percent_statements_covered": 100.0, "percent_statements_covered_display": "100.00"}, "missing_lines": [], "excluded_lines": []}, "TradePulseOrchestratorAdapter.health_check": {"executed_lines": [135, 136, 142, 143, 150, 151, 153, 154, 161, 162, 163, 164, 171], "summary": {"covered_lines": 13, "num_statements": 13, "percent_covered": 100.0, "percent_covered_display": "100.00", "missing_lines": 0, "excluded_lines": 0, "percent_statements_covered": 100.0, "percent_statements_covered_display": "100.00"}, "missing_lines": [], "excluded_lines": []}, "TradePulseOrchestratorAdapter.orchestrator": {"executed_lines": [180], "summary": {"covered_lines": 1, "num_statements": 1, "percent_covered": 100.0, "percent_covered_display": "100.00", "missing_lines": 0, "excluded_lines": 0, "percent_statements_covered": 100.0, "percent_statements_covered_display": "100.00"}, "missing_lines": [], "excluded_lines": []}, "create_system_component_adapter": {"executed_lines": [194], "summary": {"covered_lines": 1, "num_statements": 1, "percent_covered": 100.0, "percent_covered_display": "100.00", "missing_lines": 0, "excluded_lines": 0, "percent_statements_covered": 100.0, "percent_statements_covered_display": "100.00"}, "missing_lines": [], "excluded_lines": []}, "create_orchestrator_component_adapter": {"executed_lines": [208], "summary": {"covered_lines": 1, "num_statements": 1, "percent_covered": 100.0, "percent_covered_display": "100.00", "missing_lines": 0, "excluded_lines": 0, "percent_statements_covered": 100.0, "percent_statements_covered_display": "100.00"}, "missing_lines": [], "excluded_lines": []}, "": {"executed_lines": [1, 8, 10, 12, 14, 19, 20, 22, 32, 37, 44, 52, 94, 95, 100, 101, 103, 113, 118, 124, 129, 177, 178, 183, 197], "summary": {"covered_lines": 21, "num_statements": 21, "percent_covered": 100.0, "percent_covered_display": "100.00", "missing_lines": 0, "excluded_lines": 3, "percent_statements_covered": 100.0, "percent_statements_covered_display": "100.00"}, "missing_lines": [], "excluded_lines": [14, 15, 16]}}, "classes": {"TradePulseSystemAdapter": {"executed_lines": [28, 29, 30, 35, 40, 41, 42, 47, 49, 50, 58, 59, 65, 66, 73, 74, 75, 76, 78, 79, 81, 82, 88, 97], "summary": {"covered_lines": 24, "num_statements": 25, "percent_covered": 96.0, "percent_covered_display": "96.00", "missing_lines": 1, "excluded_lines": 0, "percent_statements_covered": 96.0, "percent_statements_covered_display": "96.00"}, "missing_lines": [77], "excluded_lines": []}, "TradePulseOrchestratorAdapter": {"executed_lines": [109, 110, 111, 116, 121, 122, 127, 135, 136, 142, 143, 150, 151, 153, 154, 161, 162, 163, 164, 171, 180], "summary": {"covered_lines": 21, "num_statements": 21, "percent_covered": 100.0, "percent_covered_display": "100.00", "missing_lines": 0, "excluded_lines": 0, "percent_statements_covered": 100.0, "percent_statements_covered_display": "100.00"}, "missing_lines": [], "excluded_lines": []}, "": {"executed_lines": [1, 8, 10, 12, 14, 19, 20, 22, 32, 37, 44, 52, 94, 95, 100, 101, 103, 113, 118, 124, 129, 177, 178, 183, 194, 197, 208], "summary": {"covered_lines": 23, "num_statements": 23, "percent_covered": 100.0, "percent_covered_display": "100.00", "missing_lines": 0, "excluded_lines": 3, "percent_statements_covered": 100.0, "percent_statements_covered_display": "100.00"}, "missing_lines": [], "excluded_lines": [14, 15, 16]}}}, "core/architecture_integrator/component.py": {"executed_lines": [1, 7, 9, 10, 11, 12, 15, 16, 18, 19, 20, 21, 22, 23, 24, 25, 26, 29, 30, 31, 33, 34, 35, 36, 37, 39, 41, 43, 45, 48, 49, 50, 52, 53, 54, 55, 56, 57, 58, 61, 62, 64, 68, 72, 76, 81, 82, 83, 85, 86, 87, 88, 89, 90, 93, 94, 95, 96, 98, 100, 101, 102, 103, 104, 105, 106, 107, 108, 109, 113, 115, 117, 118, 121, 122, 123, 124, 125, 126, 127, 128, 129, 130, 134, 136, 138, 139, 140, 141, 142, 143, 144, 145, 146, 147, 148, 149, 153, 155, 157, 158, 159, 160, 161, 164, 169, 170, 171, 172, 177, 178, 180, 182, 184, 186], "summary": {"covered_lines": 109, "num_statements": 109, "percent_covered": 100.0, "percent_covered_display": "100.00", "missing_lines": 0, "excluded_lines": 9, "percent_statements_covered": 100.0, "percent_statements_covered_display": "100.00"}, "missing_lines": [], "excluded_lines": [66, 67, 70, 71, 74, 75, 78, 79, 80], "functions": {"ComponentHealth.is_operational": {"executed_lines": [41], "summary": {"covered_lines": 1, "num_statements": 1, "percent_covered": 100.0, "percent_covered_display": "100.00", "missing_lines": 0, "excluded_lines": 0, "percent_statements_covered": 100.0, "percent_statements_covered_display": "100.00"}, "missing_lines": [], "excluded_lines": []}, "ComponentHealth.is_failed": {"executed_lines": [45], "summary": {"covered_lines": 1, "num_statements": 1, "percent_covered": 100.0, "percent_covered_display": "100.00", "missing_lines": 0, "excluded_lines": 0, "percent_statements_covered": 100.0, "percent_statements_covered_display": "100.00"}, "missing_lines": [], "excluded_lines": []}, "ComponentProtocol.initialize": {"executed_lines": [], "summary": {"covered_lines": 0, "num_statements": 0, "percent_covered": 100.0, "percent_covered_display": "100.00", "missing_lines": 0, "excluded_lines": 1, "percent_statements_covered": 100.0, "percent_statements_covered_display": "100.00"}, "missing_lines": [], "excluded_lines": [66]}, "ComponentProtocol.start": {"executed_lines": [], "summary": {"covered_lines": 0, "num_statements": 0, "percent_covered": 100.0, "percent_covered_display": "100.00", "missing_lines": 0, "excluded_lines": 1, "percent_statements_covered": 100.0, "percent_statements_covered_display": "100.00"}, "missing_lines": [], "excluded_lines": [70]}, "ComponentProtocol.stop": {"executed_lines": [], "summary": {"covered_lines": 0, "num_statements": 0, "percent_covered": 100.0, "percent_covered_display": "100.00", "missing_lines": 0, "excluded_lines": 1, "percent_statements_covered": 100.0, "percent_statements_covered_display": "100.00"}, "missing_lines": [], "excluded_lines": [74]}, "ComponentProtocol.health_check": {"executed_lines": [], "summary": {"covered_lines": 0, "num_statements": 0, "percent_covered": 100.0, "percent_covered_display": "100.00", "missing_lines": 0, "excluded_lines": 1, "percent_statements_covered": 100.0, "percent_statements_covered_display": "100.00"}, "missing_lines": [], "excluded_lines": [78]}, "Component.initialize": {"executed_lines": [100, 101, 102, 103, 104, 105, 106, 107, 108, 109, 113], "summary": {"covered_lines": 11, "num_statements": 11, "percent_covered": 100.0, "percent_covered_display": "100.00", "missing_lines": 0, "excluded_lines": 0, "percent_statements_covered": 100.0, "percent_statements_covered_display": "100.00"}, "missing_lines": [], "excluded_lines": []}, "Component.start": {"executed_lines": [117, 118, 121, 122, 123, 124, 125, 126, 127, 128, 129, 130, 134], "summary": {"covered_lines": 13, "num_statements": 13, "percent_covered": 100.0, "percent_covered_display": "100.00", "missing_lines": 0, "excluded_lines": 0, "percent_statements_covered": 100.0, "percent_statements_covered_display": "100.00"}, "missing_lines": [], "excluded_lines": []}, "Component.stop": {"executed_lines": [138, 139, 140, 141, 142, 143, 144, 145, 146, 147, 148, 149, 153], "summary": {"covered_lines": 13, "num_statements": 13, "percent_covered": 100.0, "percent_covered_display": "100.00", "missing_lines": 0, "excluded_lines": 0, "percent_statements_covered": 100.0, "percent_statements_covered_display": "100.00"}, "missing_lines": [], "excluded_lines": []}, "Component.check_health": {"executed_lines": [157, 158, 159, 160, 161, 164, 169, 170, 171, 172, 177, 178], "summary": {"covered_lines": 12, "num_statements": 12, "percent_covered": 100.0, "percent_covered_display": "100.00", "missing_lines": 0, "excluded_lines": 0, "percent_statements_covered": 100.0, "percent_statements_covered_display": "100.00"}, "missing_lines": [], "excluded_lines": []}, "Component.get_dependencies": {"executed_lines": [182], "summary": {"covered_lines": 1, "num_statements": 1, "percent_covered": 100.0, "percent_covered_display": "100.00", "missing_lines": 0, "excluded_lines": 0, "percent_statements_covered": 100.0, "percent_statements_covered_display": "100.00"}, "missing_lines": [], "excluded_lines": []}, "Component.get_provides": {"executed_lines": [186], "summary": {"covered_lines": 1, "num_statements": 1, "percent_covered": 100.0, "percent_covered_display": "100.00", "missing_lines": 0, "excluded_lines": 0, "percent_statements_covered": 100.0, "percent_statements_covered_display": "100.00"}, "missing_lines": [], "excluded_lines": []}, "": {"executed_lines": [1, 7, 9, 10, 11, 12, 15, 16, 18, 19, 20, 21, 22, 23, 24, 25, 26, 29, 30, 31, 33, 34, 35, 36, 37, 39, 43, 48, 49, 50, 52, 53, 54, 55, 56, 57, 58, 61, 62, 64, 68, 72, 76, 81, 82, 83, 85, 86, 87, 88, 89, 90, 93, 94, 95, 96, 98, 115, 136, 155, 180, 184], "summary": {"covered_lines": 56, "num_statements": 56, "percent_covered": 100.0, "percent_covered_display": "100.00", "missing_lines": 0, "excluded_lines": 5, "percent_statements_covered": 100.0, "percent_statements_covered_display": "100.00"}, "missing_lines": [], "excluded_lines": [67, 71, 75, 79, 80]}}, "classes": {"ComponentStatus": {"executed_lines": [], "summary": {"covered_lines": 0, "num_statements": 0, "percent_covered": 100.0, "percent_covered_display": "100.00", "missing_lines": 0, "excluded_lines": 0, "percent_statements_covered": 100.0, "percent_statements_covered_display": "100.00"}, "missing_lines": [], "excluded_lines": []}, "ComponentHealth": {"executed_lines": [41, 45], "summary": {"covered_lines": 2, "num_statements": 2, "percent_covered": 100.0, "percent_covered_display": "100.00", "missing_lines": 0, "excluded_lines": 0, "percent_statements_covered": 100.0, "percent_statements_covered_display": "100.00"}, "missing_lines": [], "excluded_lines": []}, "ComponentMetadata": {"executed_lines": [], "summary": {"covered_lines": 0, "num_statements": 0, "percent_covered": 100.0, "percent_covered_display": "100.00", "missing_lines": 0, "excluded_lines": 0, "percent_statements_covered": 100.0, "percent_statements_covered_display": "100.00"}, "missing_lines": [], "excluded_lines": []}, "ComponentProtocol": {"executed_lines": [], "summary": {"covered_lines": 0, "num_statements": 0, "percent_covered": 100.0, "percent_covered_display": "100.00", "missing_lines": 0, "excluded_lines": 4, "percent_statements_covered": 100.0, "percent_statements_covered_display": "100.00"}, "missing_lines": [], "excluded_lines": [66, 70, 74, 78]}, "Component": {"executed_lines": [100, 101, 102, 103, 104, 105, 106, 107, 108, 109, 113, 117, 118, 121, 122, 123, 124, 125, 126, 127, 128, 129, 130, 134, 138, 139, 140, 141, 142, 143, 144, 145, 146, 147, 148, 149, 153, 157, 158, 159, 160, 161, 164, 169, 170, 171, 172, 177, 178, 182, 186], "summary": {"covered_lines": 51, "num_statements": 51, "percent_covered": 100.0, "percent_covered_display": "100.00", "missing_lines": 0, "excluded_lines": 0, "percent_statements_covered": 100.0, "percent_statements_covered_display": "100.00"}, "missing_lines": [], "excluded_lines": []}, "": {"executed_lines": [1, 7, 9, 10, 11, 12, 15, 16, 18, 19, 20, 21, 22, 23, 24, 25, 26, 29, 30, 31, 33, 34, 35, 36, 37, 39, 43, 48, 49, 50, 52, 53, 54, 55, 56, 57, 58, 61, 62, 64, 68, 72, 76, 81, 82, 83, 85, 86, 87, 88, 89, 90, 93, 94, 95, 96, 98, 115, 136, 155, 180, 184], "summary": {"covered_lines": 56, "num_statements": 56, "percent_covered": 100.0, "percent_covered_display": "100.00", "missing_lines": 0, "excluded_lines": 5, "percent_statements_covered": 100.0, "percent_statements_covered_display": "100.00"}, "missing_lines": [], "excluded_lines": [67, 71, 75, 79, 80]}}}, "core/architecture_integrator/integrator.py": {"executed_lines": [1, 7, 9, 10, 12, 18, 19, 20, 25, 28, 29, 54, 56, 57, 58, 59, 61, 62, 64, 66, 67, 69, 71, 72, 74, 80, 115, 125, 134, 135, 136, 138, 148, 149, 150, 152, 153, 154, 156, 168, 170, 172, 178, 190, 191, 192, 193, 194, 195, 196, 197, 198, 199, 200, 202, 214, 215, 216, 217, 218, 219, 220, 221, 222, 223, 224, 226, 232, 233, 234, 235, 236, 237, 239, 249, 250, 251, 253, 263, 264, 265, 267, 276, 277, 278, 280, 290, 291, 292, 298, 310, 311, 313, 319, 321, 322, 323, 329, 331, 337, 338, 344, 350, 351, 352, 355, 357, 369, 371, 379, 385, 392, 393, 394, 396, 403, 404, 405, 406, 407, 408, 414, 420, 422, 431, 433, 439, 440, 441, 442, 444, 446, 447, 448], "summary": {"covered_lines": 132, "num_statements": 134, "percent_covered": 98.50746268656717, "percent_covered_display": "98.51", "missing_lines": 2, "excluded_lines": 0, "percent_statements_covered": 98.50746268656717, "percent_statements_covered_display": "98.51"}, "missing_lines": [324, 325], "excluded_lines": [], "functions": {"ArchitectureIntegrator.__init__": {"executed_lines": [56, 57, 58, 59], "summary": {"covered_lines": 4, "num_statements": 4, "percent_covered": 100.0, "percent_covered_display": "100.00", "missing_lines": 0, "excluded_lines": 0, "percent_statements_covered": 100.0, "percent_statements_covered_display": "100.00"}, "missing_lines": [], "excluded_lines": []}, "ArchitectureIntegrator.registry": {"executed_lines": [64], "summary": {"covered_lines": 1, "num_statements": 1, "percent_covered": 100.0, "percent_covered_display": "100.00", "missing_lines": 0, "excluded_lines": 0, "percent_statements_covered": 100.0, "percent_statements_covered_display": "100.00"}, "missing_lines": [], "excluded_lines": []}, "ArchitectureIntegrator.lifecycle": {"executed_lines": [69], "summary": {"covered_lines": 1, "num_statements": 1, "percent_covered": 100.0, "percent_covered_display": "100.00", "missing_lines": 0, "excluded_lines": 0, "percent_statements_covered": 100.0, "percent_statements_covered_display": "100.00"}, "missing_lines": [], "excluded_lines": []}, "ArchitectureIntegrator.validator": {"executed_lines": [74], "summary": {"covered_lines": 1, "num_statements": 1, "percent_covered": 100.0, "percent_covered_display": "100.00", "missing_lines": 0, "excluded_lines": 0, "percent_statements_covered": 100.0, "percent_statements_covered_display": "100.00"}, "missing_lines": [], "excluded_lines": []}, "ArchitectureIntegrator.register_component": {"executed_lines": [115, 125, 134, 135, 136], "summary": {"covered_lines": 5, "num_statements": 5, "percent_covered": 100.0, "percent_covered_display": "100.00", "missing_lines": 0, "excluded_lines": 0, "percent_statements_covered": 100.0, "percent_statements_covered_display": "100.00"}, "missing_lines": [], "excluded_lines": []}, "ArchitectureIntegrator.unregister_component": {"executed_lines": [148, 149, 150, 152, 153, 154], "summary": {"covered_lines": 6, "num_statements": 6, "percent_covered": 100.0, "percent_covered_display": "100.00", "missing_lines": 0, "excluded_lines": 0, "percent_statements_covered": 100.0, "percent_statements_covered_display": "100.00"}, "missing_lines": [], "excluded_lines": []}, "ArchitectureIntegrator.get_component": {"executed_lines": [168], "summary": {"covered_lines": 1, "num_statements": 1, "percent_covered": 100.0, "percent_covered_display": "100.00", "missing_lines": 0, "excluded_lines": 0, "percent_statements_covered": 100.0, "percent_statements_covered_display": "100.00"}, "missing_lines": [], "excluded_lines": []}, "ArchitectureIntegrator.list_components": {"executed_lines": [172], "summary": {"covered_lines": 1, "num_statements": 1, "percent_covered": 100.0, "percent_covered_display": "100.00", "missing_lines": 0, "excluded_lines": 0, "percent_statements_covered": 100.0, "percent_statements_covered_display": "100.00"}, "missing_lines": [], "excluded_lines": []}, "ArchitectureIntegrator.initialize_all": {"executed_lines": [190, 191, 192, 193, 194, 195, 196, 197, 198, 199, 200], "summary": {"covered_lines": 11, "num_statements": 11, "percent_covered": 100.0, "percent_covered_display": "100.00", "missing_lines": 0, "excluded_lines": 0, "percent_statements_covered": 100.0, "percent_statements_covered_display": "100.00"}, "missing_lines": [], "excluded_lines": []}, "ArchitectureIntegrator.start_all": {"executed_lines": [214, 215, 216, 217, 218, 219, 220, 221, 222, 223, 224], "summary": {"covered_lines": 11, "num_statements": 11, "percent_covered": 100.0, "percent_covered_display": "100.00", "missing_lines": 0, "excluded_lines": 0, "percent_statements_covered": 100.0, "percent_statements_covered_display": "100.00"}, "missing_lines": [], "excluded_lines": []}, "ArchitectureIntegrator.stop_all": {"executed_lines": [232, 233, 234, 235, 236, 237], "summary": {"covered_lines": 6, "num_statements": 6, "percent_covered": 100.0, "percent_covered_display": "100.00", "missing_lines": 0, "excluded_lines": 0, "percent_statements_covered": 100.0, "percent_statements_covered_display": "100.00"}, "missing_lines": [], "excluded_lines": []}, "ArchitectureIntegrator.initialize_component": {"executed_lines": [249, 250, 251], "summary": {"covered_lines": 3, "num_statements": 3, "percent_covered": 100.0, "percent_covered_display": "100.00", "missing_lines": 0, "excluded_lines": 0, "percent_statements_covered": 100.0, "percent_statements_covered_display": "100.00"}, "missing_lines": [], "excluded_lines": []}, "ArchitectureIntegrator.start_component": {"executed_lines": [263, 264, 265], "summary": {"covered_lines": 3, "num_statements": 3, "percent_covered": 100.0, "percent_covered_display": "100.00", "missing_lines": 0, "excluded_lines": 0, "percent_statements_covered": 100.0, "percent_statements_covered_display": "100.00"}, "missing_lines": [], "excluded_lines": []}, "ArchitectureIntegrator.stop_component": {"executed_lines": [276, 277, 278], "summary": {"covered_lines": 3, "num_statements": 3, "percent_covered": 100.0, "percent_covered_display": "100.00", "missing_lines": 0, "excluded_lines": 0, "percent_statements_covered": 100.0, "percent_statements_covered_display": "100.00"}, "missing_lines": [], "excluded_lines": []}, "ArchitectureIntegrator.restart_component": {"executed_lines": [290, 291, 292], "summary": {"covered_lines": 3, "num_statements": 3, "percent_covered": 100.0, "percent_covered_display": "100.00", "missing_lines": 0, "excluded_lines": 0, "percent_statements_covered": 100.0, "percent_statements_covered_display": "100.00"}, "missing_lines": [], "excluded_lines": []}, "ArchitectureIntegrator.check_component_health": {"executed_lines": [310, 311], "summary": {"covered_lines": 2, "num_statements": 2, "percent_covered": 100.0, "percent_covered_display": "100.00", "missing_lines": 0, "excluded_lines": 0, "percent_statements_covered": 100.0, "percent_statements_covered_display": "100.00"}, "missing_lines": [], "excluded_lines": []}, "ArchitectureIntegrator.aggregate_health": {"executed_lines": [319, 321, 322, 323, 329], "summary": {"covered_lines": 5, "num_statements": 7, "percent_covered": 71.42857142857143, "percent_covered_display": "71.43", "missing_lines": 2, "excluded_lines": 0, "percent_statements_covered": 71.42857142857143, "percent_statements_covered_display": "71.43"}, "missing_lines": [324, 325], "excluded_lines": []}, "ArchitectureIntegrator.is_system_healthy": {"executed_lines": [337, 338], "summary": {"covered_lines": 2, "num_statements": 2, "percent_covered": 100.0, "percent_covered_display": "100.00", "missing_lines": 0, "excluded_lines": 0, "percent_statements_covered": 100.0, "percent_statements_covered_display": "100.00"}, "missing_lines": [], "excluded_lines": []}, "ArchitectureIntegrator.validate_architecture": {"executed_lines": [350, 351, 352, 355], "summary": {"covered_lines": 4, "num_statements": 4, "percent_covered": 100.0, "percent_covered_display": "100.00", "missing_lines": 0, "excluded_lines": 0, "percent_statements_covered": 100.0, "percent_statements_covered_display": "100.00"}, "missing_lines": [], "excluded_lines": []}, "ArchitectureIntegrator.validate_component": {"executed_lines": [369], "summary": {"covered_lines": 1, "num_statements": 1, "percent_covered": 100.0, "percent_covered_display": "100.00", "missing_lines": 0, "excluded_lines": 0, "percent_statements_covered": 100.0, "percent_statements_covered_display": "100.00"}, "missing_lines": [], "excluded_lines": []}, "ArchitectureIntegrator.add_validation_rule": {"executed_lines": [379], "summary": {"covered_lines": 1, "num_statements": 1, "percent_covered": 100.0, "percent_covered_display": "100.00", "missing_lines": 0, "excluded_lines": 0, "percent_statements_covered": 100.0, "percent_statements_covered_display": "100.00"}, "missing_lines": [], "excluded_lines": []}, "ArchitectureIntegrator.on": {"executed_lines": [392, 393, 394], "summary": {"covered_lines": 3, "num_statements": 3, "percent_covered": 100.0, "percent_covered_display": "100.00", "missing_lines": 0, "excluded_lines": 0, "percent_statements_covered": 100.0, "percent_statements_covered_display": "100.00"}, "missing_lines": [], "excluded_lines": []}, "ArchitectureIntegrator._emit_event": {"executed_lines": [403, 404, 405, 406, 407, 408], "summary": {"covered_lines": 6, "num_statements": 6, "percent_covered": 100.0, "percent_covered_display": "100.00", "missing_lines": 0, "excluded_lines": 0, "percent_statements_covered": 100.0, "percent_statements_covered_display": "100.00"}, "missing_lines": [], "excluded_lines": []}, "ArchitectureIntegrator.get_dependency_graph": {"executed_lines": [420], "summary": {"covered_lines": 1, "num_statements": 1, "percent_covered": 100.0, "percent_covered_display": "100.00", "missing_lines": 0, "excluded_lines": 0, "percent_statements_covered": 100.0, "percent_statements_covered_display": "100.00"}, "missing_lines": [], "excluded_lines": []}, "ArchitectureIntegrator.get_initialization_order": {"executed_lines": [431], "summary": {"covered_lines": 1, "num_statements": 1, "percent_covered": 100.0, "percent_covered_display": "100.00", "missing_lines": 0, "excluded_lines": 0, "percent_statements_covered": 100.0, "percent_statements_covered_display": "100.00"}, "missing_lines": [], "excluded_lines": []}, "ArchitectureIntegrator.get_status_summary": {"executed_lines": [439, 440, 441, 442], "summary": {"covered_lines": 4, "num_statements": 4, "percent_covered": 100.0, "percent_covered_display": "100.00", "missing_lines": 0, "excluded_lines": 0, "percent_statements_covered": 100.0, "percent_statements_covered_display": "100.00"}, "missing_lines": [], "excluded_lines": []}, "ArchitectureIntegrator.clear": {"executed_lines": [446, 447, 448], "summary": {"covered_lines": 3, "num_statements": 3, "percent_covered": 100.0, "percent_covered_display": "100.00", "missing_lines": 0, "excluded_lines": 0, "percent_statements_covered": 100.0, "percent_statements_covered_display": "100.00"}, "missing_lines": [], "excluded_lines": []}, "": {"executed_lines": [1, 7, 9, 10, 12, 18, 19, 20, 25, 28, 29, 54, 61, 62, 66, 67, 71, 72, 80, 138, 156, 170, 178, 202, 226, 239, 253, 267, 280, 298, 313, 331, 344, 357, 371, 385, 396, 414, 422, 433, 444], "summary": {"covered_lines": 39, "num_statements": 39, "percent_covered": 100.0, "percent_covered_display": "100.00", "missing_lines": 0, "excluded_lines": 0, "percent_statements_covered": 100.0, "percent_statements_covered_display": "100.00"}, "missing_lines": [], "excluded_lines": []}}, "classes": {"ArchitectureIntegrator": {"executed_lines": [56, 57, 58, 59, 64, 69, 74, 115, 125, 134, 135, 136, 148, 149, 150, 152, 153, 154, 168, 172, 190, 191, 192, 193, 194, 195, 196, 197, 198, 199, 200, 214, 215, 216, 217, 218, 219, 220, 221, 222, 223, 224, 232, 233, 234, 235, 236, 237, 249, 250, 251, 263, 264, 265, 276, 277, 278, 290, 291, 292, 310, 311, 319, 321, 322, 323, 329, 337, 338, 350, 351, 352, 355, 369, 379, 392, 393, 394, 403, 404, 405, 406, 407, 408, 420, 431, 439, 440, 441, 442, 446, 447, 448], "summary": {"covered_lines": 93, "num_statements": 95, "percent_covered": 97.89473684210526, "percent_covered_display": "97.89", "missing_lines": 2, "excluded_lines": 0, "percent_statements_covered": 97.89473684210526, "percent_statements_covered_display": "97.89"}, "missing_lines": [324, 325], "excluded_lines": []}, "": {"executed_lines": [1, 7, 9, 10, 12, 18, 19, 20, 25, 28, 29, 54, 61, 62, 66, 67, 71, 72, 80, 138, 156, 170, 178, 202, 226, 239, 253, 267, 280, 298, 313, 331, 344, 357, 371, 385, 396, 414, 422, 433, 444], "summary": {"covered_lines": 39, "num_statements": 39, "percent_covered": 100.0, "percent_covered_display": "100.00", "missing_lines": 0, "excluded_lines": 0, "percent_statements_covered": 100.0, "percent_statements_covered_display": "100.00"}, "missing_lines": [], "excluded_lines": []}}}, "core/architecture_integrator/lifecycle.py": {"executed_lines": [1, 7, 9, 10, 12, 13, 15, 18, 19, 21, 27, 28, 30, 36, 38, 50, 51, 56, 58, 59, 60, 61, 62, 63, 64, 65, 66, 67, 68, 69, 70, 71, 75, 77, 89, 90, 95, 97, 98, 99, 100, 101, 102, 103, 104, 105, 106, 109, 110, 111, 112, 113, 114, 116, 118, 127, 128, 129, 130, 136, 138, 139, 140, 141, 145, 146, 147, 148, 149, 150, 151, 155, 157, 167, 170, 171, 172, 173, 174, 177, 178, 182, 184, 194, 197, 198, 199, 200, 204, 208, 210, 219, 220, 222, 232, 234, 235, 236, 237], "summary": {"covered_lines": 97, "num_statements": 107, "percent_covered": 90.65420560747664, "percent_covered_display": "90.65", "missing_lines": 10, "excluded_lines": 0, "percent_statements_covered": 90.65420560747664, "percent_statements_covered_display": "90.65"}, "missing_lines": [52, 53, 54, 91, 92, 93, 131, 132, 134, 152], "excluded_lines": [], "functions": {"LifecycleManager.__init__": {"executed_lines": [27, 28], "summary": {"covered_lines": 2, "num_statements": 2, "percent_covered": 100.0, "percent_covered_display": "100.00", "missing_lines": 0, "excluded_lines": 0, "percent_statements_covered": 100.0, "percent_statements_covered_display": "100.00"}, "missing_lines": [], "excluded_lines": []}, "LifecycleManager.set_error_handler": {"executed_lines": [36], "summary": {"covered_lines": 1, "num_statements": 1, "percent_covered": 100.0, "percent_covered_display": "100.00", "missing_lines": 0, "excluded_lines": 0, "percent_statements_covered": 100.0, "percent_statements_covered_display": "100.00"}, "missing_lines": [], "excluded_lines": []}, "LifecycleManager.initialize_all": {"executed_lines": [50, 51, 56, 58, 59, 60, 61, 62, 63, 64, 65, 66, 67, 68, 69, 70, 71, 75], "summary": {"covered_lines": 18, "num_statements": 21, "percent_covered": 85.71428571428571, "percent_covered_display": "85.71", "missing_lines": 3, "excluded_lines": 0, "percent_statements_covered": 85.71428571428571, "percent_statements_covered_display": "85.71"}, "missing_lines": [52, 53, 54], "excluded_lines": []}, "LifecycleManager.start_all": {"executed_lines": [89, 90, 95, 97, 98, 99, 100, 101, 102, 103, 104, 105, 106, 109, 110, 111, 112, 113, 114, 116], "summary": {"covered_lines": 20, "num_statements": 23, "percent_covered": 86.95652173913044, "percent_covered_display": "86.96", "missing_lines": 3, "excluded_lines": 0, "percent_statements_covered": 86.95652173913044, "percent_statements_covered_display": "86.96"}, "missing_lines": [91, 92, 93], "excluded_lines": []}, "LifecycleManager.stop_all": {"executed_lines": [127, 128, 129, 130, 136, 138, 139, 140, 141, 145, 146, 147, 148, 149, 150, 151, 155], "summary": {"covered_lines": 17, "num_statements": 21, "percent_covered": 80.95238095238095, "percent_covered_display": "80.95", "missing_lines": 4, "excluded_lines": 0, "percent_statements_covered": 80.95238095238095, "percent_statements_covered_display": "80.95"}, "missing_lines": [131, 132, 134, 152], "excluded_lines": []}, "LifecycleManager.initialize_component": {"executed_lines": [167, 170, 171, 172, 173, 174, 177, 178, 182], "summary": {"covered_lines": 9, "num_statements": 9, "percent_covered": 100.0, "percent_covered_display": "100.00", "missing_lines": 0, "excluded_lines": 0, "percent_statements_covered": 100.0, "percent_statements_covered_display": "100.00"}, "missing_lines": [], "excluded_lines": []}, "LifecycleManager.start_component": {"executed_lines": [194, 197, 198, 199, 200, 204, 208], "summary": {"covered_lines": 7, "num_statements": 7, "percent_covered": 100.0, "percent_covered_display": "100.00", "missing_lines": 0, "excluded_lines": 0, "percent_statements_covered": 100.0, "percent_statements_covered_display": "100.00"}, "missing_lines": [], "excluded_lines": []}, "LifecycleManager.stop_component": {"executed_lines": [219, 220], "summary": {"covered_lines": 2, "num_statements": 2, "percent_covered": 100.0, "percent_covered_display": "100.00", "missing_lines": 0, "excluded_lines": 0, "percent_statements_covered": 100.0, "percent_statements_covered_display": "100.00"}, "missing_lines": [], "excluded_lines": []}, "LifecycleManager.restart_component": {"executed_lines": [232, 234, 235, 236, 237], "summary": {"covered_lines": 5, "num_statements": 5, "percent_covered": 100.0, "percent_covered_display": "100.00", "missing_lines": 0, "excluded_lines": 0, "percent_statements_covered": 100.0, "percent_statements_covered_display": "100.00"}, "missing_lines": [], "excluded_lines": []}, "": {"executed_lines": [1, 7, 9, 10, 12, 13, 15, 18, 19, 21, 30, 38, 77, 118, 157, 184, 210, 222], "summary": {"covered_lines": 16, "num_statements": 16, "percent_covered": 100.0, "percent_covered_display": "100.00", "missing_lines": 0, "excluded_lines": 0, "percent_statements_covered": 100.0, "percent_statements_covered_display": "100.00"}, "missing_lines": [], "excluded_lines": []}}, "classes": {"LifecycleManager": {"executed_lines": [27, 28, 36, 50, 51, 56, 58, 59, 60, 61, 62, 63, 64, 65, 66, 67, 68, 69, 70, 71, 75, 89, 90, 95, 97, 98, 99, 100, 101, 102, 103, 104, 105, 106, 109, 110, 111, 112, 113, 114, 116, 127, 128, 129, 130, 136, 138, 139, 140, 141, 145, 146, 147, 148, 149, 150, 151, 155, 167, 170, 171, 172, 173, 174, 177, 178, 182, 194, 197, 198, 199, 200, 204, 208, 219, 220, 232, 234, 235, 236, 237], "summary": {"covered_lines": 81, "num_statements": 91, "percent_covered": 89.01098901098901, "percent_covered_display": "89.01", "missing_lines": 10, "excluded_lines": 0, "percent_statements_covered": 89.01098901098901, "percent_statements_covered_display": "89.01"}, "missing_lines": [52, 53, 54, 91, 92, 93, 131, 132, 134, 152], "excluded_lines": []}, "": {"executed_lines": [1, 7, 9, 10, 12, 13, 15, 18, 19, 21, 30, 38, 77, 118, 157, 184, 210, 222], "summary": {"covered_lines": 16, "num_statements": 16, "percent_covered": 100.0, "percent_covered_display": "100.00", "missing_lines": 0, "excluded_lines": 0, "percent_statements_covered": 100.0, "percent_statements_covered_display": "100.00"}, "missing_lines": [], "excluded_lines": []}}}, "core/architecture_integrator/registry.py": {"executed_lines": [1, 7, 9, 11, 14, 15, 17, 18, 19, 21, 30, 31, 32, 34, 37, 38, 39, 40, 42, 51, 52, 54, 57, 58, 59, 60, 61, 63, 65, 77, 78, 79, 81, 83, 85, 87, 89, 91, 92, 94, 96, 98, 100, 102, 108, 109, 110, 111, 113, 119, 120, 121, 123, 124, 127, 129, 138, 139, 140, 141, 143, 144, 145, 146, 147, 149, 152, 154, 155, 158, 159, 160, 162, 163, 164, 166, 167, 168, 170, 172, 174, 175, 177, 179, 181, 183], "summary": {"covered_lines": 84, "num_statements": 84, "percent_covered": 100.0, "percent_covered_display": "100.00", "missing_lines": 0, "excluded_lines": 0, "percent_statements_covered": 100.0, "percent_statements_covered_display": "100.00"}, "missing_lines": [], "excluded_lines": [], "functions": {"ComponentRegistry.__init__": {"executed_lines": [18, 19], "summary": {"covered_lines": 2, "num_statements": 2, "percent_covered": 100.0, "percent_covered_display": "100.00", "missing_lines": 0, "excluded_lines": 0, "percent_statements_covered": 100.0, "percent_statements_covered_display": "100.00"}, "missing_lines": [], "excluded_lines": []}, "ComponentRegistry.register": {"executed_lines": [30, 31, 32, 34, 37, 38, 39, 40], "summary": {"covered_lines": 8, "num_statements": 8, "percent_covered": 100.0, "percent_covered_display": "100.00", "missing_lines": 0, "excluded_lines": 0, "percent_statements_covered": 100.0, "percent_statements_covered_display": "100.00"}, "missing_lines": [], "excluded_lines": []}, "ComponentRegistry.unregister": {"executed_lines": [51, 52, 54, 57, 58, 59, 60, 61, 63], "summary": {"covered_lines": 9, "num_statements": 9, "percent_covered": 100.0, "percent_covered_display": "100.00", "missing_lines": 0, "excluded_lines": 0, "percent_statements_covered": 100.0, "percent_statements_covered_display": "100.00"}, "missing_lines": [], "excluded_lines": []}, "ComponentRegistry.get": {"executed_lines": [77, 78, 79], "summary": {"covered_lines": 3, "num_statements": 3, "percent_covered": 100.0, "percent_covered_display": "100.00", "missing_lines": 0, "excluded_lines": 0, "percent_statements_covered": 100.0, "percent_statements_covered_display": "100.00"}, "missing_lines": [], "excluded_lines": []}, "ComponentRegistry.get_all": {"executed_lines": [83], "summary": {"covered_lines": 1, "num_statements": 1, "percent_covered": 100.0, "percent_covered_display": "100.00", "missing_lines": 0, "excluded_lines": 0, "percent_statements_covered": 100.0, "percent_statements_covered_display": "100.00"}, "missing_lines": [], "excluded_lines": []}, "ComponentRegistry.get_by_tag": {"executed_lines": [87], "summary": {"covered_lines": 1, "num_statements": 1, "percent_covered": 100.0, "percent_covered_display": "100.00", "missing_lines": 0, "excluded_lines": 0, "percent_statements_covered": 100.0, "percent_statements_covered_display": "100.00"}, "missing_lines": [], "excluded_lines": []}, "ComponentRegistry.get_by_capability": {"executed_lines": [91, 92], "summary": {"covered_lines": 2, "num_statements": 2, "percent_covered": 100.0, "percent_covered_display": "100.00", "missing_lines": 0, "excluded_lines": 0, "percent_statements_covered": 100.0, "percent_statements_covered_display": "100.00"}, "missing_lines": [], "excluded_lines": []}, "ComponentRegistry.has_component": {"executed_lines": [96], "summary": {"covered_lines": 1, "num_statements": 1, "percent_covered": 100.0, "percent_covered_display": "100.00", "missing_lines": 0, "excluded_lines": 0, "percent_statements_covered": 100.0, "percent_statements_covered_display": "100.00"}, "missing_lines": [], "excluded_lines": []}, "ComponentRegistry.has_capability": {"executed_lines": [100], "summary": {"covered_lines": 1, "num_statements": 1, "percent_covered": 100.0, "percent_covered_display": "100.00", "missing_lines": 0, "excluded_lines": 0, "percent_statements_covered": 100.0, "percent_statements_covered_display": "100.00"}, "missing_lines": [], "excluded_lines": []}, "ComponentRegistry.get_dependency_graph": {"executed_lines": [108, 109, 110, 111], "summary": {"covered_lines": 4, "num_statements": 4, "percent_covered": 100.0, "percent_covered_display": "100.00", "missing_lines": 0, "excluded_lines": 0, "percent_statements_covered": 100.0, "percent_statements_covered_display": "100.00"}, "missing_lines": [], "excluded_lines": []}, "ComponentRegistry.validate_dependencies": {"executed_lines": [119, 120, 121, 123, 124, 127], "summary": {"covered_lines": 6, "num_statements": 6, "percent_covered": 100.0, "percent_covered_display": "100.00", "missing_lines": 0, "excluded_lines": 0, "percent_statements_covered": 100.0, "percent_statements_covered_display": "100.00"}, "missing_lines": [], "excluded_lines": []}, "ComponentRegistry.get_initialization_order": {"executed_lines": [138, 139, 140, 141, 143, 166, 167, 168, 170], "summary": {"covered_lines": 9, "num_statements": 9, "percent_covered": 100.0, "percent_covered_display": "100.00", "missing_lines": 0, "excluded_lines": 0, "percent_statements_covered": 100.0, "percent_statements_covered_display": "100.00"}, "missing_lines": [], "excluded_lines": []}, "ComponentRegistry.get_initialization_order.visit": {"executed_lines": [144, 145, 146, 147, 149, 152, 154, 155, 158, 159, 160, 162, 163, 164], "summary": {"covered_lines": 14, "num_statements": 14, "percent_covered": 100.0, "percent_covered_display": "100.00", "missing_lines": 0, "excluded_lines": 0, "percent_statements_covered": 100.0, "percent_statements_covered_display": "100.00"}, "missing_lines": [], "excluded_lines": []}, "ComponentRegistry.clear": {"executed_lines": [174, 175], "summary": {"covered_lines": 2, "num_statements": 2, "percent_covered": 100.0, "percent_covered_display": "100.00", "missing_lines": 0, "excluded_lines": 0, "percent_statements_covered": 100.0, "percent_statements_covered_display": "100.00"}, "missing_lines": [], "excluded_lines": []}, "ComponentRegistry.__len__": {"executed_lines": [179], "summary": {"covered_lines": 1, "num_statements": 1, "percent_covered": 100.0, "percent_covered_display": "100.00", "missing_lines": 0, "excluded_lines": 0, "percent_statements_covered": 100.0, "percent_statements_covered_display": "100.00"}, "missing_lines": [], "excluded_lines": []}, "ComponentRegistry.__contains__": {"executed_lines": [183], "summary": {"covered_lines": 1, "num_statements": 1, "percent_covered": 100.0, "percent_covered_display": "100.00", "missing_lines": 0, "excluded_lines": 0, "percent_statements_covered": 100.0, "percent_statements_covered_display": "100.00"}, "missing_lines": [], "excluded_lines": []}, "": {"executed_lines": [1, 7, 9, 11, 14, 15, 17, 21, 42, 65, 81, 85, 89, 94, 98, 102, 113, 129, 172, 177, 181], "summary": {"covered_lines": 19, "num_statements": 19, "percent_covered": 100.0, "percent_covered_display": "100.00", "missing_lines": 0, "excluded_lines": 0, "percent_statements_covered": 100.0, "percent_statements_covered_display": "100.00"}, "missing_lines": [], "excluded_lines": []}}, "classes": {"ComponentRegistry": {"executed_lines": [18, 19, 30, 31, 32, 34, 37, 38, 39, 40, 51, 52, 54, 57, 58, 59, 60, 61, 63, 77, 78, 79, 83, 87, 91, 92, 96, 100, 108, 109, 110, 111, 119, 120, 121, 123, 124, 127, 138, 139, 140, 141, 143, 144, 145, 146, 147, 149, 152, 154, 155, 158, 159, 160, 162, 163, 164, 166, 167, 168, 170, 174, 175, 179, 183], "summary": {"covered_lines": 65, "num_statements": 65, "percent_covered": 100.0, "percent_covered_display": "100.00", "missing_lines": 0, "excluded_lines": 0, "percent_statements_covered": 100.0, "percent_statements_covered_display": "100.00"}, "missing_lines": [], "excluded_lines": []}, "": {"executed_lines": [1, 7, 9, 11, 14, 15, 17, 21, 42, 65, 81, 85, 89, 94, 98, 102, 113, 129, 172, 177, 181], "summary": {"covered_lines": 19, "num_statements": 19, "percent_covered": 100.0, "percent_covered_display": "100.00", "missing_lines": 0, "excluded_lines": 0, "percent_statements_covered": 100.0, "percent_statements_covered_display": "100.00"}, "missing_lines": [], "excluded_lines": []}}}, "core/architecture_integrator/validator.py": {"executed_lines": [1, 7, 9, 10, 11, 12, 14, 15, 18, 19, 21, 22, 23, 24, 27, 28, 29, 31, 32, 33, 34, 35, 36, 38, 40, 43, 44, 45, 47, 48, 49, 51, 53, 55, 57, 59, 61, 62, 63, 64, 67, 68, 70, 76, 77, 81, 89, 91, 97, 100, 101, 102, 103, 106, 107, 108, 109, 110, 120, 122, 124, 126, 127, 129, 130, 139, 141, 143, 145, 146, 147, 148, 157, 159, 161, 163, 165, 166, 168, 169, 171, 172, 177, 196, 198, 200, 202, 203, 206, 207, 216, 218, 230, 231, 234, 235, 238, 248, 249, 250, 251, 256, 274, 275], "summary": {"covered_lines": 99, "num_statements": 103, "percent_covered": 96.11650485436893, "percent_covered_display": "96.12", "missing_lines": 4, "excluded_lines": 0, "percent_statements_covered": 96.11650485436893, "percent_statements_covered_display": "96.12"}, "missing_lines": [186, 187, 264, 265], "excluded_lines": [], "functions": {"ValidationIssue.is_blocking": {"executed_lines": [40], "summary": {"covered_lines": 1, "num_statements": 1, "percent_covered": 100.0, "percent_covered_display": "100.00", "missing_lines": 0, "excluded_lines": 0, "percent_statements_covered": 100.0, "percent_statements_covered_display": "100.00"}, "missing_lines": [], "excluded_lines": []}, "ValidationResult.get_blocking_issues": {"executed_lines": [53], "summary": {"covered_lines": 1, "num_statements": 1, "percent_covered": 100.0, "percent_covered_display": "100.00", "missing_lines": 0, "excluded_lines": 0, "percent_statements_covered": 100.0, "percent_statements_covered_display": "100.00"}, "missing_lines": [], "excluded_lines": []}, "ValidationResult.get_by_severity": {"executed_lines": [57], "summary": {"covered_lines": 1, "num_statements": 1, "percent_covered": 100.0, "percent_covered_display": "100.00", "missing_lines": 0, "excluded_lines": 0, "percent_statements_covered": 100.0, "percent_statements_covered_display": "100.00"}, "missing_lines": [], "excluded_lines": []}, "ValidationResult.summary": {"executed_lines": [61, 62, 63, 64], "summary": {"covered_lines": 4, "num_statements": 4, "percent_covered": 100.0, "percent_covered_display": "100.00", "missing_lines": 0, "excluded_lines": 0, "percent_statements_covered": 100.0, "percent_statements_covered_display": "100.00"}, "missing_lines": [], "excluded_lines": []}, "ArchitectureValidator.__init__": {"executed_lines": [76, 77], "summary": {"covered_lines": 2, "num_statements": 2, "percent_covered": 100.0, "percent_covered_display": "100.00", "missing_lines": 0, "excluded_lines": 0, "percent_statements_covered": 100.0, "percent_statements_covered_display": "100.00"}, "missing_lines": [], "excluded_lines": []}, "ArchitectureValidator.add_custom_rule": {"executed_lines": [89], "summary": {"covered_lines": 1, "num_statements": 1, "percent_covered": 100.0, "percent_covered_display": "100.00", "missing_lines": 0, "excluded_lines": 0, "percent_statements_covered": 100.0, "percent_statements_covered_display": "100.00"}, "missing_lines": [], "excluded_lines": []}, "ArchitectureValidator.validate_all": {"executed_lines": [97, 100, 101, 102, 103, 106, 107, 108, 109, 110, 120, 122], "summary": {"covered_lines": 12, "num_statements": 12, "percent_covered": 100.0, "percent_covered_display": "100.00", "missing_lines": 0, "excluded_lines": 0, "percent_statements_covered": 100.0, "percent_statements_covered_display": "100.00"}, "missing_lines": [], "excluded_lines": []}, "ArchitectureValidator._validate_dependencies": {"executed_lines": [126, 127, 129, 130, 139], "summary": {"covered_lines": 5, "num_statements": 5, "percent_covered": 100.0, "percent_covered_display": "100.00", "missing_lines": 0, "excluded_lines": 0, "percent_statements_covered": 100.0, "percent_statements_covered_display": "100.00"}, "missing_lines": [], "excluded_lines": []}, "ArchitectureValidator._validate_circular_dependencies": {"executed_lines": [143, 145, 146, 147, 148, 157], "summary": {"covered_lines": 6, "num_statements": 6, "percent_covered": 100.0, "percent_covered_display": "100.00", "missing_lines": 0, "excluded_lines": 0, "percent_statements_covered": 100.0, "percent_statements_covered_display": "100.00"}, "missing_lines": [], "excluded_lines": []}, "ArchitectureValidator._validate_component_health": {"executed_lines": [161, 163, 165, 166, 168, 169, 171, 172, 177, 196], "summary": {"covered_lines": 10, "num_statements": 12, "percent_covered": 83.33333333333333, "percent_covered_display": "83.33", "missing_lines": 2, "excluded_lines": 0, "percent_statements_covered": 83.33333333333333, "percent_statements_covered_display": "83.33"}, "missing_lines": [186, 187], "excluded_lines": []}, "ArchitectureValidator._validate_configuration": {"executed_lines": [200, 202, 203, 206, 207, 216], "summary": {"covered_lines": 6, "num_statements": 6, "percent_covered": 100.0, "percent_covered_display": "100.00", "missing_lines": 0, "excluded_lines": 0, "percent_statements_covered": 100.0, "percent_statements_covered_display": "100.00"}, "missing_lines": [], "excluded_lines": []}, "ArchitectureValidator.validate_component": {"executed_lines": [230, 231, 234, 235, 238, 248, 249, 250, 251, 256, 274, 275], "summary": {"covered_lines": 12, "num_statements": 14, "percent_covered": 85.71428571428571, "percent_covered_display": "85.71", "missing_lines": 2, "excluded_lines": 0, "percent_statements_covered": 85.71428571428571, "percent_statements_covered_display": "85.71"}, "missing_lines": [264, 265], "excluded_lines": []}, "": {"executed_lines": [1, 7, 9, 10, 11, 12, 14, 15, 18, 19, 21, 22, 23, 24, 27, 28, 29, 31, 32, 33, 34, 35, 36, 38, 43, 44, 45, 47, 48, 49, 51, 55, 59, 67, 68, 70, 81, 91, 124, 141, 159, 198, 218], "summary": {"covered_lines": 38, "num_statements": 38, "percent_covered": 100.0, "percent_covered_display": "100.00", "missing_lines": 0, "excluded_lines": 0, "percent_statements_covered": 100.0, "percent_statements_covered_display": "100.00"}, "missing_lines": [], "excluded_lines": []}}, "classes": {"ValidationSeverity": {"executed_lines": [], "summary": {"covered_lines": 0, "num_statements": 0, "percent_covered": 100.0, "percent_covered_display": "100.00", "missing_lines": 0, "excluded_lines": 0, "percent_statements_covered": 100.0, "percent_statements_covered_display": "100.00"}, "missing_lines": [], "excluded_lines": []}, "ValidationIssue": {"executed_lines": [40], "summary": {"covered_lines": 1, "num_statements": 1, "percent_covered": 100.0, "percent_covered_display": "100.00", "missing_lines": 0, "excluded_lines": 0, "percent_statements_covered": 100.0, "percent_statements_covered_display": "100.00"}, "missing_lines": [], "excluded_lines": []}, "ValidationResult": {"executed_lines": [53, 57, 61, 62, 63, 64], "summary": {"covered_lines": 6, "num_statements": 6, "percent_covered": 100.0, "percent_covered_display": "100.00", "missing_lines": 0, "excluded_lines": 0, "percent_statements_covered": 100.0, "percent_statements_covered_display": "100.00"}, "missing_lines": [], "excluded_lines": []}, "ArchitectureValidator": {"executed_lines": [76, 77, 89, 97, 100, 101, 102, 103, 106, 107, 108, 109, 110, 120, 122, 126, 127, 129, 130, 139, 143, 145, 146, 147, 148, 157, 161, 163, 165, 166, 168, 169, 171, 172, 177, 196, 200, 202, 203, 206, 207, 216, 230, 231, 234, 235, 238, 248, 249, 250, 251, 256, 274, 275], "summary": {"covered_lines": 54, "num_statements": 58, "percent_covered": 93.10344827586206, "percent_covered_display": "93.10", "missing_lines": 4, "excluded_lines": 0, "percent_statements_covered": 93.10344827586206, "percent_statements_covered_display": "93.10"}, "missing_lines": [186, 187, 264, 265], "excluded_lines": []}, "": {"executed_lines": [1, 7, 9, 10, 11, 12, 14, 15, 18, 19, 21, 22, 23, 24, 27, 28, 29, 31, 32, 33, 34, 35, 36, 38, 43, 44, 45, 47, 48, 49, 51, 55, 59, 67, 68, 70, 81, 91, 124, 141, 159, 198, 218], "summary": {"covered_lines": 38, "num_statements": 38, "percent_covered": 100.0, "percent_covered_display": "100.00", "missing_lines": 0, "excluded_lines": 0, "percent_statements_covered": 100.0, "percent_statements_covered_display": "100.00"}, "missing_lines": [], "excluded_lines": []}}}, "core/compliance/mifid2.py": {"executed_lines": [1, 3, 5, 6, 7, 8, 9, 10, 12, 15, 16, 17, 18, 19, 20, 21, 23, 33, 34, 35, 36, 37, 38, 39, 40, 43, 44, 45, 46, 47, 48, 49, 50, 51, 52, 54, 67, 68, 69, 71, 75, 76, 77, 78, 79, 80, 83, 84, 85, 86, 87, 90, 91, 93, 108, 122, 159, 163, 174, 177, 194, 205, 212, 231, 243, 257, 267], "summary": {"covered_lines": 65, "num_statements": 125, "percent_covered": 52.0, "percent_covered_display": "52.00", "missing_lines": 60, "excluded_lines": 0, "percent_statements_covered": 52.0, "percent_statements_covered_display": "52.00"}, "missing_lines": [24, 55, 72, 99, 100, 101, 102, 103, 104, 105, 106, 111, 118, 119, 120, 136, 137, 147, 155, 156, 157, 160, 161, 166, 171, 172, 175, 183, 184, 185, 186, 187, 188, 189, 190, 191, 192, 195, 206, 213, 214, 223, 227, 228, 229, 232, 233, 234, 235, 238, 239, 240, 241, 244, 245, 246, 247, 248, 249, 258], "excluded_lines": [], "functions": {"OrderAuditTrail.to_dict": {"executed_lines": [], "summary": {"covered_lines": 0, "num_statements": 1, "percent_covered": 0.0, "percent_covered_display": "0.00", "missing_lines": 1, "excluded_lines": 0, "percent_statements_covered": 0.0, "percent_statements_covered_display": "0.00"}, "missing_lines": [24], "excluded_lines": []}, "TransactionReport.to_dict": {"executed_lines": [], "summary": {"covered_lines": 0, "num_statements": 1, "percent_covered": 0.0, "percent_covered_display": "0.00", "missing_lines": 1, "excluded_lines": 0, "percent_statements_covered": 0.0, "percent_statements_covered_display": "0.00"}, "missing_lines": [55], "excluded_lines": []}, "MiFID2RetentionPolicy.retention_delta": {"executed_lines": [], "summary": {"covered_lines": 0, "num_statements": 1, "percent_covered": 0.0, "percent_covered_display": "0.00", "missing_lines": 1, "excluded_lines": 0, "percent_statements_covered": 0.0, "percent_statements_covered_display": "0.00"}, "missing_lines": [72], "excluded_lines": []}, "MiFID2Reporter.__init__": {"executed_lines": [], "summary": {"covered_lines": 0, "num_statements": 8, "percent_covered": 0.0, "percent_covered_display": "0.00", "missing_lines": 8, "excluded_lines": 0, "percent_statements_covered": 0.0, "percent_statements_covered_display": "0.00"}, "missing_lines": [99, 100, 101, 102, 103, 104, 105, 106], "excluded_lines": []}, "MiFID2Reporter.record_order": {"executed_lines": [], "summary": {"covered_lines": 0, "num_statements": 4, "percent_covered": 0.0, "percent_covered_display": "0.00", "missing_lines": 4, "excluded_lines": 0, "percent_statements_covered": 0.0, "percent_statements_covered_display": "0.00"}, "missing_lines": [111, 118, 119, 120], "excluded_lines": []}, "MiFID2Reporter.record_execution": {"executed_lines": [], "summary": {"covered_lines": 0, "num_statements": 6, "percent_covered": 0.0, "percent_covered_display": "0.00", "missing_lines": 6, "excluded_lines": 0, "percent_statements_covered": 0.0, "percent_statements_covered_display": "0.00"}, "missing_lines": [136, 137, 147, 155, 156, 157], "excluded_lines": []}, "MiFID2Reporter.synchronise_clock": {"executed_lines": [], "summary": {"covered_lines": 0, "num_statements": 2, "percent_covered": 0.0, "percent_covered_display": "0.00", "missing_lines": 2, "excluded_lines": 0, "percent_statements_covered": 0.0, "percent_statements_covered_display": "0.00"}, "missing_lines": [160, 161], "excluded_lines": []}, "MiFID2Reporter.best_execution_breaches": {"executed_lines": [], "summary": {"covered_lines": 0, "num_statements": 3, "percent_covered": 0.0, "percent_covered_display": "0.00", "missing_lines": 3, "excluded_lines": 0, "percent_statements_covered": 0.0, "percent_statements_covered_display": "0.00"}, "missing_lines": [166, 171, 172], "excluded_lines": []}, "MiFID2Reporter.market_abuse_signals": {"executed_lines": [], "summary": {"covered_lines": 0, "num_statements": 1, "percent_covered": 0.0, "percent_covered_display": "0.00", "missing_lines": 1, "excluded_lines": 0, "percent_statements_covered": 0.0, "percent_statements_covered_display": "0.00"}, "missing_lines": [175], "excluded_lines": []}, "MiFID2Reporter.position_limit_breaches": {"executed_lines": [], "summary": {"covered_lines": 0, "num_statements": 10, "percent_covered": 0.0, "percent_covered_display": "0.00", "missing_lines": 10, "excluded_lines": 0, "percent_statements_covered": 0.0, "percent_statements_covered_display": "0.00"}, "missing_lines": [183, 184, 185, 186, 187, 188, 189, 190, 191, 192], "excluded_lines": []}, "MiFID2Reporter.health_summary": {"executed_lines": [], "summary": {"covered_lines": 0, "num_statements": 1, "percent_covered": 0.0, "percent_covered_display": "0.00", "missing_lines": 1, "excluded_lines": 0, "percent_statements_covered": 0.0, "percent_statements_covered_display": "0.00"}, "missing_lines": [195], "excluded_lines": []}, "MiFID2Reporter.snapshot": {"executed_lines": [], "summary": {"covered_lines": 0, "num_statements": 1, "percent_covered": 0.0, "percent_covered_display": "0.00", "missing_lines": 1, "excluded_lines": 0, "percent_statements_covered": 0.0, "percent_statements_covered_display": "0.00"}, "missing_lines": [206], "excluded_lines": []}, "MiFID2Reporter.export": {"executed_lines": [], "summary": {"covered_lines": 0, "num_statements": 6, "percent_covered": 0.0, "percent_covered_display": "0.00", "missing_lines": 6, "excluded_lines": 0, "percent_statements_covered": 0.0, "percent_statements_covered_display": "0.00"}, "missing_lines": [213, 214, 223, 227, 228, 229], "excluded_lines": []}, "MiFID2Reporter._apply_retention": {"executed_lines": [], "summary": {"covered_lines": 0, "num_statements": 8, "percent_covered": 0.0, "percent_covered_display": "0.00", "missing_lines": 8, "excluded_lines": 0, "percent_statements_covered": 0.0, "percent_statements_covered_display": "0.00"}, "missing_lines": [232, 233, 234, 235, 238, 239, 240, 241], "excluded_lines": []}, "MiFID2Reporter._analyse_market_abuse": {"executed_lines": [], "summary": {"covered_lines": 0, "num_statements": 6, "percent_covered": 0.0, "percent_covered_display": "0.00", "missing_lines": 6, "excluded_lines": 0, "percent_statements_covered": 0.0, "percent_statements_covered_display": "0.00"}, "missing_lines": [244, 245, 246, 247, 248, 249], "excluded_lines": []}, "MiFID2Reporter.generate_regulatory_report": {"executed_lines": [], "summary": {"covered_lines": 0, "num_statements": 1, "percent_covered": 0.0, "percent_covered_display": "0.00", "missing_lines": 1, "excluded_lines": 0, "percent_statements_covered": 0.0, "percent_statements_covered_display": "0.00"}, "missing_lines": [258], "excluded_lines": []}, "": {"executed_lines": [1, 3, 5, 6, 7, 8, 9, 10, 12, 15, 16, 17, 18, 19, 20, 21, 23, 33, 34, 35, 36, 37, 38, 39, 40, 43, 44, 45, 46, 47, 48, 49, 50, 51, 52, 54, 67, 68, 69, 71, 75, 76, 77, 78, 79, 80, 83, 84, 85, 86, 87, 90, 91, 93, 108, 122, 159, 163, 174, 177, 194, 205, 212, 231, 243, 257, 267], "summary": {"covered_lines": 65, "num_statements": 65, "percent_covered": 100.0, "percent_covered_display": "100.00", "missing_lines": 0, "excluded_lines": 0, "percent_statements_covered": 100.0, "percent_statements_covered_display": "100.00"}, "missing_lines": [], "excluded_lines": []}}, "classes": {"OrderAuditTrail": {"executed_lines": [], "summary": {"covered_lines": 0, "num_statements": 1, "percent_covered": 0.0, "percent_covered_display": "0.00", "missing_lines": 1, "excluded_lines": 0, "percent_statements_covered": 0.0, "percent_statements_covered_display": "0.00"}, "missing_lines": [24], "excluded_lines": []}, "ExecutionQuality": {"executed_lines": [], "summary": {"covered_lines": 0, "num_statements": 0, "percent_covered": 100.0, "percent_covered_display": "100.00", "missing_lines": 0, "excluded_lines": 0, "percent_statements_covered": 100.0, "percent_statements_covered_display": "100.00"}, "missing_lines": [], "excluded_lines": []}, "TransactionReport": {"executed_lines": [], "summary": {"covered_lines": 0, "num_statements": 1, "percent_covered": 0.0, "percent_covered_display": "0.00", "missing_lines": 1, "excluded_lines": 0, "percent_statements_covered": 0.0, "percent_statements_covered_display": "0.00"}, "missing_lines": [55], "excluded_lines": []}, "MiFID2RetentionPolicy": {"executed_lines": [], "summary": {"covered_lines": 0, "num_statements": 1, "percent_covered": 0.0, "percent_covered_display": "0.00", "missing_lines": 1, "excluded_lines": 0, "percent_statements_covered": 0.0, "percent_statements_covered_display": "0.00"}, "missing_lines": [72], "excluded_lines": []}, "ComplianceSnapshot": {"executed_lines": [], "summary": {"covered_lines": 0, "num_statements": 0, "percent_covered": 100.0, "percent_covered_display": "100.00", "missing_lines": 0, "excluded_lines": 0, "percent_statements_covered": 100.0, "percent_statements_covered_display": "100.00"}, "missing_lines": [], "excluded_lines": []}, "MarketAbuseSignal": {"executed_lines": [], "summary": {"covered_lines": 0, "num_statements": 0, "percent_covered": 100.0, "percent_covered_display": "100.00", "missing_lines": 0, "excluded_lines": 0, "percent_statements_covered": 100.0, "percent_statements_covered_display": "100.00"}, "missing_lines": [], "excluded_lines": []}, "MiFID2Reporter": {"executed_lines": [], "summary": {"covered_lines": 0, "num_statements": 57, "percent_covered": 0.0, "percent_covered_display": "0.00", "missing_lines": 57, "excluded_lines": 0, "percent_statements_covered": 0.0, "percent_statements_covered_display": "0.00"}, "missing_lines": [99, 100, 101, 102, 103, 104, 105, 106, 111, 118, 119, 120, 136, 137, 147, 155, 156, 157, 160, 161, 166, 171, 172, 175, 183, 184, 185, 186, 187, 188, 189, 190, 191, 192, 195, 206, 213, 214, 223, 227, 228, 229, 232, 233, 234, 235, 238, 239, 240, 241, 244, 245, 246, 247, 248, 249, 258], "excluded_lines": []}, "": {"executed_lines": [1, 3, 5, 6, 7, 8, 9, 10, 12, 15, 16, 17, 18, 19, 20, 21, 23, 33, 34, 35, 36, 37, 38, 39, 40, 43, 44, 45, 46, 47, 48, 49, 50, 51, 52, 54, 67, 68, 69, 71, 75, 76, 77, 78, 79, 80, 83, 84, 85, 86, 87, 90, 91, 93, 108, 122, 159, 163, 174, 177, 194, 205, 212, 231, 243, 257, 267], "summary": {"covered_lines": 65, "num_statements": 65, "percent_covered": 100.0, "percent_covered_display": "100.00", "missing_lines": 0, "excluded_lines": 0, "percent_statements_covered": 100.0, "percent_statements_covered_display": "100.00"}, "missing_lines": [], "excluded_lines": []}}}, "core/compliance/models.py": {"executed_lines": [1, 3, 5, 6, 9, 10, 11, 13, 14, 17, 18, 19, 21, 22, 23, 26], "summary": {"covered_lines": 13, "num_statements": 13, "percent_covered": 100.0, "percent_covered_display": "100.00", "missing_lines": 0, "excluded_lines": 0, "percent_statements_covered": 100.0, "percent_statements_covered_display": "100.00"}, "missing_lines": [], "excluded_lines": [], "functions": {"": {"executed_lines": [1, 3, 5, 6, 9, 10, 11, 13, 14, 17, 18, 19, 21, 22, 23, 26], "summary": {"covered_lines": 13, "num_statements": 13, "percent_covered": 100.0, "percent_covered_display": "100.00", "missing_lines": 0, "excluded_lines": 0, "percent_statements_covered": 100.0, "percent_statements_covered_display": "100.00"}, "missing_lines": [], "excluded_lines": []}}, "classes": {"ComplianceIssue": {"executed_lines": [], "summary": {"covered_lines": 0, "num_statements": 0, "percent_covered": 100.0, "percent_covered_display": "100.00", "missing_lines": 0, "excluded_lines": 0, "percent_statements_covered": 100.0, "percent_statements_covered_display": "100.00"}, "missing_lines": [], "excluded_lines": []}, "ComplianceReport": {"executed_lines": [], "summary": {"covered_lines": 0, "num_statements": 0, "percent_covered": 100.0, "percent_covered_display": "100.00", "missing_lines": 0, "excluded_lines": 0, "percent_statements_covered": 100.0, "percent_statements_covered_display": "100.00"}, "missing_lines": [], "excluded_lines": []}, "": {"executed_lines": [1, 3, 5, 6, 9, 10, 11, 13, 14, 17, 18, 19, 21, 22, 23, 26], "summary": {"covered_lines": 13, "num_statements": 13, "percent_covered": 100.0, "percent_covered_display": "100.00", "missing_lines": 0, "excluded_lines": 0, "percent_statements_covered": 100.0, "percent_statements_covered_display": "100.00"}, "missing_lines": [], "excluded_lines": []}}}, "core/compliance/regulatory.py": {"executed_lines": [1, 3, 5, 6, 8, 11, 12, 15, 16, 17, 18, 19, 20, 21, 22, 23, 24, 25, 26, 27, 36, 37, 40, 41, 42, 43, 44, 45, 46, 47, 48, 49, 50, 51, 52, 53, 54, 55, 56, 57, 58, 61, 62, 63, 64, 65, 66, 67, 70, 71, 72, 73, 74, 75, 76, 77, 78, 79, 80, 81, 82, 83, 84, 85, 86, 87, 88, 89, 90, 91, 92, 93, 94, 95, 96, 97, 98, 101, 102, 103, 104, 105, 106, 107, 108, 109, 110, 111, 112, 115, 116, 118, 130, 133, 136, 139, 143, 152, 156, 157, 159, 160, 161, 163, 165, 175, 185, 196, 197, 203, 204, 211, 212, 213, 214, 215, 216, 217, 224, 234, 235, 242, 252, 253, 260, 270, 271, 273, 283, 284, 287, 288, 295, 305, 306, 313, 323, 324, 331, 341, 342, 349, 359, 360, 361, 362, 369, 379, 380, 381, 391, 401, 402, 409, 419, 420, 427, 437, 438, 445, 453, 454, 455, 456, 459, 464, 466, 467, 473, 474, 480, 481, 488, 496, 497, 498, 499, 503, 506, 507, 509, 510, 516, 517, 524, 539, 540, 543], "summary": {"covered_lines": 186, "num_statements": 186, "percent_covered": 100.0, "percent_covered_display": "100.00", "missing_lines": 0, "excluded_lines": 0, "percent_statements_covered": 100.0, "percent_statements_covered_display": "100.00"}, "missing_lines": [], "excluded_lines": [], "functions": {"_to_lower_set": {"executed_lines": [12], "summary": {"covered_lines": 1, "num_statements": 1, "percent_covered": 100.0, "percent_covered_display": "100.00", "missing_lines": 0, "excluded_lines": 0, "percent_statements_covered": 100.0, "percent_statements_covered_display": "100.00"}, "missing_lines": [], "excluded_lines": []}, "_normalise_bool": {"executed_lines": [16, 17, 18, 19, 20, 21, 22, 23, 24, 25, 26, 27, 36, 37], "summary": {"covered_lines": 14, "num_statements": 14, "percent_covered": 100.0, "percent_covered_display": "100.00", "missing_lines": 0, "excluded_lines": 0, "percent_statements_covered": 100.0, "percent_statements_covered_display": "100.00"}, "missing_lines": [], "excluded_lines": []}, "_normalise_positive_int": {"executed_lines": [41, 42, 43, 44, 45, 46, 47, 48, 49, 50, 51, 52, 53, 54, 55, 56, 57, 58], "summary": {"covered_lines": 18, "num_statements": 18, "percent_covered": 100.0, "percent_covered_display": "100.00", "missing_lines": 0, "excluded_lines": 0, "percent_statements_covered": 100.0, "percent_statements_covered_display": "100.00"}, "missing_lines": [], "excluded_lines": []}, "_normalise_string": {"executed_lines": [62, 63, 64, 65, 66, 67], "summary": {"covered_lines": 6, "num_statements": 6, "percent_covered": 100.0, "percent_covered_display": "100.00", "missing_lines": 0, "excluded_lines": 0, "percent_statements_covered": 100.0, "percent_statements_covered_display": "100.00"}, "missing_lines": [], "excluded_lines": []}, "_collect_strings": {"executed_lines": [71, 72, 73, 74, 75, 76, 77, 78, 79, 80, 81, 82, 83, 84, 85, 86, 87, 88, 89, 90, 91, 92, 93, 94, 95, 96, 97, 98], "summary": {"covered_lines": 28, "num_statements": 28, "percent_covered": 100.0, "percent_covered_display": "100.00", "missing_lines": 0, "excluded_lines": 0, "percent_statements_covered": 100.0, "percent_statements_covered_display": "100.00"}, "missing_lines": [], "excluded_lines": []}, "_lookup_value": {"executed_lines": [102, 103, 104, 105, 106, 107, 108, 109, 110, 111, 112], "summary": {"covered_lines": 11, "num_statements": 11, "percent_covered": 100.0, "percent_covered_display": "100.00", "missing_lines": 0, "excluded_lines": 0, "percent_statements_covered": 100.0, "percent_statements_covered_display": "100.00"}, "missing_lines": [], "excluded_lines": []}, "RegulatoryComplianceValidator.__init__": {"executed_lines": [130, 133, 136, 139, 143, 152, 156, 157], "summary": {"covered_lines": 8, "num_statements": 8, "percent_covered": 100.0, "percent_covered_display": "100.00", "missing_lines": 0, "excluded_lines": 0, "percent_statements_covered": 100.0, "percent_statements_covered_display": "100.00"}, "missing_lines": [], "excluded_lines": []}, "RegulatoryComplianceValidator.validate": {"executed_lines": [160, 161, 163, 165, 175, 185, 196, 197, 203, 204, 211, 212, 213, 214, 215, 216, 217, 224, 234, 235, 242, 252, 253, 260, 270, 271, 273, 283, 284, 287, 288, 295, 305, 306, 313, 323, 324, 331, 341, 342, 349, 359, 360, 361, 362, 369, 379, 380, 381, 391, 401, 402, 409, 419, 420, 427, 437, 438, 445, 453, 454, 455, 456, 459, 464, 466, 467, 473, 474, 480, 481, 488, 496, 497, 498, 499, 503, 506, 507, 509, 510, 516, 517, 524, 539, 540], "summary": {"covered_lines": 86, "num_statements": 86, "percent_covered": 100.0, "percent_covered_display": "100.00", "missing_lines": 0, "excluded_lines": 0, "percent_statements_covered": 100.0, "percent_statements_covered_display": "100.00"}, "missing_lines": [], "excluded_lines": []}, "": {"executed_lines": [1, 3, 5, 6, 8, 11, 15, 40, 61, 70, 101, 115, 116, 118, 159, 543], "summary": {"covered_lines": 14, "num_statements": 14, "percent_covered": 100.0, "percent_covered_display": "100.00", "missing_lines": 0, "excluded_lines": 0, "percent_statements_covered": 100.0, "percent_statements_covered_display": "100.00"}, "missing_lines": [], "excluded_lines": []}}, "classes": {"RegulatoryComplianceValidator": {"executed_lines": [130, 133, 136, 139, 143, 152, 156, 157, 160, 161, 163, 165, 175, 185, 196, 197, 203, 204, 211, 212, 213, 214, 215, 216, 217, 224, 234, 235, 242, 252, 253, 260, 270, 271, 273, 283, 284, 287, 288, 295, 305, 306, 313, 323, 324, 331, 341, 342, 349, 359, 360, 361, 362, 369, 379, 380, 381, 391, 401, 402, 409, 419, 420, 427, 437, 438, 445, 453, 454, 455, 456, 459, 464, 466, 467, 473, 474, 480, 481, 488, 496, 497, 498, 499, 503, 506, 507, 509, 510, 516, 517, 524, 539, 540], "summary": {"covered_lines": 94, "num_statements": 94, "percent_covered": 100.0, "percent_covered_display": "100.00", "missing_lines": 0, "excluded_lines": 0, "percent_statements_covered": 100.0, "percent_statements_covered_display": "100.00"}, "missing_lines": [], "excluded_lines": []}, "": {"executed_lines": [1, 3, 5, 6, 8, 11, 12, 15, 16, 17, 18, 19, 20, 21, 22, 23, 24, 25, 26, 27, 36, 37, 40, 41, 42, 43, 44, 45, 46, 47, 48, 49, 50, 51, 52, 53, 54, 55, 56, 57, 58, 61, 62, 63, 64, 65, 66, 67, 70, 71, 72, 73, 74, 75, 76, 77, 78, 79, 80, 81, 82, 83, 84, 85, 86, 87, 88, 89, 90, 91, 92, 93, 94, 95, 96, 97, 98, 101, 102, 103, 104, 105, 106, 107, 108, 109, 110, 111, 112, 115, 116, 118, 159, 543], "summary": {"covered_lines": 92, "num_statements": 92, "percent_covered": 100.0, "percent_covered_display": "100.00", "missing_lines": 0, "excluded_lines": 0, "percent_statements_covered": 100.0, "percent_statements_covered_display": "100.00"}, "missing_lines": [], "excluded_lines": []}}}, "core/data/asset_catalog.py": {"executed_lines": [2, 18, 20, 21, 22, 23, 25, 26, 28, 35, 36, 38, 39, 42, 43, 44, 67, 68, 69, 70, 71, 72, 73, 74, 75, 77, 78, 79, 81, 83, 84, 86, 88, 93, 94, 95, 96, 100, 101, 105, 106, 107, 108, 110, 111, 112, 114, 116, 117, 118, 119, 120, 122, 124, 127, 130, 131, 133, 134, 135, 136, 137, 142, 150, 151, 152, 154, 155, 159, 160, 162, 163, 164, 165, 166, 168, 169, 170, 175, 185, 193, 195, 196, 198, 201, 202, 203, 206, 207, 209, 212, 213, 214, 215, 217, 224, 225, 229, 232, 233, 234, 236, 237, 238, 240, 246, 247, 248, 253, 254, 257, 258, 259, 261, 262, 263, 265, 268, 269, 270, 272, 273, 274, 275, 278, 279, 280, 282, 283, 284, 285, 287, 288, 289, 290, 291, 294, 295, 297, 319, 320, 322, 323, 324, 325, 326, 328, 329, 330, 331, 333, 334, 335, 336, 337, 339, 340, 343, 345, 347, 348, 350, 351, 352, 353, 354, 355, 356, 357, 360], "summary": {"covered_lines": 166, "num_statements": 181, "percent_covered": 91.71270718232044, "percent_covered_display": "91.71", "missing_lines": 15, "excluded_lines": 2, "percent_statements_covered": 91.71270718232044, "percent_statements_covered_display": "91.71"}, "missing_lines": [80, 85, 113, 138, 139, 156, 197, 230, 255, 292, 293, 338, 361, 362, 363], "excluded_lines": [171, 172], "functions": {"AssetRecord.__post_init__": {"executed_lines": [78, 79, 81, 83, 84, 86, 88, 93, 94, 95, 96, 100, 101, 105, 106, 107, 108], "summary": {"covered_lines": 17, "num_statements": 19, "percent_covered": 89.47368421052632, "percent_covered_display": "89.47", "missing_lines": 2, "excluded_lines": 0, "percent_statements_covered": 89.47368421052632, "percent_statements_covered_display": "89.47"}, "missing_lines": [80, 85], "excluded_lines": []}, "AssetRecord.set_name": {"executed_lines": [111, 112, 114], "summary": {"covered_lines": 3, "num_statements": 4, "percent_covered": 75.0, "percent_covered_display": "75.00", "missing_lines": 1, "excluded_lines": 0, "percent_statements_covered": 75.0, "percent_statements_covered_display": "75.00"}, "missing_lines": [113], "excluded_lines": []}, "AssetRecord.set_status": {"executed_lines": [117, 118, 119, 120, 122], "summary": {"covered_lines": 5, "num_statements": 5, "percent_covered": 100.0, "percent_covered_display": "100.00", "missing_lines": 0, "excluded_lines": 0, "percent_statements_covered": 100.0, "percent_statements_covered_display": "100.00"}, "missing_lines": [], "excluded_lines": []}, "AssetRecord.record_symbol": {"executed_lines": [127], "summary": {"covered_lines": 1, "num_statements": 1, "percent_covered": 100.0, "percent_covered_display": "100.00", "missing_lines": 0, "excluded_lines": 0, "percent_statements_covered": 100.0, "percent_statements_covered_display": "100.00"}, "missing_lines": [], "excluded_lines": []}, "AssetCatalog.__init__": {"executed_lines": [134, 135, 136, 137], "summary": {"covered_lines": 4, "num_statements": 6, "percent_covered": 66.66666666666667, "percent_covered_display": "66.67", "missing_lines": 2, "excluded_lines": 0, "percent_statements_covered": 66.66666666666667, "percent_statements_covered_display": "66.67"}, "missing_lines": [138, 139], "excluded_lines": []}, "AssetCatalog._bind_symbol": {"executed_lines": [150, 151, 152, 154, 155, 159, 160], "summary": {"covered_lines": 7, "num_statements": 8, "percent_covered": 87.5, "percent_covered_display": "87.50", "missing_lines": 1, "excluded_lines": 0, "percent_statements_covered": 87.5, "percent_statements_covered_display": "87.50"}, "missing_lines": [156], "excluded_lines": []}, "AssetCatalog._unbind_symbol": {"executed_lines": [163, 164, 165, 166], "summary": {"covered_lines": 4, "num_statements": 4, "percent_covered": 100.0, "percent_covered_display": "100.00", "missing_lines": 0, "excluded_lines": 0, "percent_statements_covered": 100.0, "percent_statements_covered_display": "100.00"}, "missing_lines": [], "excluded_lines": []}, "AssetCatalog._get_asset": {"executed_lines": [169, 170], "summary": {"covered_lines": 2, "num_statements": 2, "percent_covered": 100.0, "percent_covered_display": "100.00", "missing_lines": 0, "excluded_lines": 2, "percent_statements_covered": 100.0, "percent_statements_covered_display": "100.00"}, "missing_lines": [], "excluded_lines": [171, 172]}, "AssetCatalog.create_asset": {"executed_lines": [185, 193], "summary": {"covered_lines": 2, "num_statements": 2, "percent_covered": 100.0, "percent_covered_display": "100.00", "missing_lines": 0, "excluded_lines": 0, "percent_statements_covered": 100.0, "percent_statements_covered_display": "100.00"}, "missing_lines": [], "excluded_lines": []}, "AssetCatalog.register": {"executed_lines": [196, 198, 201, 202, 203, 206, 207, 209], "summary": {"covered_lines": 8, "num_statements": 9, "percent_covered": 88.88888888888889, "percent_covered_display": "88.89", "missing_lines": 1, "excluded_lines": 0, "percent_statements_covered": 88.88888888888889, "percent_statements_covered_display": "88.89"}, "missing_lines": [197], "excluded_lines": []}, "AssetCatalog.update_name": {"executed_lines": [213, 214, 215], "summary": {"covered_lines": 3, "num_statements": 3, "percent_covered": 100.0, "percent_covered_display": "100.00", "missing_lines": 0, "excluded_lines": 0, "percent_statements_covered": 100.0, "percent_statements_covered_display": "100.00"}, "missing_lines": [], "excluded_lines": []}, "AssetCatalog.update_primary_symbol": {"executed_lines": [224, 225, 229, 232, 233, 234, 236, 237, 238], "summary": {"covered_lines": 9, "num_statements": 10, "percent_covered": 90.0, "percent_covered_display": "90.00", "missing_lines": 1, "excluded_lines": 0, "percent_statements_covered": 90.0, "percent_statements_covered_display": "90.00"}, "missing_lines": [230], "excluded_lines": []}, "AssetCatalog.synchronize_venue_symbol": {"executed_lines": [246, 247, 248, 253, 254, 257, 258, 259, 261, 262, 263], "summary": {"covered_lines": 11, "num_statements": 12, "percent_covered": 91.66666666666667, "percent_covered_display": "91.67", "missing_lines": 1, "excluded_lines": 0, "percent_statements_covered": 91.66666666666667, "percent_statements_covered_display": "91.67"}, "missing_lines": [255], "excluded_lines": []}, "AssetCatalog.mark_delisted": {"executed_lines": [268, 269, 270], "summary": {"covered_lines": 3, "num_statements": 3, "percent_covered": 100.0, "percent_covered_display": "100.00", "missing_lines": 0, "excluded_lines": 0, "percent_statements_covered": 100.0, "percent_statements_covered_display": "100.00"}, "missing_lines": [], "excluded_lines": []}, "AssetCatalog.mark_active": {"executed_lines": [273, 274, 275], "summary": {"covered_lines": 3, "num_statements": 3, "percent_covered": 100.0, "percent_covered_display": "100.00", "missing_lines": 0, "excluded_lines": 0, "percent_statements_covered": 100.0, "percent_statements_covered_display": "100.00"}, "missing_lines": [], "excluded_lines": []}, "AssetCatalog._normalised_candidates": {"executed_lines": [279, 280, 282, 287, 288, 289, 290, 291, 294, 295], "summary": {"covered_lines": 10, "num_statements": 12, "percent_covered": 83.33333333333333, "percent_covered_display": "83.33", "missing_lines": 2, "excluded_lines": 0, "percent_statements_covered": 83.33333333333333, "percent_statements_covered_display": "83.33"}, "missing_lines": [292, 293], "excluded_lines": []}, "AssetCatalog._normalised_candidates._append": {"executed_lines": [283, 284, 285], "summary": {"covered_lines": 3, "num_statements": 3, "percent_covered": 100.0, "percent_covered_display": "100.00", "missing_lines": 0, "excluded_lines": 0, "percent_statements_covered": 100.0, "percent_statements_covered_display": "100.00"}, "missing_lines": [], "excluded_lines": []}, "AssetCatalog.resolve": {"executed_lines": [319, 320, 322, 323, 324, 325, 326, 328, 329, 330, 331, 333, 334, 335, 336, 337, 339, 340, 343, 345], "summary": {"covered_lines": 20, "num_statements": 21, "percent_covered": 95.23809523809524, "percent_covered_display": "95.24", "missing_lines": 1, "excluded_lines": 0, "percent_statements_covered": 95.23809523809524, "percent_statements_covered_display": "95.24"}, "missing_lines": [338], "excluded_lines": []}, "AssetCatalog.get": {"executed_lines": [348], "summary": {"covered_lines": 1, "num_statements": 1, "percent_covered": 100.0, "percent_covered_display": "100.00", "missing_lines": 0, "excluded_lines": 0, "percent_statements_covered": 100.0, "percent_statements_covered_display": "100.00"}, "missing_lines": [], "excluded_lines": []}, "AssetCatalog.get_display_symbol": {"executed_lines": [351, 352, 353, 354, 355, 356, 357], "summary": {"covered_lines": 7, "num_statements": 7, "percent_covered": 100.0, "percent_covered_display": "100.00", "missing_lines": 0, "excluded_lines": 0, "percent_statements_covered": 100.0, "percent_statements_covered_display": "100.00"}, "missing_lines": [], "excluded_lines": []}, "AssetCatalog.assets": {"executed_lines": [], "summary": {"covered_lines": 0, "num_statements": 3, "percent_covered": 0.0, "percent_covered_display": "0.00", "missing_lines": 3, "excluded_lines": 0, "percent_statements_covered": 0.0, "percent_statements_covered_display": "0.00"}, "missing_lines": [361, 362, 363], "excluded_lines": []}, "": {"executed_lines": [2, 18, 20, 21, 22, 23, 25, 26, 28, 35, 36, 38, 39, 42, 43, 44, 67, 68, 69, 70, 71, 72, 73, 74, 75, 77, 110, 116, 124, 130, 131, 133, 142, 162, 168, 175, 195, 212, 217, 240, 265, 272, 278, 297, 347, 350, 360], "summary": {"covered_lines": 43, "num_statements": 43, "percent_covered": 100.0, "percent_covered_display": "100.00", "missing_lines": 0, "excluded_lines": 0, "percent_statements_covered": 100.0, "percent_statements_covered_display": "100.00"}, "missing_lines": [], "excluded_lines": []}}, "classes": {"AssetStatus": {"executed_lines": [], "summary": {"covered_lines": 0, "num_statements": 0, "percent_covered": 100.0, "percent_covered_display": "100.00", "missing_lines": 0, "excluded_lines": 0, "percent_statements_covered": 100.0, "percent_statements_covered_display": "100.00"}, "missing_lines": [], "excluded_lines": []}, "AssetRecord": {"executed_lines": [78, 79, 81, 83, 84, 86, 88, 93, 94, 95, 96, 100, 101, 105, 106, 107, 108, 111, 112, 114, 117, 118, 119, 120, 122, 127], "summary": {"covered_lines": 26, "num_statements": 29, "percent_covered": 89.65517241379311, "percent_covered_display": "89.66
[...]
ry": {"covered_lines": 7, "num_statements": 9, "percent_covered": 77.77777777777777, "percent_covered_display": "77.78", "missing_lines": 2, "excluded_lines": 0, "percent_statements_covered": 77.77777777777777, "percent_statements_covered_display": "77.78"}, "missing_lines": [221, 222], "excluded_lines": []}, "PathValidator.validate_safe_path": {"executed_lines": [271, 274, 283, 284, 285, 292, 293, 294, 295, 297, 310], "summary": {"covered_lines": 11, "num_statements": 14, "percent_covered": 78.57142857142857, "percent_covered_display": "78.57", "missing_lines": 3, "excluded_lines": 0, "percent_statements_covered": 78.57142857142857, "percent_statements_covered_display": "78.57"}, "missing_lines": [298, 303, 304], "excluded_lines": []}, "CommandValidator.validate_command": {"executed_lines": [353, 354, 356, 358, 359, 366, 367, 368, 375, 386, 387, 388, 389, 395], "summary": {"covered_lines": 14, "num_statements": 14, "percent_covered": 100.0, "percent_covered_display": "100.00", "missing_lines": 0, "excluded_lines": 0, "percent_statements_covered": 100.0, "percent_statements_covered_display": "100.00"}, "missing_lines": [], "excluded_lines": []}, "validate_with_retry": {"executed_lines": [], "summary": {"covered_lines": 0, "num_statements": 12, "percent_covered": 0.0, "percent_covered_display": "0.00", "missing_lines": 12, "excluded_lines": 0, "percent_statements_covered": 0.0, "percent_statements_covered_display": "0.00"}, "missing_lines": [418, 420, 421, 422, 423, 424, 425, 426, 428, 430, 431, 432], "excluded_lines": []}, "": {"executed_lines": [1, 10, 12, 13, 14, 16, 18, 21, 22, 24, 38, 39, 44, 51, 52, 53, 91, 92, 98, 99, 152, 153, 198, 199, 246, 247, 252, 253, 313, 314, 321, 335, 336, 398, 439], "summary": {"covered_lines": 29, "num_statements": 29, "percent_covered": 100.0, "percent_covered_display": "100.00", "missing_lines": 0, "excluded_lines": 0, "percent_statements_covered": 100.0, "percent_statements_covered_display": "100.00"}, "missing_lines": [], "excluded_lines": []}}, "classes": {"ValidationError": {"executed_lines": [32, 33, 34, 35], "summary": {"covered_lines": 4, "num_statements": 4, "percent_covered": 100.0, "percent_covered_display": "100.00", "missing_lines": 0, "excluded_lines": 0, "percent_statements_covered": 100.0, "percent_statements_covered_display": "100.00"}, "missing_lines": [], "excluded_lines": []}, "TradingSymbolValidator": {"executed_lines": [66, 67, 72, 82, 83, 84, 88], "summary": {"covered_lines": 7, "num_statements": 7, "percent_covered": 100.0, "percent_covered_display": "100.00", "missing_lines": 0, "excluded_lines": 0, "percent_statements_covered": 100.0, "percent_statements_covered_display": "100.00"}, "missing_lines": [], "excluded_lines": []}, "NumericRangeValidator": {"executed_lines": [119, 120, 128, 129, 135, 136, 143, 144, 150, 173, 174, 182, 183, 189, 190, 196, 219, 220, 229, 230, 236, 237, 243], "summary": {"covered_lines": 23, "num_statements": 29, "percent_covered": 79.3103448275862, "percent_covered_display": "79.31", "missing_lines": 6, "excluded_lines": 0, "percent_statements_covered": 79.3103448275862, "percent_statements_covered_display": "79.31"}, "missing_lines": [121, 122, 175, 176, 221, 222], "excluded_lines": []}, "PathValidator": {"executed_lines": [271, 274, 283, 284, 285, 292, 293, 294, 295, 297, 310], "summary": {"covered_lines": 11, "num_statements": 14, "percent_covered": 78.57142857142857, "percent_covered_display": "78.57", "missing_lines": 3, "excluded_lines": 0, "percent_statements_covered": 78.57142857142857, "percent_statements_covered_display": "78.57"}, "missing_lines": [298, 303, 304], "excluded_lines": []}, "CommandValidator": {"executed_lines": [353, 354, 356, 358, 359, 366, 367, 368, 375, 386, 387, 388, 389, 395], "summary": {"covered_lines": 14, "num_statements": 14, "percent_covered": 100.0, "percent_covered_display": "100.00", "missing_lines": 0, "excluded_lines": 0, "percent_statements_covered": 100.0, "percent_statements_covered_display": "100.00"}, "missing_lines": [], "excluded_lines": []}, "": {"executed_lines": [1, 10, 12, 13, 14, 16, 18, 21, 22, 24, 38, 39, 44, 51, 52, 53, 91, 92, 98, 99, 152, 153, 198, 199, 246, 247, 252, 253, 313, 314, 321, 335, 336, 398, 439], "summary": {"covered_lines": 29, "num_statements": 41, "percent_covered": 70.73170731707317, "percent_covered_display": "70.73", "missing_lines": 12, "excluded_lines": 0, "percent_statements_covered": 70.73170731707317, "percent_statements_covered_display": "70.73"}, "missing_lines": [418, 420, 421, 422, 423, 424, 425, 426, 428, 430, 431, 432], "excluded_lines": []}}}, "core/tracing/distributed.py": {"executed_lines": [1, 10, 12, 13, 14, 15, 16, 17, 18, 20, 23, 24, 25, 26, 27, 41, 42, 46, 47, 48, 49, 50, 51, 52, 53, 54, 55, 56, 57, 60, 61, 64, 68, 70, 71, 72, 73, 74, 75, 78, 83, 114, 115, 116, 117, 120, 121, 122, 124, 125, 126, 127, 128, 129, 130, 131, 132, 133, 134, 137, 138, 139, 141, 142, 143, 146, 198, 210, 227, 242, 251, 259, 268, 271, 272, 278, 281, 282, 284, 287, 288, 308, 324, 336, 345, 373, 383, 389, 390, 423, 446, 447, 479, 480, 515, 525], "summary": {"covered_lines": 70, "num_statements": 278, "percent_covered": 25.179856115107913, "percent_covered_display": "25.18", "missing_lines": 208, "excluded_lines": 41, "percent_statements_covered": 25.179856115107913, "percent_statements_covered_display": "25.18"}, "missing_lines": [85, 88, 89, 91, 94, 95, 96, 97, 98, 99, 100, 101, 103, 104, 105, 106, 107, 151, 152, 153, 155, 157, 159, 163, 164, 165, 166, 168, 169, 170, 171, 173, 175, 176, 178, 180, 181, 183, 195, 201, 202, 204, 205, 206, 207, 211, 212, 214, 215, 216, 217, 218, 220, 222, 223, 224, 228, 229, 230, 231, 236, 243, 244, 245, 246, 247, 248, 253, 254, 255, 256, 263, 264, 265, 283, 295, 296, 297, 298, 299, 300, 301, 302, 304, 305, 311, 312, 314, 315, 317, 319, 320, 321, 325, 326, 327, 328, 329, 330, 331, 332, 333, 337, 338, 339, 340, 341, 342, 346, 347, 348, 349, 350, 351, 352, 353, 354, 356, 357, 359, 360, 361, 362, 363, 364, 365, 366, 367, 368, 369, 370, 376, 377, 378, 379, 380, 386, 396, 397, 398, 399, 400, 402, 403, 404, 405, 406, 409, 410, 411, 413, 414, 416, 417, 418, 420, 426, 427, 429, 430, 431, 432, 433, 434, 436, 438, 439, 454, 455, 456, 457, 458, 459, 461, 462, 463, 464, 465, 466, 468, 469, 471, 472, 473, 474, 475, 476, 489, 490, 491, 492, 494, 495, 496, 498, 499, 500, 501, 502, 507, 508, 509, 512, 518, 519, 520, 521, 522], "excluded_lines": [23, 24, 25, 26, 27, 28, 29, 30, 31, 32, 33, 34, 35, 36, 40, 41, 42, 46, 47, 48, 49, 50, 51, 52, 53, 54, 55, 56, 57, 113, 114, 115, 116, 117, 273, 274, 275, 503, 504, 510, 511], "functions": {"_default_correlation_id": {"executed_lines": [61], "summary": {"covered_lines": 1, "num_statements": 1, "percent_covered": 100.0, "percent_covered_display": "100.00", "missing_lines": 0, "excluded_lines": 0, "percent_statements_covered": 100.0, "percent_statements_covered_display": "100.00"}, "missing_lines": [], "excluded_lines": []}, "_DictSetter.set": {"executed_lines": [], "summary": {"covered_lines": 0, "num_statements": 1, "percent_covered": 0.0, "percent_covered_display": "0.00", "missing_lines": 1, "excluded_lines": 0, "percent_statements_covered": 0.0, "percent_statements_covered_display": "0.00"}, "missing_lines": [89], "excluded_lines": []}, "_DictGetter.get": {"executed_lines": [], "summary": {"covered_lines": 0, "num_statements": 7, "percent_covered": 0.0, "percent_covered_display": "0.00", "missing_lines": 7, "excluded_lines": 0, "percent_statements_covered": 0.0, "percent_statements_covered_display": "0.00"}, "missing_lines": [95, 96, 97, 98, 99, 100, 101], "excluded_lines": []}, "configure_distributed_tracing": {"executed_lines": [], "summary": {"covered_lines": 0, "num_statements": 22, "percent_covered": 0.0, "percent_covered_display": "0.00", "missing_lines": 22, "excluded_lines": 0, "percent_statements_covered": 0.0, "percent_statements_covered_display": "0.00"}, "missing_lines": [151, 152, 153, 155, 157, 159, 163, 164, 165, 166, 168, 169, 170, 171, 173, 175, 176, 178, 180, 181, 183, 195], "excluded_lines": []}, "shutdown_tracing": {"executed_lines": [], "summary": {"covered_lines": 0, "num_statements": 6, "percent_covered": 0.0, "percent_covered_display": "0.00", "missing_lines": 6, "excluded_lines": 0, "percent_statements_covered": 0.0, "percent_statements_covered_display": "0.00"}, "missing_lines": [201, 202, 204, 205, 206, 207], "excluded_lines": []}, "_build_sampler": {"executed_lines": [], "summary": {"covered_lines": 0, "num_statements": 11, "percent_covered": 0.0, "percent_covered_display": "0.00", "missing_lines": 11, "excluded_lines": 0, "percent_statements_covered": 0.0, "percent_statements_covered_display": "0.00"}, "missing_lines": [211, 212, 214, 215, 216, 217, 218, 220, 222, 223, 224], "excluded_lines": []}, "_build_jaeger_exporter": {"executed_lines": [], "summary": {"covered_lines": 0, "num_statements": 5, "percent_covered": 0.0, "percent_covered_display": "0.00", "missing_lines": 5, "excluded_lines": 0, "percent_statements_covered": 0.0, "percent_statements_covered_display": "0.00"}, "missing_lines": [228, 229, 230, 231, 236], "excluded_lines": []}, "_ensure_w3c_propagator": {"executed_lines": [], "summary": {"covered_lines": 0, "num_statements": 6, "percent_covered": 0.0, "percent_covered_display": "0.00", "missing_lines": 6, "excluded_lines": 0, "percent_statements_covered": 0.0, "percent_statements_covered_display": "0.00"}, "missing_lines": [243, 244, 245, 246, 247, 248], "excluded_lines": []}, "_update_correlation_header": {"executed_lines": [], "summary": {"covered_lines": 0, "num_statements": 4, "percent_covered": 0.0, "percent_covered_display": "0.00", "missing_lines": 4, "excluded_lines": 0, "percent_statements_covered": 0.0, "percent_statements_covered_display": "0.00"}, "missing_lines": [253, 254, 255, 256], "excluded_lines": []}, "set_correlation_id_generator": {"executed_lines": [], "summary": {"covered_lines": 0, "num_statements": 3, "percent_covered": 0.0, "percent_covered_display": "0.00", "missing_lines": 3, "excluded_lines": 0, "percent_statements_covered": 0.0, "percent_statements_covered_display": "0.00"}, "missing_lines": [263, 264, 265], "excluded_lines": []}, "generate_correlation_id": {"executed_lines": [271, 272], "summary": {"covered_lines": 2, "num_statements": 2, "percent_covered": 100.0, "percent_covered_display": "100.00", "missing_lines": 0, "excluded_lines": 3, "percent_statements_covered": 100.0, "percent_statements_covered_display": "100.00"}, "missing_lines": [], "excluded_lines": [273, 274, 275]}, "current_correlation_id": {"executed_lines": [281, 282, 284], "summary": {"covered_lines": 3, "num_statements": 4, "percent_covered": 75.0, "percent_covered_display": "75.00", "missing_lines": 1, "excluded_lines": 0, "percent_statements_covered": 75.0, "percent_statements_covered_display": "75.00"}, "missing_lines": [283], "excluded_lines": []}, "correlation_scope": {"executed_lines": [], "summary": {"covered_lines": 0, "num_statements": 10, "percent_covered": 0.0, "percent_covered_display": "0.00", "missing_lines": 10, "excluded_lines": 0, "percent_statements_covered": 0.0, "percent_statements_covered_display": "0.00"}, "missing_lines": [295, 296, 297, 298, 299, 300, 301, 302, 304, 305], "excluded_lines": []}, "inject_distributed_context": {"executed_lines": [], "summary": {"covered_lines": 0, "num_statements": 8, "percent_covered": 0.0, "percent_covered_display": "0.00", "missing_lines": 8, "excluded_lines": 0, "percent_statements_covered": 0.0, "percent_statements_covered_display": "0.00"}, "missing_lines": [311, 312, 314, 315, 317, 319, 320, 321], "excluded_lines": []}, "_first_correlation_value": {"executed_lines": [], "summary": {"covered_lines": 0, "num_statements": 9, "percent_covered": 0.0, "percent_covered_display": "0.00", "missing_lines": 9, "excluded_lines": 0, "percent_statements_covered": 0.0, "percent_statements_covered_display": "0.00"}, "missing_lines": [325, 326, 327, 328, 329, 330, 331, 332, 333], "excluded_lines": []}, "_inject_local_baggage": {"executed_lines": [], "summary": {"covered_lines": 0, "num_statements": 6, "percent_covered": 0.0, "percent_covered_display": "0.00", "missing_lines": 6, "excluded_lines": 0, "percent_statements_covered": 0.0, "percent_statements_covered_display": "0.00"}, "missing_lines": [337, 338, 339, 340, 341, 342], "excluded_lines": []}, "_extract_local_baggage": {"executed_lines": [], "summary": {"covered_lines": 0, "num_statements": 23, "percent_covered": 0.0, "percent_covered_display": "0.00", "missing_lines": 23, "excluded_lines": 0, "percent_statements_covered": 0.0, "percent_statements_covered_display": "0.00"}, "missing_lines": [346, 347, 348, 349, 350, 351, 352, 353, 354, 356, 357, 359, 360, 361, 362, 363, 364, 365, 366, 367, 368, 369, 370], "excluded_lines": []}, "current_baggage": {"executed_lines": [], "summary": {"covered_lines": 0, "num_statements": 5, "percent_covered": 0.0, "percent_covered_display": "0.00", "missing_lines": 5, "excluded_lines": 0, "percent_statements_covered": 0.0, "percent_statements_covered_display": "0.00"}, "missing_lines": [376, 377, 378, 379, 380], "excluded_lines": []}, "get_baggage_item": {"executed_lines": [], "summary": {"covered_lines": 0, "num_statements": 1, "percent_covered": 0.0, "percent_covered_display": "0.00", "missing_lines": 1, "excluded_lines": 0, "percent_statements_covered": 0.0, "percent_statements_covered_display": "0.00"}, "missing_lines": [386], "excluded_lines": []}, "baggage_scope": {"executed_lines": [], "summary": {"covered_lines": 0, "num_statements": 19, "percent_covered": 0.0, "percent_covered_display": "0.00", "missing_lines": 19, "excluded_lines": 0, "percent_statements_covered": 0.0, "percent_statements_covered_display": "0.00"}, "missing_lines": [396, 397, 398, 399, 400, 402, 403, 404, 405, 406, 409, 410, 411, 413, 414, 416, 417, 418, 420], "excluded_lines": []}, "extract_distributed_context": {"executed_lines": [], "summary": {"covered_lines": 0, "num_statements": 11, "percent_covered": 0.0, "percent_covered_display": "0.00", "missing_lines": 11, "excluded_lines": 0, "percent_statements_covered": 0.0, "percent_statements_covered_display": "0.00"}, "missing_lines": [426, 427, 429, 430, 431, 432, 433, 434, 436, 438, 439], "excluded_lines": []}, "activate_distributed_context": {"executed_lines": [], "summary": {"covered_lines": 0, "num_statements": 20, "percent_covered": 0.0, "percent_covered_display": "0.00", "missing_lines": 20, "excluded_lines": 0, "percent_statements_covered": 0.0, "percent_statements_covered_display": "0.00"}, "missing_lines": [454, 455, 456, 457, 458, 459, 461, 462, 463, 464, 465, 466, 468, 469, 471, 472, 473, 474, 475, 476], "excluded_lines": []}, "start_distributed_span": {"executed_lines": [], "summary": {"covered_lines": 0, "num_statements": 16, "percent_covered": 0.0, "percent_covered_display": "0.00", "missing_lines": 16, "excluded_lines": 4, "percent_statements_covered": 0.0, "percent_statements_covered_display": "0.00"}, "missing_lines": [489, 490, 491, 492, 494, 495, 496, 498, 499, 500, 501, 502, 507, 508, 509, 512], "excluded_lines": [503, 504, 510, 511]}, "traceparent_header": {"executed_lines": [], "summary": {"covered_lines": 0, "num_statements": 5, "percent_covered": 0.0, "percent_covered_display": "0.00", "missing_lines": 5, "excluded_lines": 0, "percent_statements_covered": 0.0, "percent_statements_covered_display": "0.00"}, "missing_lines": [518, 519, 520, 521, 522], "excluded_lines": []}, "": {"executed_lines": [1, 10, 12, 13, 14, 15, 16, 17, 18, 20, 23, 24, 25, 26, 27, 41, 42, 46, 47, 48, 49, 50, 51, 52, 53, 54, 55, 56, 57, 60, 64, 68, 70, 71, 72, 73, 74, 75, 78, 83, 114, 115, 116, 117, 120, 121, 122, 124, 125, 126, 127, 128, 129, 130, 131, 132, 133, 134, 137, 138, 139, 141, 142, 143, 146, 198, 210, 227, 242, 251, 259, 268, 278, 287, 288, 308, 324, 336, 345, 373, 383, 389, 390, 423, 446, 447, 479, 480, 515, 525], "summary": {"covered_lines": 64, "num_statements": 73, "percent_covered": 87.67123287671232, "percent_covered_display": "87.67", "missing_lines": 9, "excluded_lines": 34, "percent_statements_covered": 87.67123287671232, "percent_statements_covered_display": "87.67"}, "missing_lines": [85, 88, 91, 94, 103, 104, 105, 106, 107], "excluded_lines": [23, 24, 25, 26, 27, 28, 29, 30, 31, 32, 33, 34, 35, 36, 40, 41, 42, 46, 47, 48, 49, 50, 51, 52, 53, 54, 55, 56, 57, 113, 114, 115, 116, 117]}}, "classes": {"_DictSetter": {"executed_lines": [], "summary": {"covered_lines": 0, "num_statements": 1, "percent_covered": 0.0, "percent_covered_display": "0.00", "missing_lines": 1, "excluded_lines": 0, "percent_statements_covered": 0.0, "percent_statements_covered_display": "0.00"}, "missing_lines": [89], "excluded_lines": []}, "_DictGetter": {"executed_lines": [], "summary": {"covered_lines": 0, "num_statements": 7, "percent_covered": 0.0, "percent_covered_display": "0.00", "missing_lines": 7, "excluded_lines": 0, "percent_statements_covered": 0.0, "percent_statements_covered_display": "0.00"}, "missing_lines": [95, 96, 97, 98, 99, 100, 101], "excluded_lines": []}, "DistributedTracingConfig": {"executed_lines": [], "summary": {"covered_lines": 0, "num_statements": 0, "percent_covered": 100.0, "percent_covered_display": "100.00", "missing_lines": 0, "excluded_lines": 0, "percent_statements_covered": 100.0, "percent_statements_covered_display": "100.00"}, "missing_lines": [], "excluded_lines": []}, "ExtractedContext": {"executed_lines": [], "summary": {"covered_lines": 0, "num_statements": 0, "percent_covered": 100.0, "percent_covered_display": "100.00", "missing_lines": 0, "excluded_lines": 0, "percent_statements_covered": 100.0, "percent_statements_covered_display": "100.00"}, "missing_lines": [], "excluded_lines": []}, "": {"executed_lines": [1, 10, 12, 13, 14, 15, 16, 17, 18, 20, 23, 24, 25, 26, 27, 41, 42, 46, 47, 48, 49, 50, 51, 52, 53, 54, 55, 56, 57, 60, 61, 64, 68, 70, 71, 72, 73, 74, 75, 78, 83, 114, 115, 116, 117, 120, 121, 122, 124, 125, 126, 127, 128, 129, 130, 131, 132, 133, 134, 137, 138, 139, 141, 142, 143, 146, 198, 210, 227, 242, 251, 259, 268, 271, 272, 278, 281, 282, 284, 287, 288, 308, 324, 336, 345, 373, 383, 389, 390, 423, 446, 447, 479, 480, 515, 525], "summary": {"covered_lines": 70, "num_statements": 270, "percent_covered": 25.925925925925927, "percent_covered_display": "25.93", "missing_lines": 200, "excluded_lines": 41, "percent_statements_covered": 25.925925925925927, "percent_statements_covered_display": "25.93"}, "missing_lines": [85, 88, 91, 94, 103, 104, 105, 106, 107, 151, 152, 153, 155, 157, 159, 163, 164, 165, 166, 168, 169, 170, 171, 173, 175, 176, 178, 180, 181, 183, 195, 201, 202, 204, 205, 206, 207, 211, 212, 214, 215, 216, 217, 218, 220, 222, 223, 224, 228, 229, 230, 231, 236, 243, 244, 245, 246, 247, 248, 253, 254, 255, 256, 263, 264, 265, 283, 295, 296, 297, 298, 299, 300, 301, 302, 304, 305, 311, 312, 314, 315, 317, 319, 320, 321, 325, 326, 327, 328, 329, 330, 331, 332, 333, 337, 338, 339, 340, 341, 342, 346, 347, 348, 349, 350, 351, 352, 353, 354, 356, 357, 359, 360, 361, 362, 363, 364, 365, 366, 367, 368, 369, 370, 376, 377, 378, 379, 380, 386, 396, 397, 398, 399, 400, 402, 403, 404, 405, 406, 409, 410, 411, 413, 414, 416, 417, 418, 420, 426, 427, 429, 430, 431, 432, 433, 434, 436, 438, 439, 454, 455, 456, 457, 458, 459, 461, 462, 463, 464, 465, 466, 468, 469, 471, 472, 473, 474, 475, 476, 489, 490, 491, 492, 494, 495, 496, 498, 499, 500, 501, 502, 507, 508, 509, 512, 518, 519, 520, 521, 522], "excluded_lines": [23, 24, 25, 26, 27, 28, 29, 30, 31, 32, 33, 34, 35, 36, 40, 41, 42, 46, 47, 48, 49, 50, 51, 52, 53, 54, 55, 56, 57, 113, 114, 115, 116, 117, 273, 274, 275, 503, 504, 510, 511]}}}}, "totals": {"covered_lines": 7118, "num_statements": 8517, "percent_covered": 83.57402841376071, "percent_covered_display": "83.57", "missing_lines": 1399, "excluded_lines": 359, "percent_statements_covered": 83.57402841376071, "percent_statements_covered_display": "83.57"}}