{"meta": {"format": 3, "version": "7.11.0", "timestamp": "2025-11-04T08:54:37.344137", "branch_coverage": false, "show_contexts": false}, "files": {"core/compliance/mifid2.py": {"executed_lines": [1, 3, 5, 6, 7, 8, 9, 10, 12, 15, 16, 17, 18, 19, 20, 21, 23, 33, 34, 35, 36, 37, 38, 39, 40, 43, 44, 45, 46, 47, 48, 49, 50, 51, 52, 54, 67, 68, 69, 71, 75, 76, 77, 78, 79, 80, 83, 84, 85, 86, 87, 90, 91, 93, 108, 120, 157, 161, 170, 173, 190, 199, 206, 220, 230, 240, 248], "summary": {"covered_lines": 65, "num_statements": 125, "percent_covered": 52.0, "percent_covered_display": "52.00", "missing_lines": 60, "excluded_lines": 0}, "missing_lines": [24, 55, 72, 99, 100, 101, 102, 103, 104, 105, 106, 109, 116, 117, 118, 134, 135, 145, 153, 154, 155, 158, 159, 162, 167, 168, 171, 179, 180, 181, 182, 183, 184, 185, 186, 187, 188, 191, 200, 207, 208, 215, 216, 217, 218, 221, 222, 223, 224, 225, 226, 227, 228, 231, 232, 233, 234, 235, 236, 241], "excluded_lines": [], "functions": {"OrderAuditTrail.to_dict": {"executed_lines": [], "summary": {"covered_lines": 0, "num_statements": 1, "percent_covered": 0.0, "percent_covered_display": "0.00", "missing_lines": 1, "excluded_lines": 0}, "missing_lines": [24], "excluded_lines": []}, "TransactionReport.to_dict": {"executed_lines": [], "summary": {"covered_lines": 0, "num_statements": 1, "percent_covered": 0.0, "percent_covered_display": "0.00", "missing_lines": 1, "excluded_lines": 0}, "missing_lines": [55], "excluded_lines": []}, "MiFID2RetentionPolicy.retention_delta": {"executed_lines": [], "summary": {"covered_lines": 0, "num_statements": 1, "percent_covered": 0.0, "percent_covered_display": "0.00", "missing_lines": 1, "excluded_lines": 0}, "missing_lines": [72], "excluded_lines": []}, "MiFID2Reporter.__init__": {"executed_lines": [], "summary": {"covered_lines": 0, "num_statements": 8, "percent_covered": 0.0, "percent_covered_display": "0.00", "missing_lines": 8, "excluded_lines": 0}, "missing_lines": [99, 100, 101, 102, 103, 104, 105, 106], "excluded_lines": []}, "MiFID2Reporter.record_order": {"executed_lines": [], "summary": {"covered_lines": 0, "num_statements": 4, "percent_covered": 0.0, "percent_covered_display": "0.00", "missing_lines": 4, "excluded_lines": 0}, "missing_lines": [109, 116, 117, 118], "excluded_lines": []}, "MiFID2Reporter.record_execution": {"executed_lines": [], "summary": {"covered_lines": 0, "num_statements": 6, "percent_covered": 0.0, "percent_covered_display": "0.00", "missing_lines": 6, "excluded_lines": 0}, "missing_lines": [134, 135, 145, 153, 154, 155], "excluded_lines": []}, "MiFID2Reporter.synchronise_clock": {"executed_lines": [], "summary": {"covered_lines": 0, "num_statements": 2, "percent_covered": 0.0, "percent_covered_display": "0.00", "missing_lines": 2, "excluded_lines": 0}, "missing_lines": [158, 159], "excluded_lines": []}, "MiFID2Reporter.best_execution_breaches": {"executed_lines": [], "summary": {"covered_lines": 0, "num_statements": 3, "percent_covered": 0.0, "percent_covered_display": "0.00", "missing_lines": 3, "excluded_lines": 0}, "missing_lines": [162, 167, 168], "excluded_lines": []}, "MiFID2Reporter.market_abuse_signals": {"executed_lines": [], "summary": {"covered_lines": 0, "num_statements": 1, "percent_covered": 0.0, "percent_covered_display": "0.00", "missing_lines": 1, "excluded_lines": 0}, "missing_lines": [171], "excluded_lines": []}, "MiFID2Reporter.position_limit_breaches": {"executed_lines": [], "summary": {"covered_lines": 0, "num_statements": 10, "percent_covered": 0.0, "percent_covered_display": "0.00", "missing_lines": 10, "excluded_lines": 0}, "missing_lines": [179, 180, 181, 182, 183, 184, 185, 186, 187, 188], "excluded_lines": []}, "MiFID2Reporter.health_summary": {"executed_lines": [], "summary": {"covered_lines": 0, "num_statements": 1, "percent_covered": 0.0, "percent_covered_display": "0.00", "missing_lines": 1, "excluded_lines": 0}, "missing_lines": [191], "excluded_lines": []}, "MiFID2Reporter.snapshot": {"executed_lines": [], "summary": {"covered_lines": 0, "num_statements": 1, "percent_covered": 0.0, "percent_covered_display": "0.00", "missing_lines": 1, "excluded_lines": 0}, "missing_lines": [200], "excluded_lines": []}, "MiFID2Reporter.export": {"executed_lines": [], "summary": {"covered_lines": 0, "num_statements": 6, "percent_covered": 0.0, "percent_covered_display": "0.00", "missing_lines": 6, "excluded_lines": 0}, "missing_lines": [207, 208, 215, 216, 217, 218], "excluded_lines": []}, "MiFID2Reporter._apply_retention": {"executed_lines": [], "summary": {"covered_lines": 0, "num_statements": 8, "percent_covered": 0.0, "percent_covered_display": "0.00", "missing_lines": 8, "excluded_lines": 0}, "missing_lines": [221, 222, 223, 224, 225, 226, 227, 228], "excluded_lines": []}, "MiFID2Reporter._analyse_market_abuse": {"executed_lines": [], "summary": {"covered_lines": 0, "num_statements": 6, "percent_covered": 0.0, "percent_covered_display": "0.00", "missing_lines": 6, "excluded_lines": 0}, "missing_lines": [231, 232, 233, 234, 235, 236], "excluded_lines": []}, "MiFID2Reporter.generate_regulatory_report": {"executed_lines": [], "summary": {"covered_lines": 0, "num_statements": 1, "percent_covered": 0.0, "percent_covered_display": "0.00", "missing_lines": 1, "excluded_lines": 0}, "missing_lines": [241], "excluded_lines": []}, "": {"executed_lines": [1, 3, 5, 6, 7, 8, 9, 10, 12, 15, 16, 17, 18, 19, 20, 21, 23, 33, 34, 35, 36, 37, 38, 39, 40, 43, 44, 45, 46, 47, 48, 49, 50, 51, 52, 54, 67, 68, 69, 71, 75, 76, 77, 78, 79, 80, 83, 84, 85, 86, 87, 90, 91, 93, 108, 120, 157, 161, 170, 173, 190, 199, 206, 220, 230, 240, 248], "summary": {"covered_lines": 65, "num_statements": 65, "percent_covered": 100.0, "percent_covered_display": "100.00", "missing_lines": 0, "excluded_lines": 0}, "missing_lines": [], "excluded_lines": []}}, "classes": {"OrderAuditTrail": {"executed_lines": [], "summary": {"covered_lines": 0, "num_statements": 1, "percent_covered": 0.0, "percent_covered_display": "0.00", "missing_lines": 1, "excluded_lines": 0}, "missing_lines": [24], "excluded_lines": []}, "ExecutionQuality": {"executed_lines": [], "summary": {"covered_lines": 0, "num_statements": 0, "percent_covered": 100.0, "percent_covered_display": "100.00", "missing_lines": 0, "excluded_lines": 0}, "missing_lines": [], "excluded_lines": []}, "TransactionReport": {"executed_lines": [], "summary": {"covered_lines": 0, "num_statements": 1, "percent_covered": 0.0, "percent_covered_display": "0.00", "missing_lines": 1, "excluded_lines": 0}, "missing_lines": [55], "excluded_lines": []}, "MiFID2RetentionPolicy": {"executed_lines": [], "summary": {"covered_lines": 0, "num_statements": 1, "percent_covered": 0.0, "percent_covered_display": "0.00", "missing_lines": 1, "excluded_lines": 0}, "missing_lines": [72], "excluded_lines": []}, "ComplianceSnapshot": {"executed_lines": [], "summary": {"covered_lines": 0, "num_statements": 0, "percent_covered": 100.0, "percent_covered_display": "100.00", "missing_lines": 0, "excluded_lines": 0}, "missing_lines": [], "excluded_lines": []}, "MarketAbuseSignal": {"executed_lines": [], "summary": {"covered_lines": 0, "num_statements": 0, "percent_covered": 100.0, "percent_covered_display": "100.00", "missing_lines": 0, "excluded_lines": 0}, "missing_lines": [], "excluded_lines": []}, "MiFID2Reporter": {"executed_lines": [], "summary": {"covered_lines": 0, "num_statements": 57, "percent_covered": 0.0, "percent_covered_display": "0.00", "missing_lines": 57, "excluded_lines": 0}, "missing_lines": [99, 100, 101, 102, 103, 104, 105, 106, 109, 116, 117, 118, 134, 135, 145, 153, 154, 155, 158, 159, 162, 167, 168, 171, 179, 180, 181, 182, 183, 184, 185, 186, 187, 188, 191, 200, 207, 208, 215, 216, 217, 218, 221, 222, 223, 224, 225, 226, 227, 228, 231, 232, 233, 234, 235, 236, 241], "excluded_lines": []}, "": {"executed_lines": [1, 3, 5, 6, 7, 8, 9, 10, 12, 15, 16, 17, 18, 19, 20, 21, 23, 33, 34, 35, 36, 37, 38, 39, 40, 43, 44, 45, 46, 47, 48, 49, 50, 51, 52, 54, 67, 68, 69, 71, 75, 76, 77, 78, 79, 80, 83, 84, 85, 86, 87, 90, 91, 93, 108, 120, 157, 161, 170, 173, 190, 199, 206, 220, 230, 240, 248], "summary": {"covered_lines": 65, "num_statements": 65, "percent_covered": 100.0, "percent_covered_display": "100.00", "missing_lines": 0, "excluded_lines": 0}, "missing_lines": [], "excluded_lines": []}}}, "core/compliance/models.py": {"executed_lines": [1, 3, 5, 6, 9, 10, 11, 13, 14, 17, 18, 19, 21, 22, 23, 26], "summary": {"covered_lines": 13, "num_statements": 13, "percent_covered": 100.0, "percent_covered_display": "100.00", "missing_lines": 0, "excluded_lines": 0}, "missing_lines": [], "excluded_lines": [], "functions": {"": {"executed_lines": [1, 3, 5, 6, 9, 10, 11, 13, 14, 17, 18, 19, 21, 22, 23, 26], "summary": {"covered_lines": 13, "num_statements": 13, "percent_covered": 100.0, "percent_covered_display": "100.00", "missing_lines": 0, "excluded_lines": 0}, "missing_lines": [], "excluded_lines": []}}, "classes": {"ComplianceIssue": {"executed_lines": [], "summary": {"covered_lines": 0, "num_statements": 0, "percent_covered": 100.0, "percent_covered_display": "100.00", "missing_lines": 0, "excluded_lines": 0}, "missing_lines": [], "excluded_lines": []}, "ComplianceReport": {"executed_lines": [], "summary": {"covered_lines": 0, "num_statements": 0, "percent_covered": 100.0, "percent_covered_display": "100.00", "missing_lines": 0, "excluded_lines": 0}, "missing_lines": [], "excluded_lines": []}, "": {"executed_lines": [1, 3, 5, 6, 9, 10, 11, 13, 14, 17, 18, 19, 21, 22, 23, 26], "summary": {"covered_lines": 13, "num_statements": 13, "percent_covered": 100.0, "percent_covered_display": "100.00", "missing_lines": 0, "excluded_lines": 0}, "missing_lines": [], "excluded_lines": []}}}, "core/compliance/regulatory.py": {"executed_lines": [1, 3, 5, 6, 8, 11, 12, 15, 16, 17, 18, 19, 20, 21, 22, 23, 24, 25, 26, 27, 28, 29, 32, 33, 34, 35, 36, 37, 38, 39, 40, 41, 42, 43, 44, 45, 46, 47, 48, 49, 50, 53, 54, 55, 56, 57, 58, 59, 62, 63, 64, 65, 66, 67, 68, 69, 70, 71, 72, 73, 74, 75, 76, 77, 78, 79, 80, 81, 82, 83, 84, 85, 86, 87, 88, 89, 90, 93, 94, 95, 96, 97, 98, 99, 100, 101, 102, 103, 104, 107, 108, 110, 122, 123, 124, 125, 129, 138, 142, 143, 145, 146, 147, 149, 151, 161, 171, 182, 183, 189, 190, 197, 198, 199, 200, 201, 202, 203, 210, 220, 221, 228, 238, 239, 246, 256, 257, 259, 269, 270, 271, 272, 279, 289, 290, 297, 307, 308, 315, 325, 326, 333, 343, 344, 345, 346, 353, 363, 364, 365, 373, 383, 384, 391, 401, 402, 409, 419, 420, 427, 435, 436, 437, 438, 441, 445, 447, 448, 454, 455, 461, 462, 469, 477, 478, 479, 480, 483, 486, 487, 489, 490, 496, 497, 504, 517, 518, 521], "summary": {"covered_lines": 186, "num_statements": 186, "percent_covered": 100.0, "percent_covered_display": "100.00", "missing_lines": 0, "excluded_lines": 0}, "missing_lines": [], "excluded_lines": [], "functions": {"_to_lower_set": {"executed_lines": [12], "summary": {"covered_lines": 1, "num_statements": 1, "percent_covered": 100.0, "percent_covered_display": "100.00", "missing_lines": 0, "excluded_lines": 0}, "missing_lines": [], "excluded_lines": []}, "_normalise_bool": {"executed_lines": [16, 17, 18, 19, 20, 21, 22, 23, 24, 25, 26, 27, 28, 29], "summary": {"covered_lines": 14, "num_statements": 14, "percent_covered": 100.0, "percent_covered_display": "100.00", "missing_lines": 0, "excluded_lines": 0}, "missing_lines": [], "excluded_lines": []}, "_normalise_positive_int": {"executed_lines": [33, 34, 35, 36, 37, 38, 39, 40, 41, 42, 43, 44, 45, 46, 47, 48, 49, 50], "summary": {"covered_lines": 18, "num_statements": 18, "percent_covered": 100.0, "percent_covered_display": "100.00", "missing_lines": 0, "excluded_lines": 0}, "missing_lines": [], "excluded_lines": []}, "_normalise_string": {"executed_lines": [54, 55, 56, 57, 58, 59], "summary": {"covered_lines": 6, "num_statements": 6, "percent_covered": 100.0, "percent_covered_display": "100.00", "missing_lines": 0, "excluded_lines": 0}, "missing_lines": [], "excluded_lines": []}, "_collect_strings": {"executed_lines": [63, 64, 65, 66, 67, 68, 69, 70, 71, 72, 73, 74, 75, 76, 77, 78, 79, 80, 81, 82, 83, 84, 85, 86, 87, 88, 89, 90], "summary": {"covered_lines": 28, "num_statements": 28, "percent_covered": 100.0, "percent_covered_display": "100.00", "missing_lines": 0, "excluded_lines": 0}, "missing_lines": [], "excluded_lines": []}, "_lookup_value": {"executed_lines": [94, 95, 96, 97, 98, 99, 100, 101, 102, 103, 104], "summary": {"covered_lines": 11, "num_statements": 11, "percent_covered": 100.0, "percent_covered_display": "100.00", "missing_lines": 0, "excluded_lines": 0}, "missing_lines": [], "excluded_lines": []}, "RegulatoryComplianceValidator.__init__": {"executed_lines": [122, 123, 124, 125, 129, 138, 142, 143], "summary": {"covered_lines": 8, "num_statements": 8, "percent_covered": 100.0, "percent_covered_display": "100.00", "missing_lines": 0, "excluded_lines": 0}, "missing_lines": [], "excluded_lines": []}, "RegulatoryComplianceValidator.validate": {"executed_lines": [146, 147, 149, 151, 161, 171, 182, 183, 189, 190, 197, 198, 199, 200, 201, 202, 203, 210, 220, 221, 228, 238, 239, 246, 256, 257, 259, 269, 270, 271, 272, 279, 289, 290, 297, 307, 308, 315, 325, 326, 333, 343, 344, 345, 346, 353, 363, 364, 365, 373, 383, 384, 391, 401, 402, 409, 419, 420, 427, 435, 436, 437, 438, 441, 445, 447, 448, 454, 455, 461, 462, 469, 477, 478, 479, 480, 483, 486, 487, 489, 490, 496, 497, 504, 517, 518], "summary": {"covered_lines": 86, "num_statements": 86, "percent_covered": 100.0, "percent_covered_display": "100.00", "missing_lines": 0, "excluded_lines": 0}, "missing_lines": [], "excluded_lines": []}, "": {"executed_lines": [1, 3, 5, 6, 8, 11, 15, 32, 53, 62, 93, 107, 108, 110, 145, 521], "summary": {"covered_lines": 14, "num_statements": 14, "percent_covered": 100.0, "percent_covered_display": "100.00", "missing_lines": 0, "excluded_lines": 0}, "missing_lines": [], "excluded_lines": []}}, "classes": {"RegulatoryComplianceValidator": {"executed_lines": [122, 123, 124, 125, 129, 138, 142, 143, 146, 147, 149, 151, 161, 171, 182, 183, 189, 190, 197, 198, 199, 200, 201, 202, 203, 210, 220, 221, 228, 238, 239, 246, 256, 257, 259, 269, 270, 271, 272, 279, 289, 290, 297, 307, 308, 315, 325, 326, 333, 343, 344, 345, 346, 353, 363, 364, 365, 373, 383, 384, 391, 401, 402, 409, 419, 420, 427, 435, 436, 437, 438, 441, 445, 447, 448, 454, 455, 461, 462, 469, 477, 478, 479, 480, 483, 486, 487, 489, 490, 496, 497, 504, 517, 518], "summary": {"covered_lines": 94, "num_statements": 94, "percent_covered": 100.0, "percent_covered_display": "100.00", "missing_lines": 0, "excluded_lines": 0}, "missing_lines": [], "excluded_lines": []}, "": {"executed_lines": [1, 3, 5, 6, 8, 11, 12, 15, 16, 17, 18, 19, 20, 21, 22, 23, 24, 25, 26, 27, 28, 29, 32, 33, 34, 35, 36, 37, 38, 39, 40, 41, 42, 43, 44, 45, 46, 47, 48, 49, 50, 53, 54, 55, 56, 57, 58, 59, 62, 63, 64, 65, 66, 67, 68, 69, 70, 71, 72, 73, 74, 75, 76, 77, 78, 79, 80, 81, 82, 83, 84, 85, 86, 87, 88, 89, 90, 93, 94, 95, 96, 97, 98, 99, 100, 101, 102, 103, 104, 107, 108, 110, 145, 521], "summary": {"covered_lines": 92, "num_statements": 92, "percent_covered": 100.0, "percent_covered_display": "100.00", "missing_lines": 0, "excluded_lines": 0}, "missing_lines": [], "excluded_lines": []}}}, "core/data/asset_catalog.py": {"executed_lines": [2, 18, 20, 21, 22, 23, 25, 26, 28, 35, 36, 38, 39, 42, 43, 44, 67, 68, 69, 70, 71, 72, 73, 74, 75, 77, 78, 79, 81, 83, 84, 86, 88, 93, 94, 95, 96, 100, 101, 105, 106, 107, 108, 110, 111, 112, 114, 116, 117, 118, 119, 120, 122, 124, 127, 130, 131, 133, 134, 135, 136, 137, 142, 150, 151, 152, 154, 155, 159, 160, 162, 163, 164, 165, 166, 168, 169, 170, 175, 185, 193, 195, 196, 198, 201, 202, 203, 206, 207, 209, 212, 213, 214, 215, 217, 224, 225, 229, 232, 233, 234, 236, 237, 238, 240, 246, 247, 248, 253, 254, 257, 258, 259, 261, 262, 263, 265, 266, 267, 268, 270, 271, 272, 273, 276, 277, 278, 280, 281, 282, 283, 285, 286, 287, 288, 289, 292, 293, 295, 317, 318, 320, 321, 322, 323, 324, 326, 327, 328, 329, 331, 332, 333, 334, 335, 337, 338, 341, 343, 345, 346, 348, 349, 350, 351, 352, 353, 354, 355, 358], "summary": {"covered_lines": 166, "num_statements": 181, "percent_covered": 91.71270718232044, "percent_covered_display": "91.71", "missing_lines": 15, "excluded_lines": 2}, "missing_lines": [80, 85, 113, 138, 139, 156, 197, 230, 255, 290, 291, 336, 359, 360, 361], "excluded_lines": [171, 172], "functions": {"AssetRecord.__post_init__": {"executed_lines": [78, 79, 81, 83, 84, 86, 88, 93, 94, 95, 96, 100, 101, 105, 106, 107, 108], "summary": {"covered_lines": 17, "num_statements": 19, "percent_covered": 89.47368421052632, "percent_covered_display": "89.47", "missing_lines": 2, "excluded_lines": 0}, "missing_lines": [80, 85], "excluded_lines": []}, "AssetRecord.set_name": {"executed_lines": [111, 112, 114], "summary": {"covered_lines": 3, "num_statements": 4, "percent_covered": 75.0, "percent_covered_display": "75.00", "missing_lines": 1, "excluded_lines": 0}, "missing_lines": [113], "excluded_lines": []}, "AssetRecord.set_status": {"executed_lines": [117, 118, 119, 120, 122], "summary": {"covered_lines": 5, "num_statements": 5, "percent_covered": 100.0, "percent_covered_display": "100.00", "missing_lines": 0, "excluded_lines": 0}, "missing_lines": [], "excluded_lines": []}, "AssetRecord.record_symbol": {"executed_lines": [127], "summary": {"covered_lines": 1, "num_statements": 1, "percent_covered": 100.0, "percent_covered_display": "100.00", "missing_lines": 0, "excluded_lines": 0}, "missing_lines": [], "excluded_lines": []}, "AssetCatalog.__init__": {"executed_lines": [134, 135, 136, 137], "summary": {"covered_lines": 4, "num_statements": 6, "percent_covered": 66.66666666666667, "percent_covered_display": "66.67", "missing_lines": 2, "excluded_lines": 0}, "missing_lines": [138, 139], "excluded_lines": []}, "AssetCatalog._bind_symbol": {"executed_lines": [150, 151, 152, 154, 155, 159, 160], "summary": {"covered_lines": 7, "num_statements": 8, "percent_covered": 87.5, "percent_covered_display": "87.50", "missing_lines": 1, "excluded_lines": 0}, "missing_lines": [156], "excluded_lines": []}, "AssetCatalog._unbind_symbol": {"executed_lines": [163, 164, 165, 166], "summary": {"covered_lines": 4, "num_statements": 4, "percent_covered": 100.0, "percent_covered_display": "100.00", "missing_lines": 0, "excluded_lines": 0}, "missing_lines": [], "excluded_lines": []}, "AssetCatalog._get_asset": {"executed_lines": [169, 170], "summary": {"covered_lines": 2, "num_statements": 2, "percent_covered": 100.0, "percent_covered_display": "100.00", "missing_lines": 0, "excluded_lines": 2}, "missing_lines": [], "excluded_lines": [171, 172]}, "AssetCatalog.create_asset": {"executed_lines": [185, 193], "summary": {"covered_lines": 2, "num_statements": 2, "percent_covered": 100.0, "percent_covered_display": "100.00", "missing_lines": 0, "excluded_lines": 0}, "missing_lines": [], "excluded_lines": []}, "AssetCatalog.register": {"executed_lines": [196, 198, 201, 202, 203, 206, 207, 209], "summary": {"covered_lines": 8, "num_statements": 9, "percent_covered": 88.88888888888889, "percent_covered_display": "88.89", "missing_lines": 1, "excluded_lines": 0}, "missing_lines": [197], "excluded_lines": []}, "AssetCatalog.update_name": {"executed_lines": [213, 214, 215], "summary": {"covered_lines": 3, "num_statements": 3, "percent_covered": 100.0, "percent_covered_display": "100.00", "missing_lines": 0, "excluded_lines": 0}, "missing_lines": [], "excluded_lines": []}, "AssetCatalog.update_primary_symbol": {"executed_lines": [224, 225, 229, 232, 233, 234, 236, 237, 238], "summary": {"covered_lines": 9, "num_statements": 10, "percent_covered": 90.0, "percent_covered_display": "90.00", "missing_lines": 1, "excluded_lines": 0}, "missing_lines": [230], "excluded_lines": []}, "AssetCatalog.synchronize_venue_symbol": {"executed_lines": [246, 247, 248, 253, 254, 257, 258, 259, 261, 262, 263], "summary": {"covered_lines": 11, "num_statements": 12, "percent_covered": 91.66666666666667, "percent_covered_display": "91.67", "missing_lines": 1, "excluded_lines": 0}, "missing_lines": [255], "excluded_lines": []}, "AssetCatalog.mark_delisted": {"executed_lines": [266, 267, 268], "summary": {"covered_lines": 3, "num_statements": 3, "percent_covered": 100.0, "percent_covered_display": "100.00", "missing_lines": 0, "excluded_lines": 0}, "missing_lines": [], "excluded_lines": []}, "AssetCatalog.mark_active": {"executed_lines": [271, 272, 273], "summary": {"covered_lines": 3, "num_statements": 3, "percent_covered": 100.0, "percent_covered_display": "100.00", "missing_lines": 0, "excluded_lines": 0}, "missing_lines": [], "excluded_lines": []}, "AssetCatalog._normalised_candidates": {"executed_lines": [277, 278, 280, 285, 286, 287, 288, 289, 292, 293], "summary": {"covered_lines": 10, "num_statements": 12, "percent_covered": 83.33333333333333, "percent_covered_display": "83.33", "missing_lines": 2, "excluded_lines": 0}, "missing_lines": [290, 291], "excluded_lines": []}, "AssetCatalog._normalised_candidates._append": {"executed_lines": [281, 282, 283], "summary": {"covered_lines": 3, "num_statements": 3, "percent_covered": 100.0, "percent_covered_display": "100.00", "missing_lines": 0, "excluded_lines": 0}, "missing_lines": [], "excluded_lines": []}, "AssetCatalog.resolve": {"executed_lines": [317, 318, 320, 321, 322, 323, 324, 326, 327, 328, 329, 331, 332, 333, 334, 335, 337, 338, 341, 343], "summary": {"covered_lines": 20, "num_statements": 21, "percent_covered": 95.23809523809524, "percent_covered_display": "95.24", "missing_lines": 1, "excluded_lines": 0}, "missing_lines": [336], "excluded_lines": []}, "AssetCatalog.get": {"executed_lines": [346], "summary": {"covered_lines": 1, "num_statements": 1, "percent_covered": 100.0, "percent_covered_display": "100.00", "missing_lines": 0, "excluded_lines": 0}, "missing_lines": [], "excluded_lines": []}, "AssetCatalog.get_display_symbol": {"executed_lines": [349, 350, 351, 352, 353, 354, 355], "summary": {"covered_lines": 7, "num_statements": 7, "percent_covered": 100.0, "percent_covered_display": "100.00", "missing_lines": 0, "excluded_lines": 0}, "missing_lines": [], "excluded_lines": []}, "AssetCatalog.assets": {"executed_lines": [], "summary": {"covered_lines": 0, "num_statements": 3, "percent_covered": 0.0, "percent_covered_display": "0.00", "missing_lines": 3, "excluded_lines": 0}, "missing_lines": [359, 360, 361], "excluded_lines": []}, "": {"executed_lines": [2, 18, 20, 21, 22, 23, 25, 26, 28, 35, 36, 38, 39, 42, 43, 44, 67, 68, 69, 70, 71, 72, 73, 74, 75, 77, 110, 116, 124, 130, 131, 133, 142, 162, 168, 175, 195, 212, 217, 240, 265, 270, 276, 295, 345, 348, 358], "summary": {"covered_lines": 43, "num_statements": 43, "percent_covered": 100.0, "percent_covered_display": "100.00", "missing_lines": 0, "excluded_lines": 0}, "missing_lines": [], "excluded_lines": []}}, "classes": {"AssetStatus": {"executed_lines": [], "summary": {"covered_lines": 0, "num_statements": 0, "percent_covered": 100.0, "percent_covered_display": "100.00", "missing_lines": 0, "excluded_lines": 0}, "missing_lines": [], "excluded_lines": []}, "AssetRecord": {"executed_lines": [78, 79, 81, 83, 84, 86, 88, 93, 94, 95, 96, 100, 101, 105, 106, 107, 108, 111, 112, 114, 117, 118, 119, 120, 122, 127], "summary": {"covered_lines": 26, "num_statements": 29, "percent_covered": 89.65517241379311, "percent_covered_display": "89.66", "missing_lines": 3, "excluded_lines": 0}, "missing_lines": [80, 85, 113], "excluded_lines": []}, "AssetCatalog": {"executed_lines": [134, 135, 136, 137, 150, 151, 152, 154, 155, 159, 160, 163, 164, 165, 166, 169, 170, 185, 193, 196, 198, 201, 202, 203, 206, 207, 209, 213, 214, 215, 224, 225, 229, 232, 233, 234, 236, 237, 238, 246, 247, 248, 253, 254, 257, 258, 259, 261, 262, 263, 266, 267, 268, 271, 272, 273, 277, 278, 280, 281, 282, 283, 285, 286, 287, 288, 289, 292, 293, 317, 318, 320, 321, 322, 323, 324, 326, 327, 328, 329, 331, 332, 333, 334, 335, 337, 338, 341, 343, 346, 349, 350, 351, 352, 353, 354, 355], "summary": {"covered_lines": 97, "num_statements": 109, "percent_covered": 88.9908256880734, "percent_covered_display": "88.99", "missing_lines": 12, "excluded_lines": 2}, "missing_lines": [138, 139, 156, 197, 230, 255, 290, 291, 336, 359, 360, 361], "excluded_lines": [171, 172]}, "": {"executed_lines": [2, 18, 20, 21, 22, 23, 25, 26, 28, 35, 36, 38, 39, 42, 43, 44, 67, 68, 69, 70, 71, 72, 73, 74, 75, 77, 110, 116, 124, 130, 131, 133, 142, 162, 168, 175, 195, 212, 217, 240, 265, 270, 276, 295, 345, 348, 358], "summary": {"covered_lines": 43, "num_statements": 43, "percent_covered": 100.0, "percent_covered_display": "100.00", "missing_lines": 0, "excluded_lines": 0}, "missing_lines": [], "excluded_lines": []}}}, "core/data/async_ingestion.py": {"executed_lines": [2, 3, 5, 6, 7, 8, 9, 10, 11, 12, 23, 24, 25, 26, 27, 28, 29, 30, 32, 35, 37, 38, 41, 42, 44, 46, 54, 55, 56, 57, 58, 60, 61, 63, 64, 65, 67, 70, 72, 73, 74, 76, 79, 81, 82, 83, 84, 85, 86, 89, 90, 93, 94, 97, 112, 114, 115, 117, 120, 121, 122, 123, 124, 126, 128, 129, 130, 131, 132, 134, 142, 144, 145, 146, 156, 157, 160, 161, 163, 179, 180, 181, 186, 187, 188, 189, 190, 192, 228, 230, 231, 232, 234, 235, 236, 237, 238, 239, 246, 247, 259, 260, 261, 263, 265, 267, 268, 269, 275, 276, 278, 279, 281, 282, 284, 289, 290, 291, 292, 293, 294, 296, 297, 299, 302, 303, 304, 306, 307, 308, 309, 314, 335, 336, 337, 344, 345, 347, 348, 349, 352, 355, 360, 361, 362, 363, 364, 366, 367, 369, 385, 386, 388, 389, 390, 392, 393, 394, 397, 398, 400, 402, 412, 413, 414, 418, 419, 420, 422, 423, 424, 426, 427, 429, 430, 431, 432, 437, 438, 439, 440, 441, 443, 446, 447, 448, 449, 450, 451, 455, 456, 458, 467, 470, 472, 473, 475, 484, 485, 486, 489, 490, 492, 499, 500, 501, 503, 505, 507, 509, 511, 517, 520, 534, 535, 536, 537, 538, 539, 541, 545, 546, 547, 548, 549, 550, 551, 552, 553, 554, 560, 561, 562, 563, 564, 574, 575, 576, 578, 579, 580, 581, 583, 588, 589, 590, 591, 592, 593, 599, 600, 601, 602, 603, 605, 606, 607, 608, 609, 610, 611, 612, 613, 623, 631, 637, 641, 644, 645, 648, 649, 650, 658], "summary": {"covered_lines": 266, "num_statements": 285, "percent_covered": 93.33333333333333, "percent_covered_display": "93.33", "missing_lines": 19, "excluded_lines": 9}, "missing_lines": [71, 87, 88, 118, 148, 149, 154, 285, 300, 312, 452, 565, 566, 572, 577, 614, 615, 642, 646], "excluded_lines": [32, 33, 240, 241, 242, 243, 244, 260, 261], "functions": {"_TickMetricBatcher.__init__": {"executed_lines": [54, 55, 56, 57, 58], "summary": {"covered_lines": 5, "num_statements": 5, "percent_covered": 100.0, "percent_covered_display": "100.00", "missing_lines": 0, "excluded_lines": 0}, "missing_lines": [], "excluded_lines": []}, "_TickMetricBatcher.__enter__": {"executed_lines": [61], "summary": {"covered_lines": 1, "num_statements": 1, "percent_covered": 100.0, "percent_covered_display": "100.00", "missing_lines": 0, "excluded_lines": 0}, "missing_lines": [], "excluded_lines": []}, "_TickMetricBatcher.__exit__": {"executed_lines": [64, 65], "summary": {"covered_lines": 2, "num_statements": 2, "percent_covered": 100.0, "percent_covered_display": "100.00", "missing_lines": 0, "excluded_lines": 0}, "missing_lines": [], "excluded_lines": []}, "_TickMetricBatcher.add": {"executed_lines": [70, 72, 73, 74], "summary": {"covered_lines": 4, "num_statements": 5, "percent_covered": 80.0, "percent_covered_display": "80.00", "missing_lines": 1, "excluded_lines": 0}, "missing_lines": [71], "excluded_lines": []}, "_TickMetricBatcher.flush": {"executed_lines": [79], "summary": {"covered_lines": 1, "num_statements": 1, "percent_covered": 100.0, "percent_covered_display": "100.00", "missing_lines": 0, "excluded_lines": 0}, "missing_lines": [], "excluded_lines": []}, "_TickMetricBatcher._flush_pending": {"executed_lines": [82, 83, 84, 85, 86, 89, 90], "summary": {"covered_lines": 7, "num_statements": 9, "percent_covered": 77.77777777777777, "percent_covered_display": "77.78", "missing_lines": 2, "excluded_lines": 0}, "missing_lines": [87, 88], "excluded_lines": []}, "_iter_csv_chunks": {"executed_lines": [112, 114, 115, 117, 120, 121, 122, 123, 124, 126, 128, 129, 130, 131, 132, 134, 142, 144, 145, 146, 156, 157], "summary": {"covered_lines": 22, "num_statements": 26, "percent_covered": 84.61538461538461, "percent_covered_display": "84.62", "missing_lines": 4, "excluded_lines": 0}, "missing_lines": [118, 148, 149, 154], "excluded_lines": []}, "AsyncDataIngestor.__init__": {"executed_lines": [179, 180, 181, 186, 187, 188, 189, 190], "summary": {"covered_lines": 8, "num_statements": 8, "percent_covered": 100.0, "percent_covered_display": "100.00", "missing_lines": 0, "excluded_lines": 0}, "missing_lines": [], "excluded_lines": []}, "AsyncDataIngestor.read_csv": {"executed_lines": [228, 230, 231, 232, 234, 265, 267, 268, 269, 275, 276, 278, 279, 281, 282, 284, 289, 290, 291, 292, 293, 294, 296, 297, 299, 302, 303, 304, 306, 307, 308, 309], "summary": {"covered_lines": 32, "num_statements": 35, "percent_covered": 91.42857142857143, "percent_covered_display": "91.43", "missing_lines": 3, "excluded_lines": 0}, "missing_lines": [285, 300, 312], "excluded_lines": []}, "AsyncDataIngestor.read_csv._producer": {"executed_lines": [235, 246, 247, 259, 260, 261, 263], "summary": {"covered_lines": 5, "num_statements": 5, "percent_covered": 100.0, "percent_covered_display": "100.00", "missing_lines": 0, "excluded_lines": 2}, "missing_lines": [], "excluded_lines": [260, 261]}, "AsyncDataIngestor.read_csv._producer._enqueue": {"executed_lines": [236, 237, 238, 239], "summary": {"covered_lines": 4, "num_statements": 4, "percent_covered": 100.0, "percent_covered_display": "100.00", "missing_lines": 0, "excluded_lines": 5}, "missing_lines": [], "excluded_lines": [240, 241, 242, 243, 244]}, "AsyncDataIngestor.stream_ticks": {"executed_lines": [335, 336, 337, 344, 345, 347, 348, 349, 352, 355, 360, 361, 362, 363, 364, 366, 367], "summary": {"covered_lines": 17, "num_statements": 17, "percent_covered": 100.0, "percent_covered_display": "100.00", "missing_lines": 0, "excluded_lines": 0}, "missing_lines": [], "excluded_lines": []}, "AsyncDataIngestor.batch_process": {"executed_lines": [385, 386, 388, 389, 390, 392, 393, 394, 397, 398, 400], "summary": {"covered_lines": 11, "num_statements": 11, "percent_covered": 100.0, "percent_covered_display": "100.00", "missing_lines": 0, "excluded_lines": 0}, "missing_lines": [], "excluded_lines": []}, "AsyncDataIngestor.fetch_market_snapshot": {"executed_lines": [412, 413, 414, 418, 419, 420, 422, 423, 424, 426, 427, 429, 430, 431, 432, 437, 438, 439, 440, 441], "summary": {"covered_lines": 20, "num_statements": 20, "percent_covered": 100.0, "percent_covered_display": "100.00", "missing_lines": 0, "excluded_lines": 0}, "missing_lines": [], "excluded_lines": []}, "AsyncDataIngestor._resolve_market_connector": {"executed_lines": [446, 447, 448, 449, 450, 451, 455, 456], "summary": {"covered_lines": 8, "num_statements": 9, "percent_covered": 88.88888888888889, "percent_covered_display": "88.89", "missing_lines": 1, "excluded_lines": 0}, "missing_lines": [452], "excluded_lines": []}, "AsyncDataIngestor._stream_synthetic": {"executed_lines": [467, 470, 472, 473, 475, 484, 485, 486], "summary": {"covered_lines": 8, "num_statements": 8, "percent_covered": 100.0, "percent_covered_display": "100.00", "missing_lines": 0, "excluded_lines": 0}, "missing_lines": [], "excluded_lines": []}, "AsyncWebSocketStream.__init__": {"executed_lines": [499, 500, 501], "summary": {"covered_lines": 3, "num_statements": 3, "percent_covered": 100.0, "percent_covered_display": "100.00", "missing_lines": 0, "excluded_lines": 0}, "missing_lines": [], "excluded_lines": []}, "AsyncWebSocketStream.connect": {"executed_lines": [505], "summary": {"covered_lines": 1, "num_statements": 1, "percent_covered": 100.0, "percent_covered_display": "100.00", "missing_lines": 0, "excluded_lines": 0}, "missing_lines": [], "excluded_lines": []}, "AsyncWebSocketStream.disconnect": {"executed_lines": [509], "summary": {"covered_lines": 1, "num_statements": 1, "percent_covered": 100.0, "percent_covered_display": "100.00", "missing_lines": 0, "excluded_lines": 0}, "missing_lines": [], "excluded_lines": []}, "AsyncWebSocketStream.subscribe": {"executed_lines": [517], "summary": {"covered_lines": 1, "num_statements": 1, "percent_covered": 100.0, "percent_covered_display": "100.00", "missing_lines": 0, "excluded_lines": 0}, "missing_lines": [], "excluded_lines": []}, "merge_streams": {"executed_lines": [534, 535, 536, 537, 538, 539, 541, 545, 583, 588, 589, 590, 591, 592, 593, 599, 600, 601, 602, 603, 605, 606, 607, 608, 609, 610, 611, 612, 613], "summary": {"covered_lines": 29, "num_statements": 31, "percent_covered": 93.54838709677419, "percent_covered_display": "93.55", "missing_lines": 2, "excluded_lines": 0}, "missing_lines": [614, 615], "excluded_lines": []}, "merge_streams._pump": {"executed_lines": [546, 547, 548, 549, 550, 551, 552, 553, 554, 560, 561, 562, 563, 564, 574, 575, 576, 578, 579, 580, 581], "summary": {"covered_lines": 21, "num_statements": 25, "percent_covered": 84.0, "percent_covered_display": "84.00", "missing_lines": 4, "excluded_lines": 0}, "missing_lines": [565, 566, 572, 577], "excluded_lines": []}, "_tick_event_to_price_tick": {"executed_lines": [637, 641, 644, 645, 648, 649, 650, 658], "summary": {"covered_lines": 8, "num_statements": 10, "percent_covered": 80.0, "percent_covered_display": "80.00", "missing_lines": 2, "excluded_lines": 0}, "missing_lines": [642, 646], "excluded_lines": []}, "": {"executed_lines": [2, 3, 5, 6, 7, 8, 9, 10, 11, 12, 23, 24, 25, 26, 27, 28, 29, 30, 32, 35, 37, 38, 41, 42, 44, 46, 60, 63, 67, 76, 81, 93, 94, 97, 160, 161, 163, 192, 314, 369, 402, 443, 458, 489, 490, 492, 503, 507, 511, 520, 623, 631], "summary": {"covered_lines": 47, "num_statements": 47, "percent_covered": 100.0, "percent_covered_display": "100.00", "missing_lines": 0, "excluded_lines": 2}, "missing_lines": [], "excluded_lines": [32, 33]}}, "classes": {"_TickMetricBatcher": {"executed_lines": [54, 55, 56, 57, 58, 61, 64, 65, 70, 72, 73, 74, 79, 82, 83, 84, 85, 86, 89, 90], "summary": {"covered_lines": 20, "num_statements": 23, "percent_covered": 86.95652173913044, "percent_covered_display": "86.96", "missing_lines": 3, "excluded_lines": 0}, "missing_lines": [71, 87, 88], "excluded_lines": []}, "AsyncDataIngestor": {"executed_lines": [179, 180, 181, 186, 187, 188, 189, 190, 228, 230, 231, 232, 234, 235, 236, 237, 238, 239, 246, 247, 259, 260, 261, 263, 265, 267, 268, 269, 275, 276, 278, 279, 281, 282, 284, 289, 290, 291, 292, 293, 294, 296, 297, 299, 302, 303, 304, 306, 307, 308, 309, 335, 336, 337, 344, 345, 347, 348, 349, 352, 355, 360, 361, 362, 363, 364, 366, 367, 385, 386, 388, 389, 390, 392, 393, 394, 397, 398, 400, 412, 413, 414, 418, 419, 420, 422, 423, 424, 426, 427, 429, 430, 431, 432, 437, 438, 439, 440, 441, 446, 447, 448, 449, 450, 451, 455, 456, 467, 470, 472, 473, 475, 484, 485, 486], "summary": {"covered_lines": 113, "num_statements": 117, "percent_covered": 96.58119658119658, "percent_covered_display": "96.58", "missing_lines": 4, "excluded_lines": 7}, "missing_lines": [285, 300, 312, 452], "excluded_lines": [240, 241, 242, 243, 244, 260, 261]}, "AsyncWebSocketStream": {"executed_lines": [499, 500, 501, 505, 509, 517], "summary": {"covered_lines": 6, "num_statements": 6, "percent_covered": 100.0, "percent_covered_display": "100.00", "missing_lines": 0, "excluded_lines": 0}, "missing_lines": [], "excluded_lines": []}, "merge_streams._StreamError": {"executed_lines": [], "summary": {"covered_lines": 0, "num_statements": 0, "percent_covered": 100.0, "percent_covered_display": "100.00", "missing_lines": 0, "excluded_lines": 0}, "missing_lines": [], "excluded_lines": []}, "": {"executed_lines": [2, 3, 5, 6, 7, 8, 9, 10, 11, 12, 23, 24, 25, 26, 27, 28, 29, 30, 32, 35, 37, 38, 41, 42, 44, 46, 60, 63, 67, 76, 81, 93, 94, 97, 112, 114, 115, 117, 120, 121, 122, 123, 124, 126, 128, 129, 130, 131, 132, 134, 142, 144, 145, 146, 156, 157, 160, 161, 163, 192, 314, 369, 402, 443, 458, 489, 490, 492, 503, 507, 511, 520, 534, 535, 536, 537, 538, 539, 541, 545, 546, 547, 548, 549, 550, 551, 552, 553, 554, 560, 561, 562, 563, 564, 574, 575, 576, 578, 579, 580, 581, 583, 588, 589, 590, 591, 592, 593, 599, 600, 601, 602, 603, 605, 606, 607, 608, 609, 610, 611, 612, 613, 623, 631, 637, 641, 644, 645, 648, 649, 650, 658], "summary": {"covered_lines": 127, "num_statements": 139, "percent_covered": 91.36690647482014, "percent_covered_display": "91.37", "missing_lines": 12, "excluded_lines": 2}, "missing_lines": [118, 148, 149, 154, 565, 566, 572, 577, 614, 615, 642, 646], "excluded_lines": [32, 33]}}}, "core/data/backfill.py": {"executed_lines": [1, 18, 20, 21, 22, 23, 24, 25, 26, 27, 28, 29, 30, 32, 33, 35, 38, 39, 40, 42, 43, 44, 45, 48, 49, 50, 52, 53, 54, 56, 59, 60, 61, 62, 63, 64, 67, 68, 70, 71, 72, 74, 75, 77, 78, 79, 80, 81, 83, 84, 85, 86, 87, 88, 90, 91, 93, 94, 95, 96, 97, 98, 99, 100, 101, 102, 103, 104, 110, 117, 118, 119, 120, 121, 123, 124, 125, 126, 127, 128, 130, 133, 134, 136, 144, 145, 146, 147, 150, 151, 152, 153, 155, 156, 157, 160, 183, 184, 186, 187, 188, 192, 195, 208, 209, 210, 211, 213, 214, 215, 216, 217, 218, 219, 220, 221, 222, 223, 226, 227, 228, 230, 231, 232, 234, 235, 236, 239, 240, 242, 243, 245, 252, 253, 254, 255, 256, 259, 260, 262, 267, 268, 269, 272, 273, 274, 276, 277, 280, 281, 282, 284, 285, 286, 287, 288, 289, 290, 292, 293, 304, 305, 306, 308, 309, 310, 311, 313, 314, 317, 318, 319, 321, 324, 325, 327, 328, 329, 330, 331, 332, 334, 335, 336, 337, 338, 340, 341, 342, 343, 345, 346, 347, 355, 356, 358, 366, 383, 384, 385, 387, 388, 391, 392, 393, 395, 396, 397, 398, 399, 401, 402, 403, 406, 407, 408, 411, 412, 414, 425, 427, 429, 431, 432, 433, 434, 435, 436, 441, 442, 444, 453, 454, 470, 471, 472, 474, 475, 476, 477, 478, 479, 480, 482, 483, 484, 486, 488, 489, 490, 491, 497, 498, 499, 501, 502, 504, 505, 509, 510, 511, 512, 517, 520, 521, 522, 523, 524, 525, 528, 530, 531, 532, 533, 534, 535, 536, 537, 538, 540, 541, 542, 543, 544, 545, 548, 550, 551, 552, 553, 554, 555, 556, 557, 559, 560, 568, 574, 575, 576, 579, 581, 582, 583, 584, 585, 586, 595, 596, 598, 599, 600, 602, 603, 604, 606, 607, 610, 612, 614, 616, 618, 619, 620, 621, 622, 626, 627, 634, 635, 637, 638, 639, 640, 642, 643, 644, 645, 648, 653, 654, 655, 656, 657, 660, 661, 662, 665], "summary": {"covered_lines": 333, "num_statements": 378, "percent_covered": 88.0952380952381, "percent_covered_display": "88.10", "missing_lines": 45, "excluded_lines": 0}, "missing_lines": [76, 92, 315, 320, 359, 360, 361, 362, 363, 364, 367, 368, 369, 370, 371, 372, 373, 374, 375, 376, 377, 378, 379, 380, 426, 428, 430, 455, 461, 462, 492, 493, 494, 495, 503, 506, 507, 529, 546, 580, 611, 613, 615, 617, 628], "excluded_lines": [], "functions": {"CacheEntry.slice": {"executed_lines": [59, 60, 61, 62, 63, 64], "summary": {"covered_lines": 6, "num_statements": 6, "percent_covered": 100.0, "percent_covered_display": "100.00", "missing_lines": 0, "excluded_lines": 0}, "missing_lines": [], "excluded_lines": []}, "LayerCache.__init__": {"executed_lines": [71, 72], "summary": {"covered_lines": 2, "num_statements": 2, "percent_covered": 100.0, "percent_covered_display": "100.00", "missing_lines": 0, "excluded_lines": 0}, "missing_lines": [], "excluded_lines": []}, "LayerCache._normalize_payload": {"executed_lines": [75, 77, 78, 79, 80, 81], "summary": {"covered_lines": 6, "num_statements": 7, "percent_covered": 85.71428571428571, "percent_covered_display": "85.71", "missing_lines": 1, "excluded_lines": 0}, "missing_lines": [76], "excluded_lines": []}, "LayerCache.put": {"executed_lines": [84, 85, 86, 87, 88], "summary": {"covered_lines": 5, "num_statements": 5, "percent_covered": 100.0, "percent_covered_display": "100.00", "missing_lines": 0, "excluded_lines": 0}, "missing_lines": [], "excluded_lines": []}, "LayerCache.merge": {"executed_lines": [91, 93, 94, 95, 96, 97, 98, 99, 100, 101, 102, 103, 104], "summary": {"covered_lines": 13, "num_statements": 14, "percent_covered": 92.85714285714286, "percent_covered_display": "92.86", "missing_lines": 1, "excluded_lines": 0}, "missing_lines": [92], "excluded_lines": []}, "LayerCache.get": {"executed_lines": [117, 118, 119, 120, 121], "summary": {"covered_lines": 5, "num_statements": 5, "percent_covered": 100.0, "percent_covered_display": "100.00", "missing_lines": 0, "excluded_lines": 0}, "missing_lines": [], "excluded_lines": []}, "LayerCache.coverage": {"executed_lines": [124, 125, 126, 127, 128], "summary": {"covered_lines": 5, "num_statements": 5, "percent_covered": 100.0, "percent_covered_display": "100.00", "missing_lines": 0, "excluded_lines": 0}, "missing_lines": [], "excluded_lines": []}, "LayerCache.delete": {"executed_lines": [133, 134], "summary": {"covered_lines": 2, "num_statements": 2, "percent_covered": 100.0, "percent_covered_display": "100.00", "missing_lines": 0, "excluded_lines": 0}, "missing_lines": [], "excluded_lines": []}, "LayerCache.iter_entries": {"executed_lines": [144, 145, 146, 147], "summary": {"covered_lines": 4, "num_statements": 4, "percent_covered": 100.0, "percent_covered_display": "100.00", "missing_lines": 0, "excluded_lines": 0}, "missing_lines": [], "excluded_lines": []}, "Gap.__post_init__": {"executed_lines": [156, 157], "summary": {"covered_lines": 2, "num_statements": 2, "percent_covered": 100.0, "percent_covered_display": "100.00", "missing_lines": 0, "excluded_lines": 0}, "missing_lines": [], "excluded_lines": []}, "_resolve_cadence": {"executed_lines": [183, 184, 186, 187, 188, 192], "summary": {"covered_lines": 6, "num_statements": 6, "percent_covered": 100.0, "percent_covered_display": "100.00", "missing_lines": 0, "excluded_lines": 0}, "missing_lines": [], "excluded_lines": []}, "detect_gaps": {"executed_lines": [208, 209, 210, 211, 213, 214, 215, 216, 217, 218, 219, 220, 221, 222, 223], "summary": {"covered_lines": 15, "num_statements": 15, "percent_covered": 100.0, "percent_covered_display": "100.00", "missing_lines": 0, "excluded_lines": 0}, "missing_lines": [], "excluded_lines": []}, "BackfillPlan.is_full_refresh": {"executed_lines": [236], "summary": {"covered_lines": 1, "num_statements": 1, "percent_covered": 100.0, "percent_covered_display": "100.00", "missing_lines": 0, "excluded_lines": 0}, "missing_lines": [], "excluded_lines": []}, "GapFillPlanner.__init__": {"executed_lines": [243], "summary": {"covered_lines": 1, "num_statements": 1, "percent_covered": 100.0, "percent_covered_display": "100.00", "missing_lines": 0, "excluded_lines": 0}, "missing_lines": [], "excluded_lines": []}, "GapFillPlanner.plan": {"executed_lines": [252, 253, 254, 255, 256, 259, 260], "summary": {"covered_lines": 7, "num_statements": 7, "percent_covered": 100.0, "percent_covered_display": "100.00", "missing_lines": 0, "excluded_lines": 0}, "missing_lines": [], "excluded_lines": []}, "GapFillPlanner.apply": {"executed_lines": [267, 268, 269], "summary": {"covered_lines": 3, "num_statements": 3, "percent_covered": 100.0, "percent_covered_display": "100.00", "missing_lines": 0, "excluded_lines": 0}, "missing_lines": [], "excluded_lines": []}, "BackfillSegment.clone_for_retry": {"executed_lines": [293], "summary": {"covered_lines": 1, "num_statements": 1, "percent_covered": 100.0, "percent_covered_display": "100.00", "missing_lines": 0, "excluded_lines": 0}, "missing_lines": [], "excluded_lines": []}, "BackfillProgressSnapshot.remaining_segments": {"executed_lines": [], "summary": {"covered_lines": 0, "num_statements": 1, "percent_covered": 0.0, "percent_covered_display": "0.00", "missing_lines": 1, "excluded_lines": 0}, "missing_lines": [315], "excluded_lines": []}, "BackfillProgressSnapshot.completion_ratio": {"executed_lines": [319, 321], "summary": {"covered_lines": 2, "num_statements": 3, "percent_covered": 66.66666666666667, "percent_covered_display": "66.67", "missing_lines": 1, "excluded_lines": 0}, "missing_lines": [320], "excluded_lines": []}, "_BackfillProgressTracker.__init__": {"executed_lines": [328, 329, 330, 331, 332], "summary": {"covered_lines": 5, "num_statements": 5, "percent_covered": 100.0, "percent_covered_display": "100.00", "missing_lines": 0, "excluded_lines": 0}, "missing_lines": [], "excluded_lines": []}, "_BackfillProgressTracker.mark_success": {"executed_lines": [335, 336, 337, 338], "summary": {"covered_lines": 4, "num_statements": 4, "percent_covered": 100.0, "percent_covered_display": "100.00", "missing_lines": 0, "excluded_lines": 0}, "missing_lines": [], "excluded_lines": []}, "_BackfillProgressTracker.mark_failure": {"executed_lines": [341, 342, 343], "summary": {"covered_lines": 3, "num_statements": 3, "percent_covered": 100.0, "percent_covered_display": "100.00", "missing_lines": 0, "excluded_lines": 0}, "missing_lines": [], "excluded_lines": []}, "_BackfillProgressTracker.snapshot": {"executed_lines": [346, 347], "summary": {"covered_lines": 2, "num_statements": 2, "percent_covered": 100.0, "percent_covered_display": "100.00", "missing_lines": 0, "excluded_lines": 0}, "missing_lines": [], "excluded_lines": []}, "_ThroughputLimiter.__init__": {"executed_lines": [], "summary": {"covered_lines": 0, "num_statements": 6, "percent_covered": 0.0, "percent_covered_display": "0.00", "missing_lines": 6, "excluded_lines": 0}, "missing_lines": [359, 360, 361, 362, 363, 364], "excluded_lines": []}, "_ThroughputLimiter.acquire": {"executed_lines": [], "summary": {"covered_lines": 0, "num_statements": 14, "percent_covered": 0.0, "percent_covered_display": "0.00", "missing_lines": 14, "excluded_lines": 0}, "missing_lines": [367, 368, 369, 370, 371, 372, 373, 374, 375, 376, 377, 378, 379, 380], "excluded_lines": []}, "BackfillResult.success": {"executed_lines": [403], "summary": {"covered_lines": 1, "num_statements": 1, "percent_covered": 100.0, "percent_covered_display": "100.00", "missing_lines": 0, "excluded_lines": 0}, "missing_lines": [], "excluded_lines": []}, "_default_checksum": {"executed_lines": [407, 408], "summary": {"covered_lines": 2, "num_statements": 2, "percent_covered": 100.0, "percent_covered_display": "100.00", "missing_lines": 0, "excluded_lines": 0}, "missing_lines": [], "excluded_lines": []}, "BackfillPlanner.__init__": {"executed_lines": [425, 427, 429, 431, 432, 433, 434, 435, 436, 441, 442], "summary": {"covered_lines": 11, "num_statements": 14, "percent_covered": 78.57142857142857, "percent_covered_display": "78.57", "missing_lines": 3, "excluded_lines": 0}, "missing_lines": [426, 428, 430], "excluded_lines": []}, "BackfillPlanner.backfill": {"executed_lines": [453, 454, 470, 471, 472, 474, 475, 476, 477, 478, 479, 480, 482, 483, 484, 486, 488, 550, 551, 552, 553, 554, 555, 556, 557, 559, 560], "summary": {"covered_lines": 27, "num_statements": 30, "percent_covered": 90.0, "percent_covered_display": "90.00", "missing_lines": 3, "excluded_lines": 0}, "missing_lines": [455, 461, 462], "excluded_lines": []}, "BackfillPlanner.backfill.worker": {"executed_lines": [489, 490, 491, 497, 498, 499, 501, 502, 504, 505, 509, 510, 511, 512, 517, 520, 521, 522, 523, 524, 525, 528, 530, 531, 532, 533, 534, 535, 536, 537, 538, 540, 541, 542, 543, 544, 545, 548], "summary": {"covered_lines": 38, "num_statements": 47, "percent_covered": 80.85106382978724, "percent_covered_display": "80.85", "missing_lines": 9, "excluded_lines": 0}, "missing_lines": [492, 493, 494, 495, 503, 506, 507, 529, 546], "excluded_lines": []}, "BackfillPlanner._build_segments": {"executed_lines": [574, 575, 576, 579, 581, 582, 583, 584, 585, 586, 595, 596], "summary": {"covered_lines": 12, "num_statements": 13, "percent_covered": 92.3076923076923, "percent_covered_display": "92.31", "missing_lines": 1, "excluded_lines": 0}, "missing_lines": [580], "excluded_lines": []}, "BackfillPlanner._segment_priority": {"executed_lines": [600], "summary": {"covered_lines": 1, "num_statements": 1, "percent_covered": 100.0, "percent_covered_display": "100.00", "missing_lines": 0, "excluded_lines": 0}, "missing_lines": [], "excluded_lines": []}, "BackfillPlanner._retry_priority": {"executed_lines": [604], "summary": {"covered_lines": 1, "num_statements": 1, "percent_covered": 100.0, "percent_covered_display": "100.00", "missing_lines": 0, "excluded_lines": 0}, "missing_lines": [], "excluded_lines": []}, "BackfillPlanner._validate_payload": {"executed_lines": [610, 612, 614, 616, 618, 619, 620, 621, 622, 626, 627], "summary": {"covered_lines": 11, "num_statements": 16, "percent_covered": 68.75, "percent_covered_display": "68.75", "missing_lines": 5, "excluded_lines": 0}, "missing_lines": [611, 613, 615, 617, 628], "excluded_lines": []}, "CacheRegistry.__init__": {"executed_lines": [638, 639, 640], "summary": {"covered_lines": 3, "num_statements": 3, "percent_covered": 100.0, "percent_covered_display": "100.00", "missing_lines": 0, "excluded_lines": 0}, "missing_lines": [], "excluded_lines": []}, "CacheRegistry.cache_for": {"executed_lines": [643, 644, 645], "summary": {"covered_lines": 3, "num_statements": 3, "percent_covered": 100.0, "percent_covered_display": "100.00", "missing_lines": 0, "excluded_lines": 0}, "missing_lines": [], "excluded_lines": []}, "normalise_index": {"executed_lines": [653, 654, 655, 656, 657, 660, 661, 662], "summary": {"covered_lines": 8, "num_statements": 8, "percent_covered": 100.0, "percent_covered_display": "100.00", "missing_lines": 0, "excluded_lines": 0}, "missing_lines": [], "excluded_lines": []}, "": {"executed_lines": [1, 18, 20, 21, 22, 23, 24, 25, 26, 27, 28, 29, 30, 32, 33, 35, 38, 39, 40, 42, 43, 44, 45, 48, 49, 50, 52, 53, 54, 56, 67, 68, 70, 74, 83, 90, 110, 123, 130, 136, 150, 151, 152, 153, 155, 160, 195, 226, 227, 228, 230, 231, 232, 234, 235, 239, 240, 242, 245, 262, 272, 273, 274, 276, 277, 280, 281, 282, 284, 285, 286, 287, 288, 289, 290, 292, 304, 305, 306, 308, 309, 310, 311, 313, 314, 317, 318, 324, 325, 327, 334, 340, 345, 355, 356, 358, 366, 383, 384, 385, 387, 388, 391, 392, 393, 395, 396, 397, 398, 399, 401, 402, 406, 411, 412, 414, 444, 568, 598, 599, 602, 603, 606, 607, 634, 635, 637, 642, 648, 665], "summary": {"covered_lines": 115, "num_statements": 115, "percent_covered": 100.0, "percent_covered_display": "100.00", "missing_lines": 0, "excluded_lines": 0}, "missing_lines": [], "excluded_lines": []}}, "classes": {"CacheKey": {"executed_lines": [], "summary": {"covered_lines": 0, "num_statements": 0, "percent_covered": 100.0, "percent_covered_display": "100.00", "missing_lines": 0, "excluded_lines": 0}, "missing_lines": [], "excluded_lines": []}, "CacheEntry": {"executed_lines": [59, 60, 61, 62, 63, 64], "summary": {"covered_lines": 6, "num_statements": 6, "percent_covered": 100.0, "percent_covered_display": "100.00", "missing_lines": 0, "excluded_lines": 0}, "missing_lines": [], "excluded_lines": []}, "LayerCache": {"executed_lines": [71, 72, 75, 77, 78, 79, 80, 81, 84, 85, 86, 87, 88, 91, 93, 94, 95, 96, 97, 98, 99, 100, 101, 102, 103, 104, 117, 118, 119, 120, 121, 124, 125, 126, 127, 128, 133, 134, 144, 145, 146, 147], "summary": {"covered_lines": 42, "num_statements": 44, "percent_covered": 95.45454545454545, "percent_covered_display": "95.45", "missing_lines": 2, "excluded_lines": 0}, "missing_lines": [76, 92], "excluded_lines": []}, "Gap": {"executed_lines": [156, 157], "summary": {"covered_lines": 2, "num_statements": 2, "percent_covered": 100.0, "percent_covered_display": "100.00", "missing_lines": 0, "excluded_lines": 0}, "missing_lines": [], "excluded_lines": []}, "BackfillPlan": {"executed_lines": [236], "summary": {"covered_lines": 1, "num_statements": 1, "percent_covered": 100.0, "percent_covered_display": "100.00", "missing_lines": 0, "excluded_lines": 0}, "missing_lines": [], "excluded_lines": []}, "GapFillPlanner": {"executed_lines": [243, 252, 253, 254, 255, 256, 259, 260, 267, 268, 269], "summary": {"covered_lines": 11, "num_statements": 11, "percent_covered": 100.0, "percent_covered_display": "100.00", "missing_lines": 0, "excluded_lines": 0}, "missing_lines": [], "excluded_lines": []}, "BackfillPayload": {"executed_lines": [], "summary": {"covered_lines": 0, "num_statements": 0, "percent_covered": 100.0, "percent_covered_display": "100.00", "missing_lines": 0, "excluded_lines": 0}, "missing_lines": [], "excluded_lines": []}, "BackfillSegment": {"executed_lines": [293], "summary": {"covered_lines": 1, "num_statements": 1, "percent_covered": 100.0, "percent_covered_display": "100.00", "missing_lines": 0, "excluded_lines": 0}, "missing_lines": [], "excluded_lines": []}, "BackfillProgressSnapshot": {"executed_lines": [319, 321], "summary": {"covered_lines": 2, "num_statements": 4, "percent_covered": 50.0, "percent_covered_display": "50.00", "missing_lines": 2, "excluded_lines": 0}, "missing_lines": [315, 320], "excluded_lines": []}, "_BackfillProgressTracker": {"executed_lines": [328, 329, 330, 331, 332, 335, 336, 337, 338, 341, 342, 343, 346, 347], "summary": {"covered_lines": 14, "num_statements": 14, "percent_covered": 100.0, "percent_covered_display": "100.00", "missing_lines": 0, "excluded_lines": 0}, "missing_lines": [], "excluded_lines": []}, "_ThroughputLimiter": {"executed_lines": [], "summary": {"covered_lines": 0, "num_statements": 20, "percent_covered": 0.0, "percent_covered_display": "0.00", "missing_lines": 20, "excluded_lines": 0}, "missing_lines": [359, 360, 361, 362, 363, 364, 367, 368, 369, 370, 371, 372, 373, 374, 375, 376, 377, 378, 379, 380], "excluded_lines": []}, "SegmentError": {"executed_lines": [], "summary": {"covered_lines": 0, "num_statements": 0, "percent_covered": 100.0, "percent_covered_display": "100.00", "missing_lines": 0, "excluded_lines": 0}, "missing_lines": [], "excluded_lines": []}, "BackfillResult": {"executed_lines": [403], "summary": {"covered_lines": 1, "num_statements": 1, "percent_covered": 100.0, "percent_covered_display": "100.00", "missing_lines": 0, "excluded_lines": 0}, "missing_lines": [], "excluded_lines": []}, "BackfillPlanner": {"executed_lines": [425, 427, 429, 431, 432, 433, 434, 435, 436, 441, 442, 453, 454, 470, 471, 472, 474, 475, 476, 477, 478, 479, 480, 482, 483, 484, 486, 488, 489, 490, 491, 497, 498, 499, 501, 502, 504, 505, 509, 510, 511, 512, 517, 520, 521, 522, 523, 524, 525, 528, 530, 531, 532, 533, 534, 535, 536, 537, 538, 540, 541, 542, 543, 544, 545, 548, 550, 551, 552, 553, 554, 555, 556, 557, 559, 560, 574, 575, 576, 579, 581, 582, 583, 584, 585, 586, 595, 596, 600, 604, 610, 612, 614, 616, 618, 619, 620, 621, 622, 626, 627], "summary": {"covered_lines": 101, "num_statements": 122, "percent_covered": 82.78688524590164, "percent_covered_display": "82.79", "missing_lines": 21, "excluded_lines": 0}, "missing_lines": [426, 428, 430, 455, 461, 462, 492, 493, 494, 495, 503, 506, 507, 529, 546, 580, 611, 613, 615, 617, 628], "excluded_lines": []}, "CacheRegistry": {"executed_lines": [638, 639, 640, 643, 644, 645], "summary": {"covered_lines": 6, "num_statements": 6, "percent_covered": 100.0, "percent_covered_display": "100.00", "missing_lines": 0, "excluded_lines": 0}, "missing_lines": [], "excluded_lines": []}, "": {"executed_lines": [1, 18, 20, 21, 22, 23, 24, 25, 26, 27, 28, 29, 30, 32, 33, 35, 38, 39, 40, 42, 43, 44, 45, 48, 49, 50, 52, 53, 54, 56, 67, 68, 70, 74, 83, 90, 110, 123, 130, 136, 150, 151, 152, 153, 155, 160, 183, 184, 186, 187, 188, 192, 195, 208, 209, 210, 211, 213, 214, 215, 216, 217, 218, 219, 220, 221, 222, 223, 226, 227, 228, 230, 231, 232, 234, 235, 239, 240, 242, 245, 262, 272, 273, 274, 276, 277, 280, 281, 282, 284, 285, 286, 287, 288, 289, 290, 292, 304, 305, 306, 308, 309, 310, 311, 313, 314, 317, 318, 324, 325, 327, 334, 340, 345, 355, 356, 358, 366, 383, 384, 385, 387, 388, 391, 392, 393, 395, 396, 397, 398, 399, 401, 402, 406, 407, 408, 411, 412, 414, 444, 568, 598, 599, 602, 603, 606, 607, 634, 635, 637, 642, 648, 653, 654, 655, 656, 657, 660, 661, 662, 665], "summary": {"covered_lines": 146, "num_statements": 146, "percent_covered": 100.0, "percent_covered_display": "100.00", "missing_lines": 0, "excluded_lines": 0}, "missing_lines": [], "excluded_lines": []}}}, "core/data/catalog.py": {"executed_lines": [2, 13, 15, 16, 18, 25, 41, 42, 43, 44, 47, 55, 56, 57, 58, 63, 64, 75, 93, 105, 106, 107, 108, 109, 111, 112, 113, 114, 115, 116, 117, 118, 119, 120, 123, 124, 125, 126, 127, 130, 131, 132, 133, 134, 135, 136, 139, 140, 141, 142, 143, 144, 145, 146, 147, 148, 149, 150, 151, 154, 155, 156, 157, 159, 160, 161, 162, 163, 165, 166, 167, 169, 172, 183, 184, 185, 187, 188, 190, 191, 193, 194, 195, 196, 197, 198, 200, 201, 202], "summary": {"covered_lines": 86, "num_statements": 86, "percent_covered": 100.0, "percent_covered_display": "100.00", "missing_lines": 0, "excluded_lines": 2}, "missing_lines": [], "excluded_lines": [134, 135], "functions": {"normalize_venue": {"executed_lines": [55, 56, 57, 58], "summary": {"covered_lines": 4, "num_statements": 4, "percent_covered": 100.0, "percent_covered_display": "100.00", "missing_lines": 0, "excluded_lines": 0}, "missing_lines": [], "excluded_lines": []}, "_infer_kind": {"executed_lines": [106, 107, 108, 109, 111, 112, 113, 114, 115, 116, 117, 118, 119, 120], "summary": {"covered_lines": 14, "num_statements": 14, "percent_covered": 100.0, "percent_covered_display": "100.00", "missing_lines": 0, "excluded_lines": 0}, "missing_lines": [], "excluded_lines": []}, "_split_known_alias": {"executed_lines": [124, 125, 126, 127], "summary": {"covered_lines": 4, "num_statements": 4, "percent_covered": 100.0, "percent_covered_display": "100.00", "missing_lines": 0, "excluded_lines": 0}, "missing_lines": [], "excluded_lines": []}, "_split_by_known_quotes": {"executed_lines": [131, 132, 133, 134, 135, 136], "summary": {"covered_lines": 4, "num_statements": 4, "percent_covered": 100.0, "percent_covered_display": "100.00", "missing_lines": 0, "excluded_lines": 2}, "missing_lines": [], "excluded_lines": [134, 135]}, "_expand_parts": {"executed_lines": [140, 141, 142, 143, 144, 145, 146, 147, 148, 149, 150, 151], "summary": {"covered_lines": 12, "num_statements": 12, "percent_covered": 100.0, "percent_covered_display": "100.00", "missing_lines": 0, "excluded_lines": 0}, "missing_lines": [], "excluded_lines": []}, "_split_symbol_components": {"executed_lines": [155, 156, 157, 159, 160, 161, 162, 163, 165, 166, 167, 169], "summary": {"covered_lines": 12, "num_statements": 12, "percent_covered": 100.0, "percent_covered_display": "100.00", "missing_lines": 0, "excluded_lines": 0}, "missing_lines": [], "excluded_lines": []}, "normalize_symbol": {"executed_lines": [183, 184, 185, 187, 188, 190, 191, 193, 194, 195, 196, 197, 198, 200, 201, 202], "summary": {"covered_lines": 16, "num_statements": 16, "percent_covered": 100.0, "percent_covered_display": "100.00", "missing_lines": 0, "excluded_lines": 0}, "missing_lines": [], "excluded_lines": []}, "": {"executed_lines": [2, 13, 15, 16, 18, 25, 41, 42, 43, 44, 47, 63, 64, 75, 93, 105, 123, 130, 139, 154, 172], "summary": {"covered_lines": 20, "num_statements": 20, "percent_covered": 100.0, "percent_covered_display": "100.00", "missing_lines": 0, "excluded_lines": 0}, "missing_lines": [], "excluded_lines": []}}, "classes": {"": {"executed_lines": [2, 13, 15, 16, 18, 25, 41, 42, 43, 44, 47, 55, 56, 57, 58, 63, 64, 75, 93, 105, 106, 107, 108, 109, 111, 112, 113, 114, 115, 116, 117, 118, 119, 120, 123, 124, 125, 126, 127, 130, 131, 132, 133, 134, 135, 136, 139, 140, 141, 142, 143, 144, 145, 146, 147, 148, 149, 150, 151, 154, 155, 156, 157, 159, 160, 161, 162, 163, 165, 166, 167, 169, 172, 183, 184, 185, 187, 188, 190, 191, 193, 194, 195, 196, 197, 198, 200, 201, 202], "summary": {"covered_lines": 86, "num_statements": 86, "percent_covered": 100.0, "percent_covered_display": "100.00", "missing_lines": 0, "excluded_lines": 2}, "missing_lines": [], "excluded_lines": [134, 135]}}}, "core/data/connectors/market.py": {"executed_lines": [1, 3, 5, 6, 7, 8, 9, 10, 12, 18, 19, 20, 21, 22, 23, 24, 25, 27, 29, 32, 33, 35, 43, 44, 45, 48, 49, 50, 51, 56, 57, 64, 67, 68, 69, 70, 71, 72, 90, 91, 93, 96, 97, 98, 99, 100, 101, 102, 103, 104, 105, 111, 118, 119, 120, 123, 124, 130, 132, 134, 135, 136, 137, 138, 148, 150, 151, 152, 155, 156, 161, 163, 165, 167, 168, 174, 175, 177, 179, 180, 181, 182, 185, 186, 190, 191, 192, 194, 195, 197, 202, 206, 207, 209, 219, 220, 221, 227, 234, 235, 237, 247, 248, 249, 250, 256, 263, 264, 266, 279, 280, 281, 282, 290, 296, 310, 320, 321, 322, 323, 324, 340, 341, 344, 345, 346, 350, 351, 353, 356, 357, 360, 361, 362, 363, 364, 365], "summary": {"covered_lines": 125, "num_statements": 140, "percent_covered": 89.28571428571429, "percent_covered_display": "89.29", "missing_lines": 15, "excluded_lines": 17}, "missing_lines": [153, 157, 158, 159, 160, 162, 164, 176, 183, 184, 325, 326, 332, 347, 352], "excluded_lines": [73, 76, 82, 120, 123, 124, 130, 131, 132, 187, 188, 197, 198, 199, 200, 202, 203], "functions": {"BaseMarketDataConnector.__init__": {"executed_lines": [43, 44, 45, 48, 49, 50, 51, 56, 57], "summary": {"covered_lines": 9, "num_statements": 9, "percent_covered": 100.0, "percent_covered_display": "100.00", "missing_lines": 0, "excluded_lines": 0}, "missing_lines": [], "excluded_lines": []}, "BaseMarketDataConnector.fetch_snapshot": {"executed_lines": [67, 68, 69, 70, 71, 72, 90, 91], "summary": {"covered_lines": 8, "num_statements": 8, "percent_covered": 100.0, "percent_covered_display": "100.00", "missing_lines": 0, "excluded_lines": 3}, "missing_lines": [], "excluded_lines": [73, 76, 82]}, "BaseMarketDataConnector.stream_ticks": {"executed_lines": [96, 97, 98, 99, 100, 101, 102, 103, 104, 105, 111, 118, 119, 120, 123, 124, 130, 132], "summary": {"covered_lines": 13, "num_statements": 13, "percent_covered": 100.0, "percent_covered_display": "100.00", "missing_lines": 0, "excluded_lines": 6}, "missing_lines": [], "excluded_lines": [120, 123, 124, 130, 131, 132]}, "BaseMarketDataConnector._convert_tick": {"executed_lines": [135, 136, 137, 138, 148], "summary": {"covered_lines": 5, "num_statements": 5, "percent_covered": 100.0, "percent_covered_display": "100.00", "missing_lines": 0, "excluded_lines": 0}, "missing_lines": [], "excluded_lines": []}, "BaseMarketDataConnector._validate_event": {"executed_lines": [151, 152], "summary": {"covered_lines": 2, "num_statements": 3, "percent_covered": 66.66666666666667, "percent_covered_display": "66.67", "missing_lines": 1, "excluded_lines": 0}, "missing_lines": [153], "excluded_lines": []}, "BaseMarketDataConnector._classify_dead_letter": {"executed_lines": [156, 161, 163, 165], "summary": {"covered_lines": 4, "num_statements": 10, "percent_covered": 40.0, "percent_covered_display": "40.00", "missing_lines": 6, "excluded_lines": 0}, "missing_lines": [157, 158, 159, 160, 162, 164], "excluded_lines": []}, "BaseMarketDataConnector._dead_letter_metadata": {"executed_lines": [168, 174, 175, 177], "summary": {"covered_lines": 4, "num_statements": 5, "percent_covered": 80.0, "percent_covered_display": "80.00", "missing_lines": 1, "excluded_lines": 0}, "missing_lines": [176], "excluded_lines": []}, "BaseMarketDataConnector._sleep_with_backoff": {"executed_lines": [180, 181, 182, 185, 186], "summary": {"covered_lines": 5, "num_statements": 7, "percent_covered": 71.42857142857143, "percent_covered_display": "71.43", "missing_lines": 2, "excluded_lines": 2}, "missing_lines": [183, 184], "excluded_lines": [187, 188]}, "BaseMarketDataConnector.dead_letter_queue": {"executed_lines": [192], "summary": {"covered_lines": 1, "num_statements": 1, "percent_covered": 100.0, "percent_covered_display": "100.00", "missing_lines": 0, "excluded_lines": 0}, "missing_lines": [], "excluded_lines": []}, "BaseMarketDataConnector.aclose": {"executed_lines": [195], "summary": {"covered_lines": 1, "num_statements": 1, "percent_covered": 100.0, "percent_covered_display": "100.00", "missing_lines": 0, "excluded_lines": 0}, "missing_lines": [], "excluded_lines": []}, "BaseMarketDataConnector.__aenter__": {"executed_lines": [], "summary": {"covered_lines": 0, "num_statements": 0, "percent_covered": 100.0, "percent_covered_display": "100.00", "missing_lines": 0, "excluded_lines": 1}, "missing_lines": [], "excluded_lines": [200]}, "BaseMarketDataConnector.__aexit__": {"executed_lines": [], "summary": {"covered_lines": 0, "num_statements": 0, "percent_covered": 100.0, "percent_covered_display": "100.00", "missing_lines": 0, "excluded_lines": 1}, "missing_lines": [], "excluded_lines": [203]}, "BinanceMarketDataConnector.__init__": {"executed_lines": [219, 220, 221, 227], "summary": {"covered_lines": 4, "num_statements": 4, "percent_covered": 100.0, "percent_covered_display": "100.00", "missing_lines": 0, "excluded_lines": 0}, "missing_lines": [], "excluded_lines": []}, "CoinbaseMarketDataConnector.__init__": {"executed_lines": [247, 248, 249, 250, 256], "summary": {"covered_lines": 5, "num_statements": 5, "percent_covered": 100.0, "percent_covered_display": "100.00", "missing_lines": 0, "excluded_lines": 0}, "missing_lines": [], "excluded_lines": []}, "PolygonMarketDataConnector.__init__": {"executed_lines": [279, 280, 281, 282, 290], "summary": {"covered_lines": 5, "num_statements": 5, "percent_covered": 100.0, "percent_covered_display": "100.00", "missing_lines": 0, "excluded_lines": 0}, "missing_lines": [], "excluded_lines": []}, "PolygonMarketDataConnector.fetch_aggregates": {"executed_lines": [310, 320, 321, 322, 323, 324, 340, 341], "summary": {"covered_lines": 8, "num_statements": 11, "percent_covered": 72.72727272727273, "percent_covered_display": "72.73", "missing_lines": 3, "excluded_lines": 0}, "missing_lines": [325, 326, 332], "excluded_lines": []}, "_decimal_to_float": {"executed_lines": [345, 346], "summary": {"covered_lines": 2, "num_statements": 3, "percent_covered": 66.66666666666667, "percent_covered_display": "66.67", "missing_lines": 1, "excluded_lines": 0}, "missing_lines": [347], "excluded_lines": []}, "_decimal_to_int": {"executed_lines": [351, 353], "summary": {"covered_lines": 2, "num_statements": 3, "percent_covered": 66.66666666666667, "percent_covered_display": "66.67", "missing_lines": 1, "excluded_lines": 0}, "missing_lines": [352], "excluded_lines": []}, "_timestamp_to_micros": {"executed_lines": [357], "summary": {"covered_lines": 1, "num_statements": 1, "percent_covered": 100.0, "percent_covered_display": "100.00", "missing_lines": 0, "excluded_lines": 0}, "missing_lines": [], "excluded_lines": []}, "_is_nullable": {"executed_lines": [361, 362, 363, 364, 365], "summary": {"covered_lines": 5, "num_statements": 5, "percent_covered": 100.0, "percent_covered_display": "100.00", "missing_lines": 0, "excluded_lines": 0}, "missing_lines": [], "excluded_lines": []}, "": {"executed_lines": [1, 3, 5, 6, 7, 8, 9, 10, 12, 18, 19, 20, 21, 22, 23, 24, 25, 27, 29, 32, 33, 35, 64, 93, 134, 150, 155, 167, 179, 190, 191, 194, 197, 202, 206, 207, 209, 234, 235, 237, 263, 264, 266, 296, 344, 350, 356, 360], "summary": {"covered_lines": 41, "num_statements": 41, "percent_covered": 100.0, "percent_covered_display": "100.00", "missing_lines": 0, "excluded_lines": 4}, "missing_lines": [], "excluded_lines": [197, 198, 199, 202]}}, "classes": {"BaseMarketDataConnector": {"executed_lines": [43, 44, 45, 48, 49, 50, 51, 56, 57, 67, 68, 69, 70, 71, 72, 90, 91, 96, 97, 98, 99, 100, 101, 102, 103, 104, 105, 111, 118, 119, 120, 123, 124, 130, 132, 135, 136, 137, 138, 148, 151, 152, 156, 161, 163, 165, 168, 174, 175, 177, 180, 181, 182, 185, 186, 192, 195], "summary": {"covered_lines": 52, "num_statements": 62, "percent_covered": 83.87096774193549, "percent_covered_display": "83.87", "missing_lines": 10, "excluded_lines": 13}, "missing_lines": [153, 157, 158, 159, 160, 162, 164, 176, 183, 184], "excluded_lines": [73, 76, 82, 120, 123, 124, 130, 131, 132, 187, 188, 200, 203]}, "BinanceMarketDataConnector": {"executed_lines": [219, 220, 221, 227], "summary": {"covered_lines": 4, "num_statements": 4, "percent_covered": 100.0, "percent_covered_display": "100.00", "missing_lines": 0, "excluded_lines": 0}, "missing_lines": [], "excluded_lines": []}, "CoinbaseMarketDataConnector": {"executed_lines": [247, 248, 249, 250, 256], "summary": {"covered_lines": 5, "num_statements": 5, "percent_covered": 100.0, "percent_covered_display": "100.00", "missing_lines": 0, "excluded_lines": 0}, "missing_lines": [], "excluded_lines": []}, "PolygonMarketDataConnector": {"executed_lines": [279, 280, 281, 282, 290, 310, 320, 321, 322, 323, 324, 340, 341], "summary": {"covered_lines": 13, "num_statements": 16, "percent_covered": 81.25, "percent_covered_display": "81.25", "missing_lines": 3, "excluded_lines": 0}, "missing_lines": [325, 326, 332], "excluded_lines": []}, "": {"executed_lines": [1, 3, 5, 6, 7, 8, 9, 10, 12, 18, 19, 20, 21, 22, 23, 24, 25, 27, 29, 32, 33, 35, 64, 93, 134, 150, 155, 167, 179, 190, 191, 194, 197, 202, 206, 207, 209, 234, 235, 237, 263, 264, 266, 296, 344, 345, 346, 350, 351, 353, 356, 357, 360, 361, 362, 363, 364, 365], "summary": {"covered_lines": 51, "num_statements": 53, "percent_covered": 96.22641509433963, "percent_covered_display": "96.23", "missing_lines": 2, "excluded_lines": 4}, "missing_lines": [347, 352], "excluded_lines": [197, 198, 199, 202]}}}, "core/data/dead_letter.py": {"executed_lines": [1, 3, 5, 6, 7, 8, 9, 10, 11, 12, 13, 14, 15, 16, 18, 19, 21, 23, 26, 27, 29, 30, 31, 32, 33, 34, 37, 38, 39, 41, 42, 43, 44, 45, 46, 47, 48, 49, 50, 52, 55, 69, 70, 72, 81, 82, 83, 84, 85, 86, 88, 89, 90, 93, 94, 95, 96, 97, 98, 99, 100, 102, 104, 110, 122, 123, 124, 125, 127, 129, 130, 131, 132, 134, 147, 148, 149, 150, 151, 153, 154, 161, 167, 169, 175, 176, 177, 179, 189, 190, 191, 192, 193, 195, 196, 197, 203, 205, 214, 215, 216, 217, 218, 219, 231, 234, 236, 237, 243, 245, 249, 250, 256, 264, 265, 268, 269, 270, 274, 275, 277, 278, 279, 280, 282, 283, 291, 297, 299, 302, 309, 312, 314, 317, 322, 323, 324, 331, 339, 347, 348, 350, 351, 356, 357, 358, 359, 360, 363, 364, 365, 367, 368, 369, 370, 373, 375, 376, 380, 381, 382, 387, 388, 389, 391, 393, 396, 397, 399, 409, 411, 414, 415, 416, 417, 418, 419, 420, 421, 423, 431, 434, 436, 437, 438, 439, 445, 447, 448, 449, 450, 456, 465, 470, 477, 478, 479, 481, 483, 485, 486, 488, 489, 490, 491, 496, 497, 499, 500, 501, 503, 504, 505, 506, 507, 508, 523, 525, 529], "summary": {"covered_lines": 211, "num_statements": 247, "percent_covered": 85.4251012145749, "percent_covered_display": "85.43", "missing_lines": 36, "excluded_lines": 15}, "missing_lines": [103, 105, 170, 171, 172, 173, 233, 266, 271, 272, 284, 325, 326, 327, 328, 329, 352, 353, 354, 371, 372, 383, 384, 385, 386, 390, 392, 410, 412, 458, 463, 480, 482, 484, 524, 526], "excluded_lines": [245, 246, 247, 249, 250, 251, 361, 362, 509, 510, 517, 518, 519, 520, 521], "functions": {"DeadLetterItem.asdict": {"executed_lines": [55], "summary": {"covered_lines": 1, "num_statements": 1, "percent_covered": 100.0, "percent_covered_display": "100.00", "missing_lines": 0, "excluded_lines": 0}, "missing_lines": [], "excluded_lines": []}, "DeadLetterQueue.__init__": {"executed_lines": [81, 82, 83, 84, 85, 86, 88, 89, 90, 93, 94, 95, 96, 97, 98, 99, 100, 102, 104], "summary": {"covered_lines": 19, "num_statements": 21, "percent_covered": 90.47619047619048, "percent_covered_display": "90.48", "missing_lines": 2, "excluded_lines": 0}, "missing_lines": [103, 105], "excluded_lines": []}, "DeadLetterQueue.push": {"executed_lines": [122, 123, 124, 125, 127, 129, 130, 131, 132, 134, 147, 148, 149, 150, 151, 153, 154, 161, 167], "summary": {"covered_lines": 19, "num_statements": 19, "percent_covered": 100.0, "percent_covered_display": "100.00", "missing_lines": 0, "excluded_lines": 0}, "missing_lines": [], "excluded_lines": []}, "DeadLetterQueue.drain": {"executed_lines": [], "summary": {"covered_lines": 0, "num_statements": 4, "percent_covered": 0.0, "percent_covered_display": "0.00", "missing_lines": 4, "excluded_lines": 0}, "missing_lines": [170, 171, 172, 173], "excluded_lines": []}, "DeadLetterQueue.peek": {"executed_lines": [176, 177], "summary": {"covered_lines": 2, "num_statements": 2, "percent_covered": 100.0, "percent_covered_display": "100.00", "missing_lines": 0, "excluded_lines": 0}, "missing_lines": [], "excluded_lines": []}, "DeadLetterQueue.acknowledge": {"executed_lines": [189, 190, 191, 192, 193, 195, 196, 197, 203], "summary": {"covered_lines": 9, "num_statements": 9, "percent_covered": 100.0, "percent_covered_display": "100.00", "missing_lines": 0, "excluded_lines": 0}, "missing_lines": [], "excluded_lines": []}, "DeadLetterQueue.mark_retry": {"executed_lines": [214, 215, 216, 217, 218, 219, 231, 234, 236, 237, 243], "summary": {"covered_lines": 11, "num_statements": 12, "percent_covered": 91.66666666666667, "percent_covered_display": "91.67", "missing_lines": 1, "excluded_lines": 0}, "missing_lines": [233], "excluded_lines": []}, "DeadLetterQueue.__len__": {"executed_lines": [], "summary": {"covered_lines": 0, "num_statements": 0, "percent_covered": 100.0, "percent_covered_display": "100.00", "missing_lines": 0, "excluded_lines": 2}, "missing_lines": [], "excluded_lines": [246, 247]}, "DeadLetterQueue.max_items": {"executed_lines": [], "summary": {"covered_lines": 0, "num_statements": 0, "percent_covered": 100.0, "percent_covered_display": "100.00", "missing_lines": 0, "excluded_lines": 1}, "missing_lines": [], "excluded_lines": [251]}, "DeadLetterQueue.persist": {"executed_lines": [264, 265, 268, 269, 270, 274, 275, 277, 278, 279, 280, 282, 283, 291, 297], "summary": {"covered_lines": 15, "num_statements": 19, "percent_covered": 78.94736842105263, "percent_covered_display": "78.95", "missing_lines": 4, "excluded_lines": 0}, "missing_lines": [266, 271, 272, 284], "excluded_lines": []}, "DeadLetterQueue.analytics": {"executed_lines": [302], "summary": {"covered_lines": 1, "num_statements": 1, "percent_covered": 100.0, "percent_covered_display": "100.00", "missing_lines": 0, "excluded_lines": 0}, "missing_lines": [], "excluded_lines": []}, "DeadLetterQueue.identify_toxic_items": {"executed_lines": [312], "summary": {"covered_lines": 1, "num_statements": 1, "percent_covered": 100.0, "percent_covered_display": "100.00", "missing_lines": 0, "excluded_lines": 0}, "missing_lines": [], "excluded_lines": []}, "DeadLetterQueue.audit_log": {"executed_lines": [317], "summary": {"covered_lines": 1, "num_statements": 1, "percent_covered": 100.0, "percent_covered_display": "100.00", "missing_lines": 0, "excluded_lines": 0}, "missing_lines": [], "excluded_lines": []}, "DeadLetterQueue._persist_item": {"executed_lines": [323, 324], "summary": {"covered_lines": 2, "num_statements": 7, "percent_covered": 28.571428571428573, "percent_covered_display": "28.57", "missing_lines": 5, "excluded_lines": 0}, "missing_lines": [325, 326, 327, 328, 329], "excluded_lines": []}, "DeadLetterQueue._record_audit": {"executed_lines": [339, 347, 348, 350, 351], "summary": {"covered_lines": 5, "num_statements": 8, "percent_covered": 62.5, "percent_covered_display": "62.50", "missing_lines": 3, "excluded_lines": 0}, "missing_lines": [352, 353, 354], "excluded_lines": []}, "DeadLetterQueue._normalise_payload": {"executed_lines": [358, 359, 360, 363, 364, 365], "summary": {"covered_lines": 6, "num_statements": 6, "percent_covered": 100.0, "percent_covered_display": "100.00", "missing_lines": 0, "excluded_lines": 2}, "missing_lines": [], "excluded_lines": [361, 362]}, "DeadLetterQueue._compute_digest": {"executed_lines": [369, 370, 373], "summary": {"covered_lines": 3, "num_statements": 5, "percent_covered": 60.0, "percent_covered_display": "60.00", "missing_lines": 2, "excluded_lines": 0}, "missing_lines": [371, 372], "excluded_lines": []}, "DeadLetterQueue._resolve_reason": {"executed_lines": [380, 381, 382, 387, 388, 389, 391, 393], "summary": {"covered_lines": 8, "num_statements": 14, "percent_covered": 57.142857142857146, "percent_covered_display": "57.14", "missing_lines": 6, "excluded_lines": 0}, "missing_lines": [383, 384, 385, 386, 390, 392], "excluded_lines": []}, "DeadLetterReplayController.__init__": {"executed_lines": [409, 411, 414, 415, 416, 417, 418, 419, 420, 421], "summary": {"covered_lines": 10, "num_statements": 12, "percent_covered": 83.33333333333333, "percent_covered_display": "83.33", "missing_lines": 2, "excluded_lines": 0}, "missing_lines": [410, 412], "excluded_lines": []}, "DeadLetterReplayController.replay": {"executed_lines": [431, 434, 436, 437, 438, 439, 445, 447, 448, 449, 450, 456, 465], "summary": {"covered_lines": 13, "num_statements": 15, "percent_covered": 86.66666666666667, "percent_covered_display": "86.67", "missing_lines": 2, "excluded_lines": 0}, "missing_lines": [458, 463], "excluded_lines": []}, "DeadLetterReplayController._select_candidates": {"executed_lines": [477, 478, 479, 481, 483, 485, 486], "summary": {"covered_lines": 7, "num_statements": 10, "percent_covered": 70.0, "percent_covered_display": "70.00", "missing_lines": 3, "excluded_lines": 0}, "missing_lines": [480, 482, 484], "excluded_lines": []}, "DeadLetterReplayController._is_duplicate": {"executed_lines": [489, 490, 491, 496, 497], "summary": {"covered_lines": 5, "num_statements": 5, "percent_covered": 100.0, "percent_covered_display": "100.00", "missing_lines": 0, "excluded_lines": 0}, "missing_lines": [], "excluded_lines": []}, "DeadLetterReplayController._register_replay": {"executed_lines": [500, 501], "summary": {"covered_lines": 2, "num_statements": 2, "percent_covered": 100.0, "percent_covered_display": "100.00", "missing_lines": 0, "excluded_lines": 0}, "missing_lines": [], "excluded_lines": []}, "DeadLetterReplayController._process_with_retry": {"executed_lines": [504, 505, 506, 507, 508, 523, 525], "summary": {"covered_lines": 7, "num_statements": 9, "percent_covered": 77.77777777777777, "percent_covered_display": "77.78", "missing_lines": 2, "excluded_lines": 7}, "missing_lines": [524, 526], "excluded_lines": [509, 510, 517, 518, 519, 520, 521]}, "": {"executed_lines": [1, 3, 5, 6, 7, 8, 9, 10, 11, 12, 13, 14, 15, 16, 18, 19, 21, 23, 26, 27, 29, 30, 31, 32, 33, 34, 37, 38, 39, 41, 42, 43, 44, 45, 46, 47, 48, 49, 50, 52, 69, 70, 72, 110, 169, 175, 179, 205, 245, 249, 250, 256, 299, 309, 314, 322, 331, 356, 357, 367, 368, 375, 376, 396, 397, 399, 423, 470, 488, 499, 503, 529], "summary": {"covered_lines": 64, "num_statements": 64, "percent_covered": 100.0, "percent_covered_display": "100.00", "missing_lines": 0, "excluded_lines": 3}, "missing_lines": [], "excluded_lines": [245, 249, 250]}}, "classes": {"DeadLetterReason": {"executed_lines": [], "summary": {"covered_lines": 0, "num_statements": 0, "percent_covered": 100.0, "percent_covered_display": "100.00", "missing_lines": 0, "excluded_lines": 0}, "missing_lines": [], "excluded_lines": []}, "DeadLetterItem": {"executed_lines": [55], "summary": {"covered_lines": 1, "num_statements": 1, "percent_covered": 100.0, "percent_covered_display": "100.00", "missing_lines": 0, "excluded_lines": 0}, "missing_lines": [], "excluded_lines": []}, "DeadLetterQueue": {"executed_lines": [81, 82, 83, 84, 85, 86, 88, 89, 90, 93, 94, 95, 96, 97, 98, 99, 100, 102, 104, 122, 123, 124, 125, 127, 129, 130, 131, 132, 134, 147, 148, 149, 150, 151, 153, 154, 161, 167, 176, 177, 189, 190, 191, 192, 193, 195, 196, 197, 203, 214, 215, 216, 217, 218, 219, 231, 234, 236, 237, 243, 264, 265, 268, 269, 270, 274, 275, 277, 278, 279, 280, 282, 283, 291, 297, 302, 312, 317, 323, 324, 339, 347, 348, 350, 351, 358, 359, 360, 363, 364, 365, 369, 370, 373, 380, 381, 382, 387, 388, 389, 391, 393], "summary": {"covered_lines": 102, "num_statements": 129, "percent_covered": 79.06976744186046, "percent_covered_display": "79.07", "missing_lines": 27, "excluded_lines": 5}, "missing_lines": [103, 105, 170,
[...]
_covered": 0.0, "percent_covered_display": "0.00", "missing_lines": 16, "excluded_lines": 2}, "missing_lines": [49, 50, 51, 52, 60, 61, 71, 72, 73, 74, 75, 76, 77, 78, 79, 80], "excluded_lines": [69, 70]}, "ingest_prices": {"executed_lines": [], "summary": {"covered_lines": 0, "num_statements": 6, "percent_covered": 0.0, "percent_covered_display": "0.00", "missing_lines": 6, "excluded_lines": 0}, "missing_lines": [86, 87, 88, 93, 94, 95], "excluded_lines": []}, "build_signal_function": {"executed_lines": [], "summary": {"covered_lines": 0, "num_statements": 4, "percent_covered": 0.0, "percent_covered_display": "0.00", "missing_lines": 4, "excluded_lines": 0}, "missing_lines": [104, 105, 107, 132], "excluded_lines": []}, "build_signal_function._signal": {"executed_lines": [], "summary": {"covered_lines": 0, "num_statements": 18, "percent_covered": 0.0, "percent_covered_display": "0.00", "missing_lines": 18, "excluded_lines": 0}, "missing_lines": [108, 109, 110, 111, 112, 113, 114, 115, 117, 118, 119, 120, 121, 122, 123, 128, 129, 130], "excluded_lines": []}, "run_backtest": {"executed_lines": [], "summary": {"covered_lines": 0, "num_statements": 1, "percent_covered": 0.0, "percent_covered_display": "0.00", "missing_lines": 1, "excluded_lines": 0}, "missing_lines": [142], "excluded_lines": []}, "summarise_result": {"executed_lines": [152, 153, 154, 156], "summary": {"covered_lines": 4, "num_statements": 5, "percent_covered": 80.0, "percent_covered_display": "80.00", "missing_lines": 1, "excluded_lines": 0}, "missing_lines": [155], "excluded_lines": []}, "write_summary": {"executed_lines": [172, 173, 174, 175], "summary": {"covered_lines": 4, "num_statements": 4, "percent_covered": 100.0, "percent_covered_display": "100.00", "missing_lines": 0, "excluded_lines": 0}, "missing_lines": [], "excluded_lines": []}, "SmokeE2EPipeline.__init__": {"executed_lines": [221, 222, 223, 224, 225], "summary": {"covered_lines": 5, "num_statements": 5, "percent_covered": 100.0, "percent_covered_display": "100.00", "missing_lines": 0, "excluded_lines": 0}, "missing_lines": [], "excluded_lines": []}, "SmokeE2EPipeline.run": {"executed_lines": [230, 231, 234, 236, 237, 238, 239, 240, 242, 243, 245, 246, 250], "summary": {"covered_lines": 13, "num_statements": 14, "percent_covered": 92.85714285714286, "percent_covered_display": "92.86", "missing_lines": 1, "excluded_lines": 0}, "missing_lines": [232], "excluded_lines": []}, "": {"executed_lines": [1, 2, 4, 5, 6, 7, 8, 9, 10, 11, 13, 15, 16, 18, 20, 21, 22, 23, 24, 27, 35, 46, 83, 98, 135, 145, 169, 178, 179, 180, 182, 183, 184, 185, 186, 189, 190, 191, 193, 194, 197, 198, 199, 201, 202, 203, 204, 205, 206, 209, 210, 212, 227, 260], "summary": {"covered_lines": 49, "num_statements": 49, "percent_covered": 100.0, "percent_covered_display": "100.00", "missing_lines": 0, "excluded_lines": 0}, "missing_lines": [], "excluded_lines": []}}, "classes": {"SmokeE2EConfig": {"executed_lines": [], "summary": {"covered_lines": 0, "num_statements": 0, "percent_covered": 100.0, "percent_covered_display": "100.00", "missing_lines": 0, "excluded_lines": 0}, "missing_lines": [], "excluded_lines": []}, "SmokeE2EArtifacts": {"executed_lines": [], "summary": {"covered_lines": 0, "num_statements": 0, "percent_covered": 100.0, "percent_covered_display": "100.00", "missing_lines": 0, "excluded_lines": 0}, "missing_lines": [], "excluded_lines": []}, "SmokeE2ERun": {"executed_lines": [], "summary": {"covered_lines": 0, "num_statements": 0, "percent_covered": 100.0, "percent_covered_display": "100.00", "missing_lines": 0, "excluded_lines": 0}, "missing_lines": [], "excluded_lines": []}, "SmokeE2EPipeline": {"executed_lines": [221, 222, 223, 224, 225, 230, 231, 234, 236, 237, 238, 239, 240, 242, 243, 245, 246, 250], "summary": {"covered_lines": 18, "num_statements": 19, "percent_covered": 94.73684210526316, "percent_covered_display": "94.74", "missing_lines": 1, "excluded_lines": 0}, "missing_lines": [232], "excluded_lines": []}, "": {"executed_lines": [1, 2, 4, 5, 6, 7, 8, 9, 10, 11, 13, 15, 16, 18, 20, 21, 22, 23, 24, 27, 30, 31, 32, 35, 46, 83, 98, 135, 145, 152, 153, 154, 156, 169, 172, 173, 174, 175, 178, 179, 180, 182, 183, 184, 185, 186, 189, 190, 191, 193, 194, 197, 198, 199, 201, 202, 203, 204, 205, 206, 209, 210, 212, 227, 260], "summary": {"covered_lines": 60, "num_statements": 113, "percent_covered": 53.097345132743364, "percent_covered_display": "53.10", "missing_lines": 53, "excluded_lines": 2}, "missing_lines": [36, 37, 38, 39, 40, 42, 43, 49, 50, 51, 52, 60, 61, 71, 72, 73, 74, 75, 76, 77, 78, 79, 80, 86, 87, 88, 93, 94, 95, 104, 105, 107, 108, 109, 110, 111, 112, 113, 114, 115, 117, 118, 119, 120, 121, 122, 123, 128, 129, 130, 132, 142, 155], "excluded_lines": [69, 70]}}}, "core/security/tls.py": {"executed_lines": [1, 3, 5, 6, 7, 9, 17, 19, 20, 22, 28, 29, 32, 35, 38, 41, 42, 43, 44, 45, 46, 49, 50, 53, 54, 55, 58, 71, 72, 74, 75, 76, 77, 78, 79, 81, 82, 83, 84, 86, 87, 88, 89, 91, 92, 93, 96, 103, 106], "summary": {"covered_lines": 45, "num_statements": 56, "percent_covered": 80.35714285714286, "percent_covered_display": "80.36", "missing_lines": 11, "excluded_lines": 3}, "missing_lines": [30, 31, 33, 34, 51, 94, 97, 98, 99, 100, 101], "excluded_lines": [44, 45, 46], "functions": {"_ensure_file": {"executed_lines": [29, 32, 35], "summary": {"covered_lines": 3, "num_statements": 7, "percent_covered": 42.857142857142854, "percent_covered_display": "42.86", "missing_lines": 4, "excluded_lines": 0}, "missing_lines": [30, 31, 33, 34], "excluded_lines": []}, "parse_tls_version": {"executed_lines": [41, 42, 43, 44, 45, 46], "summary": {"covered_lines": 3, "num_statements": 3, "percent_covered": 100.0, "percent_covered_display": "100.00", "missing_lines": 0, "excluded_lines": 3}, "missing_lines": [], "excluded_lines": [44, 45, 46]}, "_normalise_sequence": {"executed_lines": [50, 53, 54, 55], "summary": {"covered_lines": 4, "num_statements": 5, "percent_covered": 80.0, "percent_covered_display": "80.00", "missing_lines": 1, "excluded_lines": 0}, "missing_lines": [51], "excluded_lines": []}, "create_server_ssl_context": {"executed_lines": [71, 72, 74, 75, 76, 77, 78, 79, 81, 82, 83, 84, 86, 87, 88, 89, 91, 92, 93, 96, 103], "summary": {"covered_lines": 21, "num_statements": 27, "percent_covered": 77.77777777777777, "percent_covered_display": "77.78", "missing_lines": 6, "excluded_lines": 0}, "missing_lines": [94, 97, 98, 99, 100, 101], "excluded_lines": []}, "": {"executed_lines": [1, 3, 5, 6, 7, 9, 17, 19, 20, 22, 28, 38, 49, 58, 106], "summary": {"covered_lines": 14, "num_statements": 14, "percent_covered": 100.0, "percent_covered_display": "100.00", "missing_lines": 0, "excluded_lines": 0}, "missing_lines": [], "excluded_lines": []}}, "classes": {"": {"executed_lines": [1, 3, 5, 6, 7, 9, 17, 19, 20, 22, 28, 29, 32, 35, 38, 41, 42, 43, 44, 45, 46, 49, 50, 53, 54, 55, 58, 71, 72, 74, 75, 76, 77, 78, 79, 81, 82, 83, 84, 86, 87, 88, 89, 91, 92, 93, 96, 103, 106], "summary": {"covered_lines": 45, "num_statements": 56, "percent_covered": 80.35714285714286, "percent_covered_display": "80.36", "missing_lines": 11, "excluded_lines": 3}, "missing_lines": [30, 31, 33, 34, 51, 94, 97, 98, 99, 100, 101], "excluded_lines": [44, 45, 46]}}}, "core/tracing/distributed.py": {"executed_lines": [1, 10, 12, 13, 14, 15, 16, 17, 18, 20, 23, 24, 25, 26, 27, 41, 42, 46, 47, 48, 49, 50, 51, 52, 53, 54, 55, 56, 57, 60, 61, 64, 68, 70, 71, 72, 73, 74, 75, 78, 83, 112, 113, 114, 115, 118, 119, 120, 122, 123, 124, 125, 126, 127, 128, 129, 130, 131, 132, 135, 136, 137, 139, 140, 141, 144, 196, 208, 225, 240, 249, 257, 266, 269, 270, 276, 279, 280, 282, 285, 286, 306, 322, 334, 343, 371, 381, 387, 388, 419, 442, 443, 479, 480, 513, 523], "summary": {"covered_lines": 70, "num_statements": 278, "percent_covered": 25.179856115107913, "percent_covered_display": "25.18", "missing_lines": 208, "excluded_lines": 41}, "missing_lines": [85, 88, 89, 91, 94, 95, 96, 97, 98, 99, 100, 101, 103, 104, 105, 106, 107, 149, 150, 151, 153, 155, 157, 161, 162, 163, 164, 166, 167, 168, 169, 171, 173, 174, 176, 178, 179, 181, 193, 199, 200, 202, 203, 204, 205, 209, 210, 212, 213, 214, 215, 216, 218, 220, 221, 222, 226, 227, 228, 229, 234, 241, 242, 243, 244, 245, 246, 251, 252, 253, 254, 261, 262, 263, 281, 293, 294, 295, 296, 297, 298, 299, 300, 302, 303, 309, 310, 312, 313, 315, 317, 318, 319, 323, 324, 325, 326, 327, 328, 329, 330, 331, 335, 336, 337, 338, 339, 340, 344, 345, 346, 347, 348, 349, 350, 351, 352, 354, 355, 357, 358, 359, 360, 361, 362, 363, 364, 365, 366, 367, 368, 374, 375, 376, 377, 378, 384, 394, 395, 396, 397, 398, 400, 401, 402, 403, 404, 405, 406, 407, 409, 410, 412, 413, 414, 416, 422, 423, 425, 426, 427, 428, 429, 430, 432, 434, 435, 450, 451, 452, 457, 458, 459, 461, 462, 463, 464, 465, 466, 468, 469, 471, 472, 473, 474, 475, 476, 489, 490, 491, 492, 494, 495, 496, 498, 499, 500, 501, 502, 505, 506, 507, 510, 516, 517, 518, 519, 520], "excluded_lines": [23, 24, 25, 26, 27, 28, 29, 30, 31, 32, 33, 34, 35, 36, 40, 41, 42, 46, 47, 48, 49, 50, 51, 52, 53, 54, 55, 56, 57, 111, 112, 113, 114, 115, 271, 272, 273, 503, 504, 508, 509], "functions": {"_default_correlation_id": {"executed_lines": [61], "summary": {"covered_lines": 1, "num_statements": 1, "percent_covered": 100.0, "percent_covered_display": "100.00", "missing_lines": 0, "excluded_lines": 0}, "missing_lines": [], "excluded_lines": []}, "_DictSetter.set": {"executed_lines": [], "summary": {"covered_lines": 0, "num_statements": 1, "percent_covered": 0.0, "percent_covered_display": "0.00", "missing_lines": 1, "excluded_lines": 0}, "missing_lines": [89], "excluded_lines": []}, "_DictGetter.get": {"executed_lines": [], "summary": {"covered_lines": 0, "num_statements": 7, "percent_covered": 0.0, "percent_covered_display": "0.00", "missing_lines": 7, "excluded_lines": 0}, "missing_lines": [95, 96, 97, 98, 99, 100, 101], "excluded_lines": []}, "configure_distributed_tracing": {"executed_lines": [], "summary": {"covered_lines": 0, "num_statements": 22, "percent_covered": 0.0, "percent_covered_display": "0.00", "missing_lines": 22, "excluded_lines": 0}, "missing_lines": [149, 150, 151, 153, 155, 157, 161, 162, 163, 164, 166, 167, 168, 169, 171, 173, 174, 176, 178, 179, 181, 193], "excluded_lines": []}, "shutdown_tracing": {"executed_lines": [], "summary": {"covered_lines": 0, "num_statements": 6, "percent_covered": 0.0, "percent_covered_display": "0.00", "missing_lines": 6, "excluded_lines": 0}, "missing_lines": [199, 200, 202, 203, 204, 205], "excluded_lines": []}, "_build_sampler": {"executed_lines": [], "summary": {"covered_lines": 0, "num_statements": 11, "percent_covered": 0.0, "percent_covered_display": "0.00", "missing_lines": 11, "excluded_lines": 0}, "missing_lines": [209, 210, 212, 213, 214, 215, 216, 218, 220, 221, 222], "excluded_lines": []}, "_build_jaeger_exporter": {"executed_lines": [], "summary": {"covered_lines": 0, "num_statements": 5, "percent_covered": 0.0, "percent_covered_display": "0.00", "missing_lines": 5, "excluded_lines": 0}, "missing_lines": [226, 227, 228, 229, 234], "excluded_lines": []}, "_ensure_w3c_propagator": {"executed_lines": [], "summary": {"covered_lines": 0, "num_statements": 6, "percent_covered": 0.0, "percent_covered_display": "0.00", "missing_lines": 6, "excluded_lines": 0}, "missing_lines": [241, 242, 243, 244, 245, 246], "excluded_lines": []}, "_update_correlation_header": {"executed_lines": [], "summary": {"covered_lines": 0, "num_statements": 4, "percent_covered": 0.0, "percent_covered_display": "0.00", "missing_lines": 4, "excluded_lines": 0}, "missing_lines": [251, 252, 253, 254], "excluded_lines": []}, "set_correlation_id_generator": {"executed_lines": [], "summary": {"covered_lines": 0, "num_statements": 3, "percent_covered": 0.0, "percent_covered_display": "0.00", "missing_lines": 3, "excluded_lines": 0}, "missing_lines": [261, 262, 263], "excluded_lines": []}, "generate_correlation_id": {"executed_lines": [269, 270], "summary": {"covered_lines": 2, "num_statements": 2, "percent_covered": 100.0, "percent_covered_display": "100.00", "missing_lines": 0, "excluded_lines": 3}, "missing_lines": [], "excluded_lines": [271, 272, 273]}, "current_correlation_id": {"executed_lines": [279, 280, 282], "summary": {"covered_lines": 3, "num_statements": 4, "percent_covered": 75.0, "percent_covered_display": "75.00", "missing_lines": 1, "excluded_lines": 0}, "missing_lines": [281], "excluded_lines": []}, "correlation_scope": {"executed_lines": [], "summary": {"covered_lines": 0, "num_statements": 10, "percent_covered": 0.0, "percent_covered_display": "0.00", "missing_lines": 10, "excluded_lines": 0}, "missing_lines": [293, 294, 295, 296, 297, 298, 299, 300, 302, 303], "excluded_lines": []}, "inject_distributed_context": {"executed_lines": [], "summary": {"covered_lines": 0, "num_statements": 8, "percent_covered": 0.0, "percent_covered_display": "0.00", "missing_lines": 8, "excluded_lines": 0}, "missing_lines": [309, 310, 312, 313, 315, 317, 318, 319], "excluded_lines": []}, "_first_correlation_value": {"executed_lines": [], "summary": {"covered_lines": 0, "num_statements": 9, "percent_covered": 0.0, "percent_covered_display": "0.00", "missing_lines": 9, "excluded_lines": 0}, "missing_lines": [323, 324, 325, 326, 327, 328, 329, 330, 331], "excluded_lines": []}, "_inject_local_baggage": {"executed_lines": [], "summary": {"covered_lines": 0, "num_statements": 6, "percent_covered": 0.0, "percent_covered_display": "0.00", "missing_lines": 6, "excluded_lines": 0}, "missing_lines": [335, 336, 337, 338, 339, 340], "excluded_lines": []}, "_extract_local_baggage": {"executed_lines": [], "summary": {"covered_lines": 0, "num_statements": 23, "percent_covered": 0.0, "percent_covered_display": "0.00", "missing_lines": 23, "excluded_lines": 0}, "missing_lines": [344, 345, 346, 347, 348, 349, 350, 351, 352, 354, 355, 357, 358, 359, 360, 361, 362, 363, 364, 365, 366, 367, 368], "excluded_lines": []}, "current_baggage": {"executed_lines": [], "summary": {"covered_lines": 0, "num_statements": 5, "percent_covered": 0.0, "percent_covered_display": "0.00", "missing_lines": 5, "excluded_lines": 0}, "missing_lines": [374, 375, 376, 377, 378], "excluded_lines": []}, "get_baggage_item": {"executed_lines": [], "summary": {"covered_lines": 0, "num_statements": 1, "percent_covered": 0.0, "percent_covered_display": "0.00", "missing_lines": 1, "excluded_lines": 0}, "missing_lines": [384], "excluded_lines": []}, "baggage_scope": {"executed_lines": [], "summary": {"covered_lines": 0, "num_statements": 19, "percent_covered": 0.0, "percent_covered_display": "0.00", "missing_lines": 19, "excluded_lines": 0}, "missing_lines": [394, 395, 396, 397, 398, 400, 401, 402, 403, 404, 405, 406, 407, 409, 410, 412, 413, 414, 416], "excluded_lines": []}, "extract_distributed_context": {"executed_lines": [], "summary": {"covered_lines": 0, "num_statements": 11, "percent_covered": 0.0, "percent_covered_display": "0.00", "missing_lines": 11, "excluded_lines": 0}, "missing_lines": [422, 423, 425, 426, 427, 428, 429, 430, 432, 434, 435], "excluded_lines": []}, "activate_distributed_context": {"executed_lines": [], "summary": {"covered_lines": 0, "num_statements": 20, "percent_covered": 0.0, "percent_covered_display": "0.00", "missing_lines": 20, "excluded_lines": 0}, "missing_lines": [450, 451, 452, 457, 458, 459, 461, 462, 463, 464, 465, 466, 468, 469, 471, 472, 473, 474, 475, 476], "excluded_lines": []}, "start_distributed_span": {"executed_lines": [], "summary": {"covered_lines": 0, "num_statements": 16, "percent_covered": 0.0, "percent_covered_display": "0.00", "missing_lines": 16, "excluded_lines": 4}, "missing_lines": [489, 490, 491, 492, 494, 495, 496, 498, 499, 500, 501, 502, 505, 506, 507, 510], "excluded_lines": [503, 504, 508, 509]}, "traceparent_header": {"executed_lines": [], "summary": {"covered_lines": 0, "num_statements": 5, "percent_covered": 0.0, "percent_covered_display": "0.00", "missing_lines": 5, "excluded_lines": 0}, "missing_lines": [516, 517, 518, 519, 520], "excluded_lines": []}, "": {"executed_lines": [1, 10, 12, 13, 14, 15, 16, 17, 18, 20, 23, 24, 25, 26, 27, 41, 42, 46, 47, 48, 49, 50, 51, 52, 53, 54, 55, 56, 57, 60, 64, 68, 70, 71, 72, 73, 74, 75, 78, 83, 112, 113, 114, 115, 118, 119, 120, 122, 123, 124, 125, 126, 127, 128, 129, 130, 131, 132, 135, 136, 137, 139, 140, 141, 144, 196, 208, 225, 240, 249, 257, 266, 276, 285, 286, 306, 322, 334, 343, 371, 381, 387, 388, 419, 442, 443, 479, 480, 513, 523], "summary": {"covered_lines": 64, "num_statements": 73, "percent_covered": 87.67123287671232, "percent_covered_display": "87.67", "missing_lines": 9, "excluded_lines": 34}, "missing_lines": [85, 88, 91, 94, 103, 104, 105, 106, 107], "excluded_lines": [23, 24, 25, 26, 27, 28, 29, 30, 31, 32, 33, 34, 35, 36, 40, 41, 42, 46, 47, 48, 49, 50, 51, 52, 53, 54, 55, 56, 57, 111, 112, 113, 114, 115]}}, "classes": {"_DictSetter": {"executed_lines": [], "summary": {"covered_lines": 0, "num_statements": 1, "percent_covered": 0.0, "percent_covered_display": "0.00", "missing_lines": 1, "excluded_lines": 0}, "missing_lines": [89], "excluded_lines": []}, "_DictGetter": {"executed_lines": [], "summary": {"covered_lines": 0, "num_statements": 7, "percent_covered": 0.0, "percent_covered_display": "0.00", "missing_lines": 7, "excluded_lines": 0}, "missing_lines": [95, 96, 97, 98, 99, 100, 101], "excluded_lines": []}, "DistributedTracingConfig": {"executed_lines": [], "summary": {"covered_lines": 0, "num_statements": 0, "percent_covered": 100.0, "percent_covered_display": "100.00", "missing_lines": 0, "excluded_lines": 0}, "missing_lines": [], "excluded_lines": []}, "ExtractedContext": {"executed_lines": [], "summary": {"covered_lines": 0, "num_statements": 0, "percent_covered": 100.0, "percent_covered_display": "100.00", "missing_lines": 0, "excluded_lines": 0}, "missing_lines": [], "excluded_lines": []}, "": {"executed_lines": [1, 10, 12, 13, 14, 15, 16, 17, 18, 20, 23, 24, 25, 26, 27, 41, 42, 46, 47, 48, 49, 50, 51, 52, 53, 54, 55, 56, 57, 60, 61, 64, 68, 70, 71, 72, 73, 74, 75, 78, 83, 112, 113, 114, 115, 118, 119, 120, 122, 123, 124, 125, 126, 127, 128, 129, 130, 131, 132, 135, 136, 137, 139, 140, 141, 144, 196, 208, 225, 240, 249, 257, 266, 269, 270, 276, 279, 280, 282, 285, 286, 306, 322, 334, 343, 371, 381, 387, 388, 419, 442, 443, 479, 480, 513, 523], "summary": {"covered_lines": 70, "num_statements": 270, "percent_covered": 25.925925925925927, "percent_covered_display": "25.93", "missing_lines": 200, "excluded_lines": 41}, "missing_lines": [85, 88, 91, 94, 103, 104, 105, 106, 107, 149, 150, 151, 153, 155, 157, 161, 162, 163, 164, 166, 167, 168, 169, 171, 173, 174, 176, 178, 179, 181, 193, 199, 200, 202, 203, 204, 205, 209, 210, 212, 213, 214, 215, 216, 218, 220, 221, 222, 226, 227, 228, 229, 234, 241, 242, 243, 244, 245, 246, 251, 252, 253, 254, 261, 262, 263, 281, 293, 294, 295, 296, 297, 298, 299, 300, 302, 303, 309, 310, 312, 313, 315, 317, 318, 319, 323, 324, 325, 326, 327, 328, 329, 330, 331, 335, 336, 337, 338, 339, 340, 344, 345, 346, 347, 348, 349, 350, 351, 352, 354, 355, 357, 358, 359, 360, 361, 362, 363, 364, 365, 366, 367, 368, 374, 375, 376, 377, 378, 384, 394, 395, 396, 397, 398, 400, 401, 402, 403, 404, 405, 406, 407, 409, 410, 412, 413, 414, 416, 422, 423, 425, 426, 427, 428, 429, 430, 432, 434, 435, 450, 451, 452, 457, 458, 459, 461, 462, 463, 464, 465, 466, 468, 469, 471, 472, 473, 474, 475, 476, 489, 490, 491, 492, 494, 495, 496, 498, 499, 500, 501, 502, 505, 506, 507, 510, 516, 517, 518, 519, 520], "excluded_lines": [23, 24, 25, 26, 27, 28, 29, 30, 31, 32, 33, 34, 35, 36, 40, 41, 42, 46, 47, 48, 49, 50, 51, 52, 53, 54, 55, 56, 57, 111, 112, 113, 114, 115, 271, 272, 273, 503, 504, 508, 509]}}}}, "totals": {"covered_lines": 5322, "num_statements": 6960, "percent_covered": 76.46551724137932, "percent_covered_display": "76.47", "missing_lines": 1638, "excluded_lines": 343}}