<?xml version="1.0" encoding="utf-8"?><testsuites name="pytest tests"><testsuite name="pytest" errors="0" failures="0" skipped="0" tests="625" time="15.337" timestamp="2026-05-08T22:24:55.270569+03:00" hostname="neuro7-ASUS-TUF-Gaming-F17-FX707ZC4-FX707ZC4"><properties>
[...]
</properties><testcase classname="tests.research.systemic_risk.test_adversarial_ladder.TestLadderRungs" name="test_canonical_eight_rungs" time="0.006"><properties><property name="geosync_level" value="L3" /></properties></testcase><testcase classname="tests.research.systemic_risk.test_adversarial_ladder.TestLadderVerdictDefaults" name="test_default_verdict_is_guilty_under_random_signal" time="0.390"><properties><property name="geosync_level" value="L3" /></properties></testcase><testcase classname="tests.research.systemic_risk.test_adversarial_ladder.TestLadderVerdictDefaults" name="test_zero_prosecutors_yields_insufficient" time="0.001"><properties><property name="geosync_level" value="L3" /></properties></testcase><testcase classname="tests.research.systemic_risk.test_adversarial_ladder.TestLadderVerdictDefaults" name="test_acquitted_engaged_requires_all_engaged_to_lose" time="0.783"><properties><property name="geosync_level" value="L3" /></properties></testcase><testcase classname="tests.research.systemic_risk.test_adversarial_ladder.TestLadderVerdictDefaults" name="test_one_loss_anywhere_yields_guilty" time="0.801"><properties><property name="geosync_level" value="L3" /></properties></testcase><testcase classname="tests.research.systemic_risk.test_adversarial_ladder.TestLadderVerdictDefaults" name="test_length_mismatch_records_failure_reason" time="0.001"><properties><property name="geosync_level" value="L3" /></properties></testcase><testcase classname="tests.research.systemic_risk.test_adversarial_ladder.TestLadderConfig" name="test_negative_delta_floor_rejected" time="0.001"><properties><property name="geosync_level" value="L3" /></properties></testcase><testcase classname="tests.research.systemic_risk.test_adversarial_ladder.TestLadderConfig" name="test_low_n_bootstrap_rejected" time="0.000"><properties><property name="geosync_level" value="L3" /></properties></testcase><testcase classname="tests.research.systemic_risk.test_adversarial_ladder.TestProsecutorScore" name="test_invalid_rung_rejected" time="0.000"><properties><property name="geosync_level" value="L3" /></properties></testcase><testcase classname="tests.research.systemic_risk.test_adversarial_ladder.TestProsecutorScore" name="test_non_1d_score_rejected" time="0.000"><properties><property name="geosync_level" value="L3" /></properties></testcase><testcase classname="tests.research.systemic_risk.test_adversarial_ladder.TestParameterFragilityAudit" name="test_sweep_records_per_value_auc" time="0.288"><properties><property name="geosync_level" value="L3" /></properties></testcase><testcase classname="tests.research.systemic_risk.test_adversarial_ladder.TestParameterFragilityAudit" name="test_unknown_parameter_rejected" time="0.001"><properties><property name="geosync_level" value="L3" /></properties></testcase><testcase classname="tests.research.systemic_risk.test_adversarial_ladder.TestParameterFragilityAudit" name="test_empty_sweep_rejected" time="0.001"><properties><property name="geosync_level" value="L3" /></properties></testcase><testcase classname="tests.research.systemic_risk.test_adversarial_ladder.TestParameterFragilityAudit" name="test_fragility_flag_responds_to_tolerance" time="0.321"><properties><property name="geosync_level" value="L3" /></properties></testcase><testcase classname="tests.research.systemic_risk.test_adversarial_ladder.TestRunNullAudit" name="test_pins_every_surrogate_to_rung_two" time="0.790"><properties><property name="geosync_level" value="L3" /></properties></testcase><testcase classname="tests.research.systemic_risk.test_adversarial_ladder.TestRunNullAudit" name="test_partial_audit_lists_remaining_rungs" time="0.394"><properties><property name="geosync_level" value="L3" /></properties></testcase><testcase classname="tests.research.systemic_risk.test_adversarial_ladder.TestRunNullAudit" name="test_zero_nulls_yields_insufficient" time="0.001"><properties><property name="geosync_level" value="L3" /></properties></testcase><testcase classname="tests.research.systemic_risk.test_baselines.TestRollingVolatilityScore" name="test_no_lookahead_leakage" time="0.002"><properties><property name="geosync_level" value="L3" /></properties></testcase><testcase classname="tests.research.systemic_risk.test_baselines.TestRollingVolatilityScore" name="test_constant_series_yields_zero" time="0.001"><properties><property name="geosync_level" value="L3" /></properties></testcase><testcase classname="tests.research.systemic_risk.test_baselines.TestRollingVolatilityScore" name="test_short_prefix_is_nan" time="0.000"><properties><property name="geosync_level" value="L3" /></properties></testcase><testcase classname="tests.research.systemic_risk.test_baselines.TestRollingVolatilityScore" name="test_rejects_2d" time="0.000"><properties><property name="geosync_level" value="L3" /></properties></testcase><testcase classname="tests.research.systemic_risk.test_baselines.TestRollingVolatilityScore" name="test_rejects_nan" time="0.000"><properties><property name="geosync_level" value="L3" /></properties></testcase><testcase classname="tests.research.systemic_risk.test_baselines.TestRollingVolatilityScore" name="test_window_validation" time="0.000"><properties><property name="geosync_level" value="L3" /></properties></testcase><testcase classname="tests.research.systemic_risk.test_baselines.TestEdgeDensityScore" name="test_directed_no_self_edges" time="0.002"><properties><property name="geosync_level" value="L3" /></properties></testcase><testcase classname="tests.research.systemic_risk.test_baselines.TestEdgeDensityScore" name="test_directed_self_edges" time="0.000"><properties><property name="geosync_level" value="L3" /></properties></testcase><testcase classname="tests.research.systemic_risk.test_baselines.TestEdgeDensityScore" name="test_undirected_complete_graph_density_is_one" time="0.000"><properties><property name="geosync_level" value="L3" /></properties></testcase><testcase classname="tests.research.systemic_risk.test_baselines.TestEdgeDensityScore" name="test_undirected_requires_symmetric_matrix" time="0.000"><properties><property name="geosync_level" value="L3" /></properties></testcase><testcase classname="tests.research.systemic_risk.test_baselines.TestEdgeDensityScore" name="test_density_in_unit_interval_for_random_binary" time="0.001"><properties><property name="geosync_level" value="L3" /></properties></testcase><testcase classname="tests.research.systemic_risk.test_baselines.TestEdgeDensityScore" name="test_panel_with_inconsistent_n_rejected" time="0.000"><properties><property name="geosync_level" value="L3" /></properties></testcase><testcase classname="tests.research.systemic_risk.test_baselines.TestEdgeDensityScore" name="test_non_square_rejected" time="0.000"><properties><property name="geosync_level" value="L3" /></properties></testcase><testcase classname="tests.research.systemic_risk.test_baselines.TestEdgeDensityScore" name="test_empty_panel_rejected" time="0.000"><properties><property name="geosync_level" value="L3" /></properties></testcase><testcase classname="tests.research.systemic_risk.test_baselines.TestEdgeDensityScore" name="test_nan_rejected" time="0.000"><properties><property name="geosync_level" value="L3" /></properties></testcase><testcase classname="tests.research.systemic_risk.test_baselines.TestEdgeDensityScore" name="test_negative_rejected" time="0.000"><properties><property name="geosync_level" value="L3" /></properties></testcase><testcase classname="tests.research.systemic_risk.test_baselines.TestEdgeDensityScore" name="test_single_node_density_is_zero" time="0.000"><properties><property name="geosync_level" value="L3" /></properties></testcase><testcase classname="tests.research.systemic_risk.test_baselines.TestEdgeDensityScore" name="test_panel_emits_per_snapshot_score" time="0.000"><properties><property name="geosync_level" value="L3" /></properties></testcase><testcase classname="tests.research.systemic_risk.test_bayes_rigorous.TestNullVariance" name="test_balanced_case_matches_textbook" time="0.000"><properties><property name="geosync_level" value="L3" /></properties></testcase><testcase classname="tests.research.systemic_risk.test_bayes_rigorous.TestNullVariance" name="test_unbalanced_case" time="0.000"><properties><property name="geosync_level" value="L3" /></properties></testcase><testcase classname="tests.research.systemic_risk.test_bayes_rigorous.TestNullVariance" name="test_invalid_inputs_raise" time="0.000"><properties><property name="geosync_level" value="L3" /></properties></testcase><testcase classname="tests.research.systemic_risk.test_bayes_rigorous.TestEffectiveN" name="test_balanced_large" time="0.000"><properties><property name="geosync_level" value="L3" /></properties></testcase><testcase classname="tests.research.systemic_risk.test_bayes_rigorous.TestEffectiveN" name="test_unbalanced" time="0.000"><properties><property name="geosync_level" value="L3" /></properties></testcase><testcase classname="tests.research.systemic_risk.test_bayes_rigorous.TestAUCToZ" name="test_auc_half_yields_zero" time="0.000"><properties><property name="geosync_level" value="L3" /></properties></testcase><testcase classname="tests.research.systemic_risk.test_bayes_rigorous.TestAUCToZ" name="test_polarity" time="0.000"><properties><property name="geosync_level" value="L3" /></properties></testcase><testcase classname="tests.research.systemic_risk.test_bayes_rigorous.TestAUCToZ" name="test_invalid_auc_rejected" time="0.000"><properties><property name="geosync_level" value="L3" /></properties></testcase><testcase classname="tests.research.systemic_risk.test_bayes_rigorous.TestWagenmakers" name="test_z_zero_yields_lindley_penalty" time="0.000"><properties><property name="geosync_level" value="L3" /></properties></testcase><testcase classname="tests.research.systemic_risk.test_bayes_rigorous.TestWagenmakers" name="test_z_zero_neff_one_is_unity" time="0.000"><properties><property name="geosync_level" value="L3" /></properties></testcase><testcase classname="tests.research.systemic_risk.test_bayes_rigorous.TestWagenmakers" name="test_large_z_favours_alternative" time="0.000"><properties><property name="geosync_level" value="L3" /></properties></testcase><testcase classname="tests.research.systemic_risk.test_bayes_rigorous.TestWagenmakers" name="test_invalid_inputs_rejected" time="0.000"><properties><property name="geosync_level" value="L3" /></properties></testcase><testcase classname="tests.research.systemic_risk.test_bayes_rigorous.TestWagenmakers" name="test_extreme_z_clamped" time="0.000"><properties><property name="geosync_level" value="L3" /></properties></testcase><testcase classname="tests.research.systemic_risk.test_bayes_rigorous.TestWagenmakers" name="test_log_bf_property" time="0.297"><properties><property name="geosync_level" value="L3" /></properties></testcase><testcase classname="tests.research.systemic_risk.test_bayes_rigorous.TestAUCBFRigorous" name="test_auc_half_returns_lindley_below_one" time="0.000"><properties><property name="geosync_level" value="L3" /></properties></testcase><testcase classname="tests.research.systemic_risk.test_bayes_rigorous.TestAUCBFRigorous" name="test_polarity_symmetry" time="0.000"><properties><property name="geosync_level" value="L3" /></properties></testcase><testcase classname="tests.research.systemic_risk.test_bayes_rigorous.TestAUCBFRigorous" name="test_strictly_monotone_in_distance_from_half" time="0.000"><properties><property name="geosync_level" value="L3" /></properties></testcase><testcase classname="tests.research.systemic_risk.test_bayes_rigorous.TestAUCBFRigorous" name="test_monte_carlo_null_polarity" time="0.003"><properties><property name="geosync_level" value="L3" /></properties></testcase><testcase classname="tests.research.systemic_risk.test_bayes_rigorous.TestCramerRao" name="test_textbook_value" time="0.000"><properties><property name="geosync_level" value="L3" /></properties></testcase><testcase classname="tests.research.systemic_risk.test_bayes_rigorous.TestCramerRao" name="test_invalid_alpha_rejected" time="0.000"><properties><property name="geosync_level" value="L3" /></properties></testcase><testcase classname="tests.research.systemic_risk.test_bayes_rigorous.TestCramerRao" name="test_invalid_n_rejected" time="0.000"><properties><property name="geosync_level" value="L3" /></properties></testcase><testcase classname="tests.research.systemic_risk.test_bayes_rigorous.TestCramerRao" name="test_monte_carlo_mle_meets_lower_bound" time="0.016"><properties><property name="geosync_level" value="L3" /></properties></testcase><testcase classname="tests.research.systemic_risk.test_bayes_rigorous.TestKillThresholdDerivation" name="test_default_geosync_calibration" time="0.000"><properties><property name="geosync_level" value="L3" /></properties></testcase><testcase classname="tests.research.systemic_risk.test_bayes_rigorous.TestKillThresholdDerivation" name="test_symmetric_costs_yield_zero" time="0.000"><properties><property name="geosync_level" value="L3" /></properties></testcase><testcase classname="tests.research.systemic_risk.test_bayes_rigorous.TestKillThresholdDerivation" name="test_invalid_costs_rejected" time="0.000"><properties><property name="geosync_level" value="L3" /></properties></testcase><testcase classname="tests.research.systemic_risk.test_bayes_rigorous.TestKillThresholdDerivation" name="test_log_form_consistency" time="0.000"><properties><property name="geosync_level" value="L3" /></properties></testcase><testcase classname="tests.research.systemic_risk.test_bayes_rigorous.TestComparisonAdHocVsRigorous" name="test_at_half_rigorous_below_one_ad_hoc_at_one" time="0.001"><properties><property name="geosync_level" value="L3" /></properties></testcase><testcase classname="tests.research.systemic_risk.test_bayes_rigorous.TestComparisonAdHocVsRigorous" name="test_at_high_auc_rigorous_grows_quadratically" time="0.000"><properties><property name="geosync_level" value="L3" /></properties></testcase><testcase classname="tests.research.systemic_risk.test_canonical_seven.TestCanonicalSevenOrchestrator" name="test_all_clean_yields_none_action_and_unchanged_state" time="0.001"><properties><property name="geosync_level" value="L3" /></properties></testcase><testcase classname="tests.research.systemic_risk.test_canonical_seven.TestCanonicalSevenOrchestrator" name="test_kill_path_drives_to_rejected" time="0.000"><properties><property name="geosync_level" value="L3" /></properties></testcase><testcase classname="tests.research.systemic_risk.test_canonical_seven.TestCanonicalSevenOrchestrator" name="test_kill_dominates_demote" time="0.000"><properties><property name="geosync_level" value="L3" /></properties></testcase><testcase classname="tests.research.systemic_risk.test_canonical_seven.TestCanonicalSevenOrchestrator" name="test_invalidate_resets_to_idea" time="0.000"><properties><property name="geosync_level" value="L3" /></properties></testcase><testcase classname="tests.research.systemic_risk.test_canonical_seven.TestCanonicalSevenOrchestrator" name="test_quarantine_freezes" time="0.000"><properties><property name="geosync_level" value="L3" /></properties></testcase><testcase classname="tests.research.systemic_risk.test_canonical_seven.TestCanonicalSevenOrchestrator" name="test_demote_steps_back_one_tier" time="0.000"><properties><property name="geosync_level" value="L3" /></properties></testcase><testcase classname="tests.research.systemic_risk.test_canonical_seven.TestCanonicalSevenOrchestrator" name="test_stop_does_not_change_fsm_state" time="0.000"><properties><property name="geosync_level" value="L3" /></properties></testcase><testcase classname="tests.research.systemic_risk.test_canonical_seven.TestCanonicalSevenOrchestrator" name="test_partial_inputs_supported" time="0.000"><properties><property name="geosync_level" value="L3" /></properties></testcase><testcase classname="tests.research.systemic_risk.test_canonical_seven.TestCanonicalSevenOrchestrator" name="test_history_extended_by_one_per_call" time="0.000"><properties><property name="geosync_level" value="L3" /></properties></testcase><testcase classname="tests.research.systemic_risk.test_canonical_seven.TestCanonicalSevenOrchestrator" name="test_rejected_is_absorbing_through_orchestrator" time="0.000"><properties><property name="geosync_level" value="L3" /></properties></testcase><testcase classname="tests.research.systemic_risk.test_cli_and_synthetic.TestSynthetic" name="test_default_panel_shape_and_keys" time="0.003"><properties><property name="geosync_level" value="L3" /></properties></testcase><testcase classname="tests.research.systemic_risk.test_cli_and_synthetic.TestSynthetic" name="test_panel_satisfies_firewall_gates_2_to_7" time="0.001"><properties><property name="geosync_level" value="L3" /></properties></testcase><testcase classname="tests.research.systemic_risk.test_cli_and_synthetic.TestSynthetic" name="test_seed_reproducibility" time="0.001"><properties><property name="geosync_level" value="L3" /></properties></testcase><testcase classname="tests.research.systemic_risk.test_cli_and_synthetic.TestSynthetic" name="test_invalid_n_banks" time="0.000"><properties><property name="geosync_level" value="L3" /></properties></testcase><testcase classname="tests.research.systemic_risk.test_cli_and_synthetic.TestSynthetic" name="test_invalid_density" time="0.000"><properties><property name="geosync_level" value="L3" /></properties></testcase><testcase classname="tests.research.systemic_risk.test_cli_and_synthetic.TestCLI" name="test_evaluate_synthetic_clean_run" time="0.002"><properties><property name="geosync_level" value="L3" /></properties></testcase><testcase classname="tests.research.systemic_risk.test_cli_and_synthetic.TestCLI" name="test_help_returns_nonzero_when_no_subcommand" time="0.001"><properties><property name="geosync_level" value="L3" /></properties></testcase><testcase classname="tests.research.systemic_risk.test_cli_and_synthetic.TestCLI" name="test_unknown_data_source_rejected" time="0.001"><properties><property name="geosync_level" value="L3" /></properties></testcase><testcase classname="tests.research.systemic_risk.test_coupling.TestCouplingFromExposures" name="test_row_stochastic_default" time="0.001"><properties><property name="geosync_level" value="L3" /></properties></testcase><testcase classname="tests.research.systemic_risk.test_coupling.TestCouplingFromExposures" name="test_zero_diagonal" time="0.000"><properties><property name="geosync_level" value="L3" /></properties></testcase><testcase classname="tests.research.systemic_risk.test_coupling.TestCouplingFromExposures" name="test_capital_weighted" time="0.000"><properties><property name="geosync_level" value="L3" /></properties></testcase><testcase classname="tests.research.systemic_risk.test_coupling.TestCouplingFromExposures" name="test_capital_required_when_weighted" time="0.000"><properties><property name="geosync_level" value="L3" /></properties></testcase><testcase classname="tests.research.systemic_risk.test_coupling.TestCouplingFromExposures" name="test_zero_capital_rejected" time="0.000"><properties><property name="geosync_level" value="L3" /></properties></testcase><testcase classname="tests.research.systemic_risk.test_coupling.TestCouplingFromExposures" name="test_floor_zeros_small_entries" time="0.000"><properties><property name="geosync_level" value="L3" /></properties></testcase><testcase classname="tests.research.systemic_risk.test_coupling.TestCouplingFromExposures" name="test_floor_inclusive_at_exact_boundary" time="0.000"><properties><property name="geosync_level" value="L3" /></properties></testcase><testcase classname="tests.research.systemic_risk.test_coupling.TestCouplingFromExposures" name="test_all_zero_row_survives_without_crash" time="0.001"><properties><property name="geosync_level" value="L3" /></properties></testcase><testcase classname="tests.research.systemic_risk.test_coupling.TestCouplingFromExposures" name="test_nan_exposure_rejected" time="0.000"><properties><property name="geosync_level" value="L3" /></properties></testcase><testcase classname="tests.research.systemic_risk.test_coupling.TestCouplingFromExposures" name="test_negative_exposure_rejected" time="0.000"><properties><property name="geosync_level" value="L3" /></properties></testcase><testcase classname="tests.research.systemic_risk.test_coupling.TestCouplingFromExposures" name="test_orientation_invariant_2x2" time="0.000"><properties><property name="geosync_level" value="L3" /></properties></testcase><testcase classname="tests.research.systemic_risk.test_coupling.TestOmegaFromVolatility" name="test_finite_output" time="0.001"><properties><property name="geosync_level" value="L3" /></properties></testcase><testcase classname="tests.research.systemic_risk.test_coupling.TestOmegaFromVolatility" name="test_high_vol_higher_omega" time="0.001"><properties><property name="geosync_level" value="L3" /></properties></testcase><testcase classname="tests.research.systemic_risk.test_coupling.TestOmegaFromVolatility" name="test_invalid_fs_rejected" time="0.000"><properties><property name="geosync_level" value="L3" /></properties></testcase><testcase classname="tests.research.systemic_risk.test_coupling.TestOmegaFromVolatility" name="test_single_observation_rejected" time="0.000"><properties><property name="geosync_level" value="L3" /></properties></testcase><testcase classname="tests.research.systemic_risk.test_coupling.TestOmegaFromVolatility" name="test_zero_observations_rejected" time="0.000"><properties><property name="geosync_level" value="L3" /></properties></testcase><testcase classname="tests.research.systemic_risk.test_coupling.TestOmegaFromVolatility" name="test_inf_input_rejected" time="0.000"><properties><property name="geosync_level" value="L3" /></properties></testcase><testcase classname="tests.research.systemic_risk.test_coupling.TestOmegaFromVolatility" name="test_zero_variance_returns_zero_omega" time="0.000"><properties><property name="geosync_level" value="L3" /></properties></testcase><testcase classname="tests.research.systemic_risk.test_coupling.TestSakaguchiAlphaZero" name="test_shape_and_values" time="0.000"><properties><property name="geosync_level" value="L3" /></properties></testcase><testcase classname="tests.research.systemic_risk.test_coupling.TestSakaguchiAlphaZero" name="test_invalid_n_rejected" time="0.000"><properties><property name="geosync_level" value="L3" /></properties></testcase><testcase classname="tests.research.systemic_risk.test_critical_slowing_down.TestCSDConfig" name="test_window_too_small_rejected" time="0.001"><properties><property name="geosync_level" value="L3" /></properties></testcase><testcase classname="tests.research.systemic_risk.test_critical_slowing_down.TestCSDConfig" name="test_min_periods_too_small_rejected" time="0.000"><properties><property name="geosync_level" value="L3" /></properties></testcase><testcase classname="tests.research.systemic_risk.test_critical_slowing_down.TestCSDConfig" name="test_min_periods_exceeds_window_rejected" time="0.000"><properties><property name="geosync_level" value="L3" /></properties></testcase><testcase classname="tests.research.systemic_risk.test_critical_slowing_down.TestCSDConfig" name="test_lag_zero_rejected" time="0.000"><properties><property name="geosync_level" value="L3" /></properties></testcase><testcase classname="tests.research.systemic_risk.test_critical_slowing_down.TestCSDConfig" name="test_lag_exceeds_min_periods_rejected" time="0.000"><properties><property name="geosync_level" value="L3" /></properties></testcase><testcase classname="tests.research.systemic_risk.test_critical_slowing_down.TestCSDConfig" name="test_ddof_must_be_less_than_min_periods" time="0.000"><properties><property name="geosync_level" value="L3" /></properties></testcase><testcase classname="tests.research.systemic_risk.test_critical_slowing_down.TestCSDConfig" name="test_ddof_less_than_min_periods_accepted" time="0.000"><properties><property name="geosync_level" value="L3" /></properties></testcase><testcase classname="tests.research.systemic_risk.test_critical_slowing_down.TestCSDConfig" name="test_ddof_zero_accepted" time="0.000"><properties><property name="geosync_level" value="L3" /></properties></testcase><testcase classname="tests.research.systemic_risk.test_critical_slowing_down.TestCSDIndicatorContracts" name="test_rejects_2d" time="0.000"><properties><property name="geosync_level" value="L3" /></properties></testcase><testcase classname="tests.research.systemic_risk.test_critical_slowing_down.TestCSDIndicatorContracts" name="test_rejects_empty" time="0.000"><properties><property name="geosync_level" value="L3" /></properties></testcase><testcase classname="tests.research.systemic_risk.test_critical_slowing_down.TestCSDIndicatorContracts" name="test_rejects_nan_internal" time="0.000"><properties><property name="geosync_level" value="L3" /></properties></testcase><testcase classname="tests.research.systemic_risk.test_critical_slowing_down.TestCSDIndicatorContracts" name="test_rejects_inf" time="0.000"><properties><property name="geosync_level" value="L3" /></properties></testcase><testcase classname="tests.research.systemic_risk.test_critical_slowing_down.TestCSDIndicatorContracts" name="test_output_length_matches_input" time="0.002"><properties><property name="geosync_level" value="L3" /></properties></testcase><testcase classname="tests.research.systemic_risk.test_critical_slowing_down.TestCSDIndicatorContracts" name="test_insufficient_prefix_is_nan" time="0.002"><properties><property name="geosync_level" value="L3" /></properties></testcase><testcase classname="tests.research.systemic_risk.test_critical_slowing_down.TestCSDIndicatorContracts" name="test_valid_count_grows" time="0.001"><properties><property name="geosync_level" value="L3" /></properties></testcase><testcase classname="tests.research.systemic_risk.test_critical_slowing_down.TestNoLookaheadLeakage" name="test_csd_has_no_lookahead_leakage" time="0.006"><properties><property name="geosync_level" value="L3" /></properties></testcase><testcase classname="tests.research.systemic_risk.test_critical_slowing_down.TestConstantPolicy" name="test_nan_policy_default" time="0.001"><properties><property name="geosync_level" value="L3" /></properties></testcase><testcase classname="tests.research.systemic_risk.test_critical_slowing_down.TestConstantPolicy" name="test_zero_policy" time="0.001"><properties><property name="geosync_level" value="L3" /></properties></testcase><testcase classname="tests.research.systemic_risk.test_critical_slowing_down.TestConstantPolicy" name="test_raise_policy" time="0.000"><properties><property name="geosync_level" value="L3" /></properties></testcase><testcase classname="tests.research.systemic_risk.test_critical_slowing_down.TestSkewnessZeroVariancePolicy" name="test_zero_variance_yields_nan_under_default" time="0.001"><properties><property name="geosync_level" value="L3" /></properties></testcase><testcase classname="tests.research.systemic_risk.test_critical_slowing_down.TestRisingIndicatorsOnSyntheticBifurcation" name="test_indicators_finite_on_simple_drift" time="0.009"><properties><property name="geosync_level" value="L3" /></properties></testcase><testcase classname="tests.research.systemic_risk.test_data_firewall.TestFirewallGatesRoster" name="test_gate_count" time="0.000"><properties><property name="geosync_level" value="L3" /></properties></testcase><testcase classname="tests.research.systemic_risk.test_data_firewall.TestFirewallGatesRoster" name="test_gate_names_unique" time="0.000"><properties><property name="geosync_level" value="L3" /></properties></testcase><testcase classname="tests.research.systemic_risk.test_data_firewall.TestGateSchemaType" name="test_clean_panel_passes" time="0.000"><properties><property name="geosync_level" value="L3" /></properties></testcase><testcase classname="tests.research.systemic_risk.test_data_firewall.TestGateSchemaType" name="test_empty_panel_fails" time="0.000"><properties><property name="geosync_level" value="L3" /></properties></testcase><testcase classname="tests.research.systemic_risk.test_data_firewall.TestGateSchemaType" name="test_non_date_key_fails" time="0.000"><properties><property name="geosync_level" value="L3" /></properties></testcase><testcase classname="tests.research.systemic_risk.test_data_firewall.TestGateSchemaType" name="test_datetime_key_fails" time="0.000"><properties><property name="geosync_level" value="L3" /></properties></testcase><testcase classname="tests.research.systemic_risk.test_data_firewall.TestGateSchemaType" name="test_wrong_dtype_fails" time="0.000"><properties><property name="geosync_level" value="L3" /></properties></testcase><testcase classname="tests.research.systemic_risk.test_data_firewall.TestGateShape" name="test_clean_passes" time="0.000"><properties><property name="geosync_level" value="L3" /></properties></testcase><testcase classname="tests.research.systemic_risk.test_data_firewall.TestGateShape" name="test_n_nodes_zero_fails" time="0.000"><properties><property name="geosync_level" value="L3" /></properties></testcase><testcase classname="tests.research.systemic_risk.test_data_firewall.TestGateShape" name="test_wrong_shape_fails" time="0.000"><properties><property name="geosync_level" value="L3" /></properties></testcase><testcase classname="tests.research.systemic_risk.test_data_firewall.TestGateShape" name="test_wrong_n_fails" time="0.000"><properties><property name="geosync_level" value="L3" /></properties></testcase><testcase classname="tests.research.systemic_risk.test_data_firewall.TestGateFinite" name="test_clean_passes" time="0.000"><properties><property name="geosync_level" value="L3" /></properties></testcase><testcase classname="tests.research.systemic_risk.test_data_firewall.TestGateFinite" name="test_nan_caught" time="0.000"><properties><property name="geosync_level" value="L3" /></properties></testcase><testcase classname="tests.research.systemic_risk.test_data_firewall.TestGateFinite" name="test_inf_caught" time="0.000"><properties><property name="geosync_level" value="L3" /></properties></testcase><testcase classname="tests.research.systemic_risk.test_data_firewall.TestGateSign" name="test_clean_passes" time="0.000"><properties><property name="geosync_level" value="L3" /></properties></testcase><testcase classname="tests.research.systemic_risk.test_data_firewall.TestGateSign" name="test_negative_caught" time="0.000"><properties><property name="geosync_level" value="L3" /></properties></testcase><testcase classname="tests.research.systemic_risk.test_data_firewall.TestGateDiagonal" name="test_clean_passes" time="0.000"><properties><property name="geosync_level" value="L3" /></properties></testcase><testcase classname="tests.research.systemic_risk.test_data_firewall.TestGateDiagonal" name="test_self_loop_caught" time="0.000"><properties><property name="geosync_level" value="L3" /></properties></testcase><testcase classname="tests.research.systemic_risk.test_data_firewall.TestGateSparsity" name="test_clean_passes" time="0.000"><properties><property name="geosync_level" value="L3" /></properties></testcase><testcase classname="tests.research.systemic_risk.test_data_firewall.TestGateSparsity" name="test_all_zero_matrix_caught" time="0.000"><properties><property name="geosync_level" value="L3" /></properties></testcase><testcase classname="tests.research.systemic_risk.test_data_firewall.TestGateMonotonicTime" name="test_strictly_increasing_passes" time="0.000"><properties><property name="geosync_level" value="L3" /></properties></testcase><testcase classname="tests.research.systemic_risk.test_data_firewall.TestGateMonotonicTime" name="test_single_snapshot_passes" time="0.000"><properties><property name="geosync_level" value="L3" /></properties></testcase><testcase classname="tests.research.systemic_risk.test_data_firewall.TestGateMonotonicTime" name="test_duplicate_date_via_unsorted_iteration_caught" time="0.000"><properties><property name="geosync_level" value="L3" /></properties></testcase><testcase classname="tests.research.systemic_risk.test_data_firewall.TestGateProvenance" name="test_clean_passes" time="0.000"><properties><property name="geosync_level" value="L3" /></properties></testcase><testcase classname="tests.research.systemic_risk.test_data_firewall.TestGateProvenance" name="test_missing_provenance_caught" time="0.000"><properties><property name="geosync_level" value="L3" /></properties></testcase><testcase classname="tests.research.systemic_risk.test_data_firewall.TestGateProvenance" name="test_empty_source_id_caught" time="0.000"><properties><property name="geosync_level" value="L3" /></properties></testcase><testcase classname="tests.research.systemic_risk.test_data_firewall.TestGateProvenance" name="test_wrong_schema_version_caught" time="0.000"><properties><property name="geosync_level" value="L3" /></properties></testcase><testcase classname="tests.research.systemic_risk.test_data_firewall.TestGateProvenance" name="test_naive_timestamp_caught" time="0.000"><properties><property name="geosync_level" value="L3" /></properties></testcase><testcase classname="tests.research.systemic_risk.test_data_firewall.TestGateProvenance" name="test_unparseable_timestamp_caught" time="0.000"><properties><property name="geosync_level" value="L3" /></properties></testcase><testcase classname="tests.research.systemic_risk.test_data_firewall.TestGateProvenance" name="test_short_sha_caught" time="0.000"><properties><property name="geosync_level" value="L3" /></properties></testcase><testcase classname="tests.research.systemic_risk.test_data_firewall.TestGateProvenance" name="test_uppercase_sha_caught" time="0.000"><properties><property name="geosync_level" value="L3" /></properties></testcase><testcase classname="tests.research.systemic_risk.test_data_firewall.TestRunDataFirewall" name="test_clean_panel_passes_all" time="0.000"><properties><property name="geosync_level" value="L3" /></properties></testcase><testcase classname="tests.research.systemic_risk.test_data_firewall.TestRunDataFirewall" name="test_one_failure_propagates" time="0.000"><properties><property name="geosync_level" value="L3" /></properties></testcase><testcase classname="tests.research.systemic_risk.test_data_firewall.TestRunDataFirewall" name="test_protocol_compatibility_with_death_conditions" time="0.000"><properties><property name="geosync_level" value="L3" /></properties></testcase><testcase classname="tests.research.systemic_risk.test_death_conditions.TestIndividualTriggers" name="test_baseline_dominance_fires_on_losing_path" time="0.000"><properties><property name="geosync_level" value="L3" /></properties></testcase><testcase classname="tests.research.systemic_risk.test_death_conditions.TestIndividualTriggers" name="test_baseline_dominance_quiet_on_clean_ladder" time="0.000"><properties><property name="geosync_level" value="L3" /></properties></testcase><testcase classname="tests.research.systemic_risk.test_death_conditions.TestIndividualTriggers" name="test_baseline_dominance_quiet_when_ladder_absent" time="0.000"><properties><property name="geosync_level" value="L3" /></properties></testcase><testcase classname="tests.research.systemic_risk.test_death_conditions.TestIndividualTriggers" name="test_leakage_positive_fires" time="0.000"><properties><property name="geosync_level" value="L3" /></properties></testcase><testcase classname="tests.research.systemic_risk.test_death_conditions.TestIndividualTriggers" name="test_parameter_fragility_fires" time="0.000"><properties><property name="geosync_level" value="L3" /></properties></testcase><testcase classname="tests.research.systemic_risk.test_death_conditions.TestIndividualTriggers" name="test_replication_mismatch_fires" time="0.000"><properties><property name="geosync_level" value="L3" /></properties></testcase><testcase classname="tests.research.systemic_risk.test_death_conditions.TestIndividualTriggers" name="test_data_proxy_invalid_fires" time="0.000"><properties><property name="geosync_level" value="L3" /></properties></testcase><testcase classname="tests.research.systemic_risk.test_death_conditions.TestRegistryComposition" name="test_default_registry_has_five_triggers" time="0.000"><properties><property name="geosync_level" value="L3" /></properties></testcase><testcase classname="tests.research.systemic_risk.test_death_conditions.TestRegistryComposition" name="test_no_trigger_fired_yields_none" time="0.000"><properties><property name="geosync_level" value="L3" /></properties></testcase><testcase classname="tests.research.systemic_risk.test_death_conditions.TestRegistryComposition" name="test_kill_dominates_demote_simultaneously_fired" time="0.000"><properties><property name="geosync_level" value="L3" /></properties></testcase><testcase classname="tests.research.systemic_risk.test_death_conditions.TestRegistryComposition" name="test_invalidate_dominates_quarantine" time="0.000"><properties><property name="geosync_level" value="L3" /></properties></testcase><testcase classname="tests.research.systemic_risk.test_death_conditions.TestRegistryComposition" name="test_quarantine_dominates_demote" time="0.000"><properties><property name="geosync_level" value="L3" /></properties></testcase><testcase classname="tests.research.systemic_risk.test_death_conditions.TestRegistryComposition" name="test_demote_dominates_stop" time="0.000"><properties><property name="geosync_level" value="L3" /></properties></testcase><testcase classname="tests.research.systemic_risk.test_death_conditions.TestRegistryComposition" name="test_extend_returns_new_registry" time="0.000"><properties><property name="geosync_level" value="L3" /></properties></testcase><testcase classname="tests.research.systemic_risk.test_early_warning.TestKuramotoOrderParameter" name="test_inv_k1_universal_bounds_random_phases" time="0.002"><properties><property name="geosync_level" value="L3" /></properties></testcase><testcase classname="tests.research.systemic_risk.test_early_warning.TestKuramotoOrderParameter" name="test_inv_k5_incoherent_finite_size" time="0.120"><properties><property name="geosync_level" value="L3" /></properties></testcase><testcase classname="tests.research.systemic_risk.test_early_warning.TestKuramotoOrderParameter" name="test_perfect_coherence_yields_R_one" time="0.001"><properties><property name="geosync_level" value="L3" /></properties></testcase><testcase classname="tests.research.systemic_risk.test_early_warning.TestKuramotoOrderParameter" name="test_rejects_1d_input" time="0.000"><properties><property name="geosync_level" value="L3" /></properties></testcase><testcase classname="tests.research.systemic_risk.test_early_warning.TestEarlyWarningConfig" name="test_inv_ew1_small_window_rejected[0]" time="0.001"><properties><property name="geosync_level" value="L3" /></properties></testcase><testcase classname="tests.research.systemic_risk.test_early_warning.TestEarlyWarningConfig" name="test_inv_ew1_small_window_rejected[1]" time="0.000"><properties><property name="geosync_level" value="L3" /></properties></testcase><testcase classname="tests.research.systemic_risk.test_early_warning.TestEarlyWarningConfig" name="test_inv_ew1_small_window_rejected[3]" time="0.000"><properties><property name="geosync_level" value="L3" /></properties></testcase><testcase classname="tests.research.systemic_risk.test_early_warning.TestEarlyWarningConfig" name="test_inv_ew2_bad_fraction_rejected[0.4]" time="0.000"><properties><property name="geosync_level" value="L3" /></properties></testcase><testcase classname="tests.research.systemic_risk.test_early_warning.TestEarlyWarningConfig" name="test_inv_ew2_bad_fraction_rejected[0.0]" time="0.000"><properties><property name="geosync_level" value="L3" /></properties></testcase><testcase classname="tests.research.systemic_risk.test_early_warning.TestEarlyWarningConfig" name="test_inv_ew2_bad_fraction_rejected[1.5]" time="0.000"><properties><property name="geosync_level" value="L3" /></properties></testcase><testcase classname="tests.research.systemic_risk.test_early_warning.TestComputeEarlyWarning" name="test_features_are_nan_at_start_then_finite" time="0.001"><properties><property name="geosync_level" value="L3" /></properties></testcase><testcase classname="tests.research.systemic_risk.test_early_warning.TestComputeEarlyWarning" name="test_inv_k1_R_in_bounds" time="0.002"><properties><property name="geosync_level" value="L3" /></properties></testcase><testcase classname="tests.research.systemic_risk.test_early_warning.TestComputeEarlyWarning" name="test_score_non_negative" time="0.002"><properties><property name="geosync_level" value="L3" /></properties></testcase><testcase classname="tests.research.systemic_risk.test_early_warning.TestComputeEarlyWarning" name="test_T_shorter_than_window_rejected" time="0.001"><properties><property name="geosync_level" value="L3" /></properties></testcase><testcase classname="tests.research.systemic_risk.test_errors.TestExceptionHierarchy" name="test_root_inherits_value_error" time="0.000"><properties><property name="geosync_level" value="L3" /></properties></testcase><testcase classname="tests.research.systemic_risk.test_errors.TestExceptionHierarchy" name="test_invalid_shape_raises_typed" time="0.000"><properties><property name="geosync_level" value="L3" /></properties></testcase><testcase classname="tests.research.systemic_risk.test_errors.TestExceptionHierarchy" name="test_label_length_mismatch_raises_typed" time="0.000"><properties><property name="geosync_level" value="L3" /></properties></testcase><testcase classname="tests.research.systemic_risk.test_errors.TestExceptionHierarchy" name="test_duplicate_labels_raises_typed" time="0.000"><properties><property name="geosync_level" value="L3" /></properties></testcase><testcase classname="tests.research.systemic_risk.test_errors.TestExceptionHierarchy" name="test_empty_label_raises_typed" time="0.000"><properties><property name="geosync_level" value="L3" /></properties></testcase><testcase classname="tests.research.systemic_risk.test_errors.TestExceptionHierarchy" name="test_whitespace_only_label_raises_typed" time="0.000"><properties><property name="geosync_level" value="L3" /></properties></testcase><testcase classname="tests.research.systemic_risk.test_errors.TestExceptionHierarchy" name="test_none_label_raises_typed" time="0.000"><properties><property name="geosync_level" value="L3" /></properties></testcase><testcase classname="tests.research.systemic_risk.test_errors.TestExceptionHierarchy" name="test_nan_exposure_raises_typed" time="0.000"><properties><property name="geosync_level" value="L3" /></properties></testcase><testcase classname="tests.research.systemic_risk.test_errors.TestExceptionHierarchy" name="test_negative_exposure_raises_typed" time="0.000"><properties><property name="geosync_level" value="L3" /></properties></testcase><testcase classname="tests.research.systemic_risk.test_errors.TestExceptionHierarchy" name="test_negative_threshold_raises_typed" time="0.000"><properties><property name="geosync_level" value="L3" /></properties></testcase><testcase classname="tests.research.systemic_risk.test_errors.TestExceptionHierarchy" name="test_typed_error_still_catchable_as_value_error" time="0.000"><properties><property name="geosync_level" value="L3" /></properties></testcase><testcase classname="tests.research.systemic_risk.test_errors.TestThresholdContract" name="test_threshold_is_strict_cutoff" time="0.001"><properties><property name="geosync_level" value="L3" /></properties></testcase><testcase classname="tests.research.systemic_risk.test_errors.TestThresholdContract" name="test_threshold_strict_above" time="0.000"><properties><property name="geosync_level" value="L3" /></properties></testcase><testcase classname="tests.research.systemic_risk.test_event_ledger.TestEventInvariants" name="test_inv_evt1_end_before_start_rejected" time="0.001"><properties><property name="geosync_level" value="L3" /></properties></testcase><testcase classname="tests.research.systemic_risk.test_event_ledger.TestEventInvariants" name="test_inv_evt2_country_format[us]" time="0.000"><properties><property name="geosync_level" value="L3" /></properties></testcase><testcase classname="tests.research.systemic_risk.test_event_ledger.TestEventInvariants" name="test_inv_evt2_country_format[USAA]" time="0.000"><properties><property name="geosync_level" value="L3" /></properties></testcase><testcase classname="tests.research.systemic_risk.test_event_ledger.TestEventInvariants" name="test_inv_evt2_country_format[12A]" time="0.000"><properties><property name="geosync_level" value="L3" /></properties></testcase><testcase classname="tests.research.systemic_risk.test_event_ledger.TestEventInvariants" name="test_inv_evt2_country_format[USa]" time="0.000"><properties><property name="geosync_level" value="L3" /></properties></testcase><testcase classname="tests.research.systemic_risk.test_event_ledger.TestEventInvariants" name="test_inv_evt1_equal_dates_allowed" time="0.000"><properties><property name="geosync_level" value="L3" /></properties></testcase><testcase classname="tests.research.systemic_risk.test_event_ledger.TestEventInvariants" name="test_contains" time="0.000"><properties><property name="geosync_level" value="L3" /></properties></testcase><testcase classname="tests.research.systemic_risk.test_event_ledger.TestEventInvariants" name="test_overlaps_window" time="0.000"><properties><property name="geosync_level" value="L3" /></properties></testcase><testcase classname="tests.research.systemic_risk.test_event_ledger.TestEventInvariants" name="test_overlaps_window_rejects_inverted_interval" time="0.000"><properties><property name="geosync_level" value="L3" /></properties></testcase><testcase classname="tests.research.systemic_risk.test_event_ledger.TestLedger" name="test_default_ledger_nonempty" time="0.000"><properties><property name="geosync_level" value="L3" /></properties></testcase><testcase classname="tests.research.systemic_risk.test_event_ledger.TestLedger" name="test_default_ledger_contains_GFC_and_EZ_and_2023" time="0.000"><properties><property name="geosync_level" value="L3" /></properties></testcase><testcase classname="tests.research.systemic_risk.test_event_ledger.TestLedger" name="test_duplicate_event_rejected" time="0.000"><properties><property name="geosync_level" value="L3" /></properties></testcase><testcase classname="tests.research.systemic_risk.test_event_ledger.TestLedger" name="test_by_country_filters" time="0.000"><properties><property name="geosync_level" value="L3" /></properties></testcase><testcase classname="tests.research.systemic_risk.test_event_ledger.TestLedger" name="test_crises_in_range" time="0.000"><properties><property name="geosync_level" value="L3" /></properties></testcase><testcase classname="tests.research.systemic_risk.test_evidence_ledger.TestBayesFactorCalculators" name="test_auc_zero_five_yields_unity_bf" time="0.000"><properties><property name="geosync_level" value="L3" /></properties></testcase><testcase classname="tests.research.systemic_risk.test_evidence_ledger.TestBayesFactorCalculators" name="test_auc_above_half_favours_claim" time="0.000"><properties><property name="geosync_level" value="L3" /></properties></testcase><testcase classname="tests.research.systemic_risk.test_evidence_ledger.TestBayesFactorCalculators" name="test_auc_below_half_disfavours_claim" time="0.000"><properties><property name="geosync_level" value="L3" /></properties></testcase><testcase classname="tests.research.systemic_risk.test_evidence_ledger.TestBayesFactorCalculators" name="test_auc_invalid_rejected" time="0.000"><properties><property name="geosync_level" value="L3" /></properties></testcase><testcase classname="tests.research.systemic_risk.test_evidence_ledger.TestBayesFactorCalculators" name="test_baseline_delta_zero_yields_unity" time="0.000"><properties><property name="geosync_level" value="L3" /></properties></testcase><testcase classname="tests.research.systemic_risk.test_evidence_ledger.TestBayesFactorCalculators" name="test_baseline_negative_delta_disfavours" time="0.000"><properties><property name="geosync_level" value="L3" /></properties></testcase><testcase classname="tests.research.systemic_risk.test_evidence_ledger.TestBayesFactorCalculators" name="test_replication_match_is_strong" time="0.000"><properties><property name="geosync_level" value="L3" /></properties></testcase><testcase classname="tests.research.systemic_risk.test_evidence_ledger.TestBayesFactorCalculators" name="test_replication_mismatch_is_zero_kill" time="0.000"><properties><property name="geosync_level" value="L3" /></properties></testcase><testcase classname="tests.research.systemic_risk.test_evidence_ledger.TestBayesFactorCalculators" name="test_external_review_polarity" time="0.000"><properties><property name="geosync_level" value="L3" /></properties></testcase><testcase classname="tests.research.systemic_risk.test_evidence_ledger.TestEvidenceConstruction" name="test_negative_bf_rejected" time="0.000"><properties><property name="geosync_level" value="L3" /></properties></testcase><testcase classname="tests.research.systemic_risk.test_evidence_ledger.TestEvidenceConstruction" name="test_inf_bf_rejected" time="0.000"><properties><property name="geosync_level" value="L3" /></properties></testcase><testcase classname="tests.research.systemic_risk.test_evidence_ledger.TestEvidenceLedger" name="test_unseeded_claim_rejected" time="0.000"><properties><property name="geosync_level" value="L3" /></properties></testcase><testcase classname="tests.research.systemic_risk.test_evidence_ledger.TestEvidenceLedger" name="test_duplicate_seed_rejected" time="0.000"><properties><property name="geosync_level" value="L3" /></properties></testcase><testcase classname="tests.research.systemic_risk.test_evidence_ledger.TestEvidenceLedger" name="test_seed_initialises_at_prior" time="0.000"><properties><property name="geosync_level" value="L3" /></properties></testcase><testcase classname="tests.research.systemic_risk.test_evidence_ledger.TestEvidenceLedger" name="test_uninformative_evidence_does_not_move_posterior" time="0.000"><properties><property name="geosync_level" value="L3" /></properties></testcase><testcase classname="tests.research.systemic_risk.test_evidence_ledger.TestEvidenceLedger" name="test_positive_auc_evidence_raises_posterior" time="0.000"><properties><property name="geosync_level" value="L3" /></properties></testcase><testcase classname="tests.research.systemic_risk.test_evidence_ledger.TestEvidenceLedger" name="test_kill_trigger_on_zero_bayes_factor" time="0.000"><properties><property name="geosync_level" value="L3" /></properties></testcase><testcase classname="tests.research.systemic_risk.test_evidence_ledger.TestEvidenceLedger" name="test_demote_trigger_when_posterior_drops_below_prior" time="0.000"><properties><property name="geosync_level" value="L3" /></properties></testcase><testcase classname="tests.research.systemic_risk.test_evidence_ledger.TestEvidenceLedger" name="test_kill_trigger_at_low_posterior" time="0.000"><properties><property name="geosync_level" value="L3" /></properties></testcase><testcase classname="tests.research.systemic_risk.test_evidence_ledger.TestEvidenceLedger" name="test_chronological_order_enforced" time="0.000"><properties><property name="geosync_level" value="L3" /></properties></testcase><testcase classname="tests.research.systemic_risk.test_evidence_ledger.TestEvidenceLedger" name="test_immutability_under_update" time="0.000"><properties><property name="geosync_level" value="L3" /></properties></testcase><testcase classname="tests.research.systemic_risk.test_evidence_ledger.TestEvidenceLedger" name="test_posterior_probability_logistic_transform" time="0.000"><properties><property name="geosync_level" value="L3" /></properties></testcase><testcase classname="tests.research.systemic_risk.test_falsification.TestAucMannWhitney" name="test_perfect_separation_yields_one" time="0.000"><properties><property name="geosync_level" value="L3" /></properties></testcase><testcase classname="tests.research.systemic_risk.test_falsification.TestAucMannWhitney" name="test_perfect_inversion_yields_zero" time="0.000"><properties><property name="geosync_level" value="L3" /></properties></testcase><testcase classname="tests.research.systemic_risk.test_falsification.TestAucMannWhitney" name="test_identical_yields_half" time="0.000"><properties><property name="geosync_level" value="L3" /></properties></testcase><testcase classname="tests.research.systemic_risk.test_falsification.TestAucMannWhitney" name="test_empty_returns_half_by_convention" time="0.000"><properties><property name="geosync_level" value="L3" /></properties></testcase><testcase classname="tests.research.systemic_risk.test_falsification.TestAucMannWhitney" name="test_random_iid_centred_at_half" time="0.003"><properties><property name="geosync_level" value="L3" /></properties></testcase><testcase classname="tests.research.systemic_risk.test_falsification.TestAucBootstrapCi" name="test_ci_brackets_point_estimate" time="0.064"><properties><property name="geosync_level" value="L3" /></properties></testcase><testcase classname="tests.research.systemic_risk.test_falsification.TestAucBootstrapCi" name="test_ci_under_h0_contains_half" time="1.349"><properties><property name="geosync_level" value="L3" /></properties></testcase><testcase classname="tests.research.systemic_risk.test_falsification.TestAucBootstrapCi" name="test_degenerate_inputs_collapse" time="0.001"><properties><property name="geosync_level" value="L3" /></properties></testcase><testcase classname="tests.research.systemic_risk.test_falsification.TestAucBootstrapCi" name="test_invalid_confidence_rejected" time="0.000"><properties><property name="geosync_level" value="L3" /></properties></testcase><testcase classname="tests.research.systemic_risk.test_falsification.TestAucBootstrapCi" name="test_invalid_n_bootstrap_rejected" time="0.000"><properties><property name="geosync_level" value="L3" /></properties></testcase><testcase classname="tests.research.systemic_risk.test_falsification.TestBonferroni" name="test_all_zero_input" time="0.000"><properties><property name="geosync_level" value="L3" /></properties></testcase><testcase classname="tests.research.systemic_risk.test_falsification.TestBonferroni" name="test_all_one_input" time="0.000"><properties><property name="geosync_level" value="L3" /></properties></testcase><testcase classname="tests.research.systemic_risk.test_falsification.TestBonferroni" name="test_simple_case" time="0.000"><properties><property name="geosync_level" value="L3" /></properties></testcase><testcase classname="tests.research.systemic_risk.test_falsification.TestBonferroni" name="test_order_preserved" time="0.000"><properties><property name="geosync_level" value="L3" /></properties></testcase><testcase classname="tests.research.systemic_risk.test_falsification.TestBonferroni" name="test_invalid_p_rejected" time="0.000"><properties><property name="geosync_level" value="L3" /></properties></testcase><testcase classname="tests.research.systemic_risk.test_falsification.TestRunFalsificationSanity" name="test_random_scores_do_not_pass" time="0.141"><properties><property name="geosync_level" value="L3" /></properties></testcase><testcase classname="tests.research.systemic_risk.test_falsification.TestRunFalsificationSanity" name="test_injected_signal_passes" time="1.004"><properties><property name="geosync_level" value="L3" /></properties></testcase><testcase classname="tests.research.systemic_risk.test_falsification.TestRunFalsificationSanity" name="test_score_length_mismatch_rejected" time="0.001"><properties><property name="geosync_level" value="L3" /></properties></testcase><testcase classname="tests.research.systemic_risk.test_falsification.TestRunFalsificationSanity" name="test_non_monotone_dates_rejected" time="0.000"><properties><property name="geosync_level" value="L3" /></properties></testcase><testcase classname="tests.research.systemic_risk.test_falsification.TestScopeExplicitAliases" name="test_score_level_alias_matches_run_falsification" time="0.292"><properties><property name="geosync_level" value="L3" /></properties></testcase><testcase classname="tests.research.systemic_risk.test_falsification.TestScopeExplicitAliases" name="test_end_to_end_falsification_fails_closed" time="0.001"><properties><property name="geosync_level" value="L3" /></properties></testcase><testcase classname="tests.research.systemic_risk.test_governance.TestBuildValidationReadinessReport" name="test_no_evidence_caps_at_hypothesis" time="0.000"><properties><property name="geosync_level" value="L3" /></properties></testcase><testcase classname="tests.research.systemic_risk.test_governance.TestBuildValidationReadinessReport" name="test_score_only_caps_at_instrumented" time="0.000"><properties><property name="geosync_level" value="L3" /></properties></testcase><testcase classname="tests.research.systemic_risk.test_governance.TestBuildValidationReadinessReport" name="test_full_evidence_reaches_validated" time="0.000"><properties><property name="geosync_level" value="L3" /></properties></testcase><testcase classname="tests.research.systemic_risk.test_governance.TestAssertClaimTier" name="test_accepts_supported_claim" time="0.000"><properties><property name="geosync_level" value="L3" /></properties></testcase><testcase classname="tests.research.systemic_risk.test_governance.TestAssertClaimTier" name="test_rejects_overclaim" time="0.000"><properties><property name="geosync_level" value="L3" /></properties></testcase><testcase classname="tests.research.systemic_risk.test_governance.TestRunPremergeScienceGate" name="test_passes_on_clean_module" time="0.001"><properties><property name="geosync_level" value="L3" /></properties></testcase><testcase classname="tests.research.systemic_risk.test_governance.TestRunPremergeScienceGate" name="test_catches_overclaim" time="0.001"><properties><property name="geosync_level" value="L3" /></properties></testcase><testcase classname="tests.research.systemic_risk.test_governance.TestRunPremergeScienceGate" name="test_catches_inconsistent_readiness" time="0.001"><properties><property name="geosync_level" value="L3" /></properties></testcase><testcase classname="tests.research.systemic_risk.test_governance.TestRunPremergeScienceGate" name="test_real_module_passes_overclaim_grep" time="0.016"><properties><property name="geosync_level" value="L3" /></properties></testcase><testcase classname="tests.research.systemic_risk.test_governance.TestForbiddenTermsContent" name="test_canonical_terms_present" time="0.000"><properties><property name="geosync_level" value="L3" /></properties></testcase><testcase classname="tests.research.systemic_risk.test_governance_fsm.TestInitialState" name="test_initial_constructor" time="0.000"><properties><property name="geosync_level" value="L3" /></properties></testcase><testcase classname="tests.research.systemic_risk.test_governance_fsm.TestInitialState" name="test_promotable_ladder_starts_at_idea" time="0.000"><properties><property name="geosync_level" value="L3" /></properties></testcase><testcase classname="tests.research.systemic_risk.test_governance_fsm.TestInitialState" name="test_promotable_ladder_unique" time="0.000"><properties><property name="geosync_level" value="L3" /></properties></testcase><testcase classname="tests.research.systemic_risk.test_governance_fsm.TestInitialState" name="test_terminal_set_contains_rejected" time="0.000"><properties><property name="geosync_level" value="L3" /></properties></testcase><testcase classname="tests.research.systemic_risk.test_governance_fsm.TestKillIsAbsorbing" name="test_kill_drives_to_rejected" time="0.000"><properties><property name="geosync_level" value="L3" /></properties></testcase><testcase classname="tests.research.systemic_risk.test_governance_fsm.TestKillIsAbsorbing" name="test_rejected_absorbs_all_subsequent_actions" time="0.000"><properties><property name="geosync_level" value="L3" /></properties></testcase><testcase classname="tests.research.systemic_risk.test_governance_fsm.TestKillIsAbsorbing" name="test_kill_from_high_state_still_terminal" time="0.000"><properties><property name="geosync_level" value="L3" /></properties></testcase><testcase classname="tests.research.systemic_risk.test_governance_fsm.TestInvalidateResetsToIdea" name="test_invalidate_from_validated" time="0.000"><properties><property name="geosync_level" value="L3" /></properties></testcase><testcase classname="tests.research.systemic_risk.test_governance_fsm.TestQuarantine" name="test_quarantine_from_any_state" time="0.000"><properties><property name="geosync_level" value="L3" /></properties></testcase><testcase classname="tests.research.systemic_risk.test_governance_fsm.TestQuarantine" name="test_promote_out_of_quarantine_forbidden" time="0.000"><properties><property name="geosync_level" value="L3" /></properties></testcase><testcase classname="tests.research.systemic_risk.test_governance_fsm.TestQuarantine" name="test_demote_from_quarantine_resets_to_idea" time="0.000"><properties><property name="geosync_level" value="L3" /></properties></testcase><testcase classname="tests.research.systemic_risk.test_governance_fsm.TestDemote" name="test_demote_one_step" time="0.000"><properties><property name="geosync_level" value="L3" /></properties></testcase><testcase classname="tests.research.systemic_risk.test_governance_fsm.TestDemote" name="test_demote_clamps_at_idea" time="0.000"><properties><property name="geosync_level" value="L3" /></properties></testcase><testcase classname="tests.research.systemic_risk.test_governance_fsm.TestStopIsNoOp" name="test_stop_does_not_change_state" time="0.000"><properties><property name="geosync_level" value="L3" /></properties></testcase><testcase classname="tests.research.systemic_risk.test_governance_fsm.TestNoneIsNoOp" name="test_none_appends_audit_row" time="0.000"><properties><property name="geosync_level" value="L3" /></properties></testcase><testcase classname="tests.research.systemic_risk.test_governance_fsm.TestPromote" name="test_strict_forward_promote_succeeds" time="0.000"><properties><property name="geosync_level" value="L3" /></properties></testcase><testcase classname="tests.research.systemic_risk.test_governance_fsm.TestPromote" name="test_promote_to_same_state_forbidden" time="0.000"><properties><property name="geosync_level" value="L3" /></properties></testcase><testcase classname="tests.research.systemic_risk.test_governance_fsm.TestPromote" name="test_promote_backwards_forbidden" time="0.000"><properties><property name="geosync_level" value="L3" /></properties></testcase><testcase classname="tests.research.systemic_risk.test_governance_fsm.TestPromote" name="test_promote_without_evidence_forbidden" time="0.000"><properties><property name="geosync_level" value="L3" /></properties></testcase><testcase classname="tests.research.systemic_risk.test_governance_fsm.TestPromote" name="test_promote_from_rejected_forbidden" time="0.000"><properties><property name="geosync_level" value="L3" /></properties></testcase><testcase classname="tests.research.systemic_risk.test_governance_fsm.TestPromote" name="test_promote_off_ladder_target_forbidden" time="0.000"><properties><property name="geosync_level" value="L3" /></properties></testcase><testcase classname="tests.research.systemic_risk.test_governance_fsm.TestImmutability" name="test_apply_returns_new_fsm" time="0.000"><properties><property name="geosync_level" value="L3" /></properties></testcase><testcase classname="tests.research.systemic_risk.test_governance_fsm.TestImmutability" name="test_history_is_appended_in_order" time="0.000"><properties><property name="geosync_level" value="L3" /></properties></testcase><testcase classname="tests.research.systemic_risk.test_kuramoto_extensions.TestOrderParameter" name="test_aligned_phases_yield_one" time="0.000"><properties><property name="geosync_level" value="L3" /></properties></testcase><testcase classname="tests.research.systemic_risk.test_kuramoto_extensions.TestOrderParameter" name="test_uniform_distribution_near_zero" time="0.000"><properties><property name="geosync_level" value="L3" /></properties></testcase><testcase classname="tests.research.systemic_risk.test_kuramoto_extensions.TestOrderParameter" name="test_invalid_shape_rejects" time="0.000"><properties><property name="geosync_level" value="L3" /></properties></testcase><testcase classname="tests.research.systemic_risk.test_kuramoto_extensions.TestSakaguchiStep" name="test_zero_alpha_matches_standard_kuramoto" time="0.000"><properties><property name="geosync_level" value="L3" /></properties></testcase><testcase classname="tests.research.systemic_risk.test_kuramoto_extensions.TestSakaguchiStep" name="test_nonzero_alpha_breaks_synchronization" time="0.063"><properties><property name="geosync_level" value="L3" /></properties></testcase><testcase classname="tests.research.systemic_risk.test_kuramoto_extensions.TestSakaguchiStep" name="test_invalid_shapes_rejected" time="0.001"><properties><property name="geosync_level" value="L3" /></properties></testcase><testcase classname="tests.research.systemic_risk.test_kuramoto_extensions.TestSakaguchiStep" name="test_invalid_dt_rejected" time="0.000"><properties><property name="geosync_level" value="L3" /></properties></testcase><testcase classname="tests.research.systemic_risk.test_kuramoto_extensions.TestTriadicStep" name="test_pure_pairwise_matches_kuramoto_limit" time="0.000"><properties><property name="geosync_level" value="L3" /></properties></testcase><testcase classname="tests.research.systemic_risk.test_kuramoto_extensions.TestTriadicStep" name="test_triadic_term_changes_dynamics" time="0.000"><properties><property name="geosync_level" value="L3" /></properties></testcase><testcase classname="tests.research.systemic_risk.test_kuramoto_extensions.TestTriadicStep" name="test_invalid_dt_rejected" time="0.000"><properties><property name="geosync_level" value="L3" /></properties></testcase><testcase classname="tests.research.systemic_risk.test_kuramoto_extensions.TestExplosiveSync" name="test_continuous_transition_low_hysteresis" time="0.072"><properties><property name="geosync_level" value="L3" /></properties></testcase><testcase classname="tests.research.systemic_risk.test_kuramoto_extensions.TestExplosiveSync" name="test_invalid_grid_rejected" time="0.000"><properties><property name="geosync_level" value="L3" /></properties></testcase><testcase classname="tests.research.systemic_risk.test_kuramoto_extensions.TestExplosiveSync" name="test_diagonal_nonzero_rejected" time="0.001"><properties><property name="geosync_level" value="L3" /></properties></testcase><testcase classname="tests.research.systemic_risk.test_kuramoto_extensions.TestExplosiveSync" name="test_burn_in_ge_n_steps_rejected" time="0.000"><properties><property name="geosync_level" value="L3" /></properties></testcase><testcase classname="tests.research.systemic_risk.test_leakage_sentinel.TestFutureDataMutation" name="test_trailing_score_passes" time="0.001"><properties><property name="geosync_level" value="L3" /></properties></testcase><testcase classname="tests.research.systemic_risk.test_leakage_sentinel.TestFutureDataMutation" name="test_full_sample_score_caught" time="0.000"><properties><property name="geosync_level" value="L3" /></properties></testcase><testcase classname="tests.research.systemic_risk.test_leakage_sentinel.TestPostEventContamination" name="test_no_detections_clean" time="0.000"><properties><property name="geosync_level" value="L3" /></properties></testcase><testcase classname="tests.research.systemic_risk.test_leakage_sentinel.TestPostEventContamination" name="test_lead_below_minimum_caught" time="0.000"><properties><property name="geosync_level" value="L3" /></properties></testcase><testcase classname="tests.research.systemic_risk.test_leakage_sentinel.TestPostEventContamination" name="test_valid_lead_passes" time="0.000"><properties><property name="geosync_level" value="L3" /></properties></testcase><testcase classname="tests.research.systemic_risk.test_leakage_sentinel.TestCenteredWindows" name="test_clean_config" time="0.000"><properties><property name="geosync_level" value="L3" /></properties></testcase><testcase classname="tests.research.systemic_risk.test_leakage_sentinel.TestCenteredWindows" name="test_center_flag_caught" time="0.000"><properties><property name="geosync_level" value="L3" /></properties></testcase><testcase classname="tests.research.systemic_risk.test_leakage_sentinel.TestCenteredWindows" name="test_align_center_caught" time="0.000"><properties><property name="geosync_level" value="L3" /></properties></testcase><testcase classname="tests.research.systemic_risk.test_leakage_sentinel.TestCenteredWindows" name="test_offset_positive_caught" time="0.000"><properties><property name="geosync_level" value="L3" /></properties></testcase><testcase classname="tests.research.systemic_risk.test_leakage_sentinel.TestCenteredWindows" name="test_offset_zero_passes" time="0.000"><properties><property name="geosync_level" value="L3" /></properties></testcase><testcase classname="tests.research.systemic_risk.test_leakage_sentinel.TestFullSampleNormalisation" name="test_clean_log" time="0.000"><properties><property name="geosync_level" value="L3" /></properties></testcase><testcase classname="tests.research.systemic_risk.test_leakage_sentinel.TestFullSampleNormalisation" name="test_full_sample_op_caught" time="0.000"><properties><property name="geosync_level" value="L3" /></properties></testcase><testcase classname="tests.research.systemic_risk.test_leakage_sentinel.TestLabelLeakage" name="test_clean_dag" time="0.000"><properties><property name="geosync_level" value="L3" /></properties></testcase><testcase classname="tests.research.systemic_risk.test_leakage_sentinel.TestLabelLeakage" name="test_backwards_edge_caught" time="0.000"><properties><property name="geosync_level" value="L3" /></properties></testcase><testcase classname="tests.research.systemic_risk.test_leakage_sentinel.TestCrisisDateTuning" name="test_lock_before_eval_clean" time="0.000"><properties><property name="geosync_level" value="L3" /></properties></testcase><testcase classname="tests.research.systemic_risk.test_leakage_sentinel.TestCrisisDateTuning" name="test_lock_after_eval_caught" time="0.000"><properties><property name="geosync_level" value="L3" /></properties></testcase><testcase classname="tests.research.systemic_risk.test_leakage_sentinel.TestCrisisDateTuning" name="test_simultaneous_caught" time="0.000"><properties><property name="geosync_level" value="L3" /></properties></testcase><testcase classname="tests.research.systemic_risk.test_leakage_sentinel.TestCrisisDateTuning" name="test_invalid_timestamp_caught_as_detected" time="0.000"><properties><property name="geosync_level" value="L3" /></properties></testcase><testcase classname="tests.research.systemic_risk.test_leakage_sentinel.TestRunLeakageAudit" name="test_all_clean_aggregates_to_clean" time="0.001"><properties><property name="geosync_level" value="L3" /></properties></testcase><testcase classname="tests.research.systemic_risk.test_leakage_sentinel.TestRunLeakageAudit" name="test_one_detected_propagates" time="0.000"><properties><property name="geosync_level" value="L3" /></properties></testcase><testcase classname="tests.research.systemic_risk.test_metrics.TestClassificationMetrics" name="test_normal_case" time="0.000"><properties><property name="geosync_level" value="L3" /></properties></testcase><testcase classname="tests.research.systemic_risk.test_metrics.TestClassificationMetrics" name="test_zero_predictions_yields_nan_precision" time="0.000"><properties><property name="geosync_level" value="L3" /></properties></testcase><testcase classname="tests.research.systemic_risk.test_metrics.TestClassificationMetrics" name="test_zero_positives_yields_nan_recall" time="0.000"><properties><property name="geosync_level" value="L3" /></properties></testcase><testcase classname="tests.research.systemic_risk.test_metrics.TestClassificationMetrics" name="test_no_negatives_yields_nan_fpr" time="0.000"><properties><property name="geosync_level" value="L3" /></properties></testcase><testcase classname="tests.research.systemic_risk.test_metrics.TestClassificationMetrics" name="test_shape_mismatch_rejected" time="0.000"><properties><property name="geosync_level" value="L3" /></properties></testcase><testcase classname="tests.research.systemic_risk.test_metrics.TestClassificationMetrics" name="test_arbitrary_numeric_input_rejected" time="0.000"><properties><property name="geosync_level" value="L3" /></properties></testcase><testcase classname="tests.research.systemic_risk.test_metrics.TestClassificationMetrics" name="test_out_of_range_int_rejected" time="0.001"><properties><property name="geosync_level" value="L3" /></properties></testcase><testcase classname="tests.research.systemic_risk.test_metrics.TestClassificationMetrics" name="test_binary_int_input_accepted" time="0.000"><properties><property name="geosync_level" value="L3" /></properties></testcase><testcase classname="tests.research.systemic_risk.test_metrics.TestLeadTimeConfig" name="test_negative_min_lead_rejected" time="0.000"><properties><property name="geosync_level" value="L3" /></properties></testcase><testcase classname="tests.research.systemic_risk.test_metrics.TestLeadTimeConfig" name="test_max_lt_min_rejected" time="0.000"><properties><property name="geosync_level" value="L3" /></properties></testcase><testcase classname="tests.research.systemic_risk.test_metrics.TestLeadTimeConfig" name="test_max_below_one_rejected" time="0.000"><properties><property name="geosync_level" value="L3" /></properties></testcase><testcase classname="tests.research.systemic_risk.test_metrics.TestLeadTimeConfig" name="test_event_exclusion_param_removed" time="0.000"><properties><property name="geosync_level" value="L3" /></properties></testcase><testcase classname="tests.research.systemic_risk.test_metrics.TestLeadTimeMetrics" name="test_signal_before_event_counted" time="0.001"><properties><property name="geosync_level" value="L3" /></properties></testcase><testcase classname="tests.research.systemic_risk.test_metrics.TestLeadTimeMetrics" name="test_signal_after_event_not_counted" time="0.000"><properties><property name="geosync_level" value="L3" /></properties></testcase><testcase classname="tests.research.systemic_risk.test_metrics.TestLeadTimeMetrics" name="test_event_date_signal_excluded_when_min_lead_one" time="0.000"><properties><property name="geosync_level" value="L3" /></properties></testcase><testcase classname="tests.research.systemic_risk.test_metrics.TestLeadTimeMetrics" name="test_event_date_signal_counted_when_min_lead_zero" time="0.000"><properties><property name="geosync_level" value="L3" /></properties></testcase><testcase classname="tests.research.systemic_risk.test_metrics.TestLeadTimeMetrics" name="test_first_valid_signal_used" time="0.000"><properties><property name="geosync_level" value="L3" /></properties></testcase><testcase classname="tests.research.systemic_risk.test_metrics.TestLeadTimeMetrics" name="test_threshold_must_be_finite" time="0.000"><properties><property name="geosync_level" value="L3" /></properties></testcase><testcase classname="tests.research.systemic_risk.test_metrics.TestLeadTimeMetrics" name="test_dates_must_be_strictly_increasing" time="0.000"><properties><property name="geosync_level" value="L3" /></properties></testcase><testcase classname="tests.research.systemic_risk.test_metrics.TestLeadTimeMetrics" name="test_warmup_nan_allowed_by_default" time="0.000"><properties><property name="geosync_level" value="L3" /></properties></testcase><testcase classname="tests.research.systemic_risk.test_metrics.TestLeadTimeMetrics" name="test_nan_past_warmup_rejected" time="0.000"><properties><property name="geosync_level" value="L3" /></properties></testcase><testcase classname="tests.research.systemic_risk.test_metrics.TestLeadTimeMetrics" name="test_strict_finite_score_mode" time="0.000"><properties><property name="geosync_level" value="L3" /></properties></testcase><testcase classname="tests.research.systemic_risk.test_metrics.TestLeadTimeMetrics" name="test_no_signal_undetected" time="0.000"><properties><property name="geosync_level" value="L3" /></properties></testcase><testcase classname="tests.research.systemic_risk.test_minimal.TestActionLattice" name="test_strict_order" time="0.000"><properties><property name="geosync_level" value="L3" /></properties></testcase><testcase classname="tests.research.systemic_risk.test_minimal.TestActionLattice" name="test_max_is_join" time="0.067"><properties><property name="geosync_level" value="L3" /></properties></testcase><testcase classname="tests.research.systemic_risk.test_minimal.TestInitialClaim" name="test_default_prior" time="0.000"><properties><property name="geosync_level" value="L3" /></properties></testcase><testcase classname="tests.research.systemic_risk.test_minimal.TestInitialClaim" name="test_custom_prior" time="0.000"><properties><property name="geosync_level" value="L3" /></properties></testcase><testcase classname="tests.research.systemic_risk.test_minimal.TestStateName" name="test_ladder_states" time="0.000"><properties><property name="geosync_level" value="L3" /></properties></testcase><testcase classname="tests.research.systemic_risk.test_minimal.TestStateName" name="test_quarantined" time="0.000"><properties><property name="geosync_level" value="L3" /></properties></testcase><testcase classname="tests.research.systemic_risk.test_minimal.TestStateName" name="test_rejected" time="0.000"><properties><property name="geosync_level" value="L3" /></properties></testcase><testcase classname="tests.research.systemic_risk.test_minimal.TestStateName" name="test_unknown_tier_raises" time="0.000"><properties><property name="geosync_level" value="L3" /></properties></testcase><testcase classname="tests.research.systemic_risk.test_minimal.TestBayesFactors" name="test_auc_half_lindley_penalty" time="0.000"><properties><property name="geosync_level" value="L3" /></properties></testcase><testcase classname="tests.research.systemic_risk.test_minimal.TestBayesFactors" name="test_auc_above_half_favours" time="0.000"><properties><property name="geosync_level" value="L3" /></properties></testcase><testcase classname="tests.research.systemic_risk.test_minimal.TestBayesFactors" name="test_auc_invalid_rejected" time="0.000"><properties><property name="geosync_level" value="L3" /></properties></testcase><testcase classname="tests.research.systemic_risk.test_minimal.TestBayesFactors" name="test_replication_match_strong" time="0.000"><properties><property name="geosync_level" value="L3" /></properties></testcase><testcase classname="tests.research.systemic_risk.test_minimal.TestBayesFactors" name="test_replication_mismatch_zero" time="0.000"><properties><property name="geosync_level" value="L3" /></properties></testcase><testcase classname="tests.research.systemic_risk.test_minimal.TestFirewall" name="test_clean_passes" time="0.000"><properties><property name="geosync_level" value="L3" /></properties></testcase><testcase classname="tests.research.systemic_risk.test_minimal.TestFirewall" name="test_empty_panel_rejects" time="0.000"><properties><property name="geosync_level" value="L3" /></properties></testcase><t
[...]
anel" name="test_nan_snapshot_rejected" time="0.001"><properties><property name="geosync_level" value="L3" /></properties></testcase><testcase classname="tests.research.systemic_risk.test_temporal_panel.TestValidateTemporalExposurePanel" name="test_negative_snapshot_rejected" time="0.001"><properties><property name="geosync_level" value="L3" /></properties></testcase><testcase classname="tests.research.systemic_risk.test_topology.TestInterbankTopologyInvariants" name="test_inv_top1_directed_adjacency_accepted" time="0.001"><properties><property name="geosync_level" value="L3" /></properties></testcase><testcase classname="tests.research.systemic_risk.test_topology.TestInterbankTopologyInvariants" name="test_inv_top1_nonbinary_rejected" time="0.001"><properties><property name="geosync_level" value="L3" /></properties></testcase><testcase classname="tests.research.systemic_risk.test_topology.TestInterbankTopologyInvariants" name="test_inv_top1_diagonal_must_be_zero" time="0.001"><properties><property name="geosync_level" value="L3" /></properties></testcase><testcase classname="tests.research.systemic_risk.test_topology.TestInterbankTopologyInvariants" name="test_inv_top3_label_length_mismatch_rejected" time="0.001"><properties><property name="geosync_level" value="L3" /></properties></testcase><testcase classname="tests.research.systemic_risk.test_topology.TestInterbankTopologyInvariants" name="test_inv_top2_negative_weights_rejected" time="0.001"><properties><property name="geosync_level" value="L3" /></properties></testcase><testcase classname="tests.research.systemic_risk.test_topology.TestInterbankTopologyInvariants" name="test_arrays_are_immutable_after_construction" time="0.001"><properties><property name="geosync_level" value="L3" /></properties></testcase><testcase classname="tests.research.systemic_risk.test_topology.TestInterbankTopologyInvariants" name="test_in_out_degree" time="0.001"><properties><property name="geosync_level" value="L3" /></properties></testcase><testcase classname="tests.research.systemic_risk.test_topology.TestInterbankTopologyInvariants" name="test_snapshot_date_optional" time="0.001"><properties><property name="geosync_level" value="L3" /></properties></testcase><testcase classname="tests.research.systemic_risk.test_topology.TestFromExposureMatrix" name="test_directed_default_preserves_asymmetry" time="0.001"><properties><property name="geosync_level" value="L3" /></properties></testcase><testcase classname="tests.research.systemic_risk.test_topology.TestFromExposureMatrix" name="test_symmetric_mode_averages" time="0.000"><properties><property name="geosync_level" value="L3" /></properties></testcase><testcase classname="tests.research.systemic_risk.test_topology.TestFromExposureMatrix" name="test_threshold_excludes_small_exposures" time="0.000"><properties><property name="geosync_level" value="L3" /></properties></testcase><testcase classname="tests.research.systemic_risk.test_topology.TestFromExposureMatrix" name="test_negative_exposure_rejected" time="0.000"><properties><property name="geosync_level" value="L3" /></properties></testcase><testcase classname="tests.research.systemic_risk.test_topology.TestFromExposureMatrix" name="test_nan_exposure_rejected" time="0.000"><properties><property name="geosync_level" value="L3" /></properties></testcase><testcase classname="tests.research.systemic_risk.test_topology.TestFromExposureMatrix" name="test_snapshot_date_propagates" time="0.001"><properties><property name="geosync_level" value="L3" /></properties></testcase><testcase classname="tests.research.systemic_risk.test_topology.TestFromExposureMatrix" name="test_single_node_graph_accepted" time="0.001"><properties><property name="geosync_level" value="L3" /></properties></testcase><testcase classname="tests.research.systemic_risk.test_topology.TestFromExposureMatrix" name="test_all_zero_matrix_accepted_as_empty_graph" time="0.000"><properties><property name="geosync_level" value="L3" /></properties></testcase><testcase classname="tests.research.systemic_risk.test_topology.TestFromExposureMatrix" name="test_asymmetry_invariant_on_directed_data" time="0.001"><properties><property name="geosync_level" value="L3" /></properties></testcase><testcase classname="tests.research.systemic_risk.test_topology.TestBarabasiAlbertNull" name="test_topology_invariants_hold[2]" time="0.001"><properties><property name="geosync_level" value="L3" /></properties></testcase><testcase classname="tests.research.systemic_risk.test_topology.TestBarabasiAlbertNull" name="test_topology_invariants_hold[3]" time="0.001"><properties><property name="geosync_level" value="L3" /></properties></testcase><testcase classname="tests.research.systemic_risk.test_topology.TestBarabasiAlbertNull" name="test_topology_invariants_hold[4]" time="0.001"><properties><property name="geosync_level" value="L3" /></properties></testcase><testcase classname="tests.research.systemic_risk.test_topology.TestBarabasiAlbertNull" name="test_seed_determinism" time="0.001"><properties><property name="geosync_level" value="L3" /></properties></testcase><testcase classname="tests.research.systemic_risk.test_topology.TestBarabasiAlbertNull" name="test_different_seeds_differ" time="0.001"><properties><property name="geosync_level" value="L3" /></properties></testcase><testcase classname="tests.research.systemic_risk.test_topology.TestBarabasiAlbertNull" name="test_mean_out_degree_close_to_2m" time="0.041"><properties><property name="geosync_level" value="L3" /></properties></testcase><testcase classname="tests.research.systemic_risk.test_topology.TestBarabasiAlbertNull" name="test_invalid_m_rejected" time="0.000"><properties><property name="geosync_level" value="L3" /></properties></testcase><testcase classname="tests.research.systemic_risk.test_verdict_lattice.TestLatticeAxioms" name="test_idempotence_join" time="0.006"><properties><property name="geosync_level" value="L3" /></properties></testcase><testcase classname="tests.research.systemic_risk.test_verdict_lattice.TestLatticeAxioms" name="test_idempotence_meet" time="0.004"><properties><property name="geosync_level" value="L3" /></properties></testcase><testcase classname="tests.research.systemic_risk.test_verdict_lattice.TestLatticeAxioms" name="test_commutativity_join" time="0.017"><properties><property name="geosync_level" value="L3" /></properties></testcase><testcase classname="tests.research.systemic_risk.test_verdict_lattice.TestLatticeAxioms" name="test_commutativity_meet" time="0.019"><properties><property name="geosync_level" value="L3" /></properties></testcase><testcase classname="tests.research.systemic_risk.test_verdict_lattice.TestLatticeAxioms" name="test_associativity_join" time="0.055"><properties><property name="geosync_level" value="L3" /></properties></testcase><testcase classname="tests.research.systemic_risk.test_verdict_lattice.TestLatticeAxioms" name="test_associativity_meet" time="0.050"><properties><property name="geosync_level" value="L3" /></properties></testcase><testcase classname="tests.research.systemic_risk.test_verdict_lattice.TestLatticeAxioms" name="test_identity_join_is_none" time="0.004"><properties><property name="geosync_level" value="L3" /></properties></testcase><testcase classname="tests.research.systemic_risk.test_verdict_lattice.TestLatticeAxioms" name="test_identity_meet_is_kill" time="0.004"><properties><property name="geosync_level" value="L3" /></properties></testcase><testcase classname="tests.research.systemic_risk.test_verdict_lattice.TestLatticeAxioms" name="test_distributivity_join_over_meet" time="0.049"><properties><property name="geosync_level" value="L3" /></properties></testcase><testcase classname="tests.research.systemic_risk.test_verdict_lattice.TestLatticeAxioms" name="test_distributivity_meet_over_join" time="0.051"><properties><property name="geosync_level" value="L3" /></properties></testcase><testcase classname="tests.research.systemic_risk.test_verdict_lattice.TestLatticeAxioms" name="test_absorption" time="0.017"><properties><property name="geosync_level" value="L3" /></properties></testcase><testcase classname="tests.research.systemic_risk.test_verdict_lattice.TestAggregate" name="test_empty_returns_none_identity" time="0.000"><properties><property name="geosync_level" value="L3" /></properties></testcase><testcase classname="tests.research.systemic_risk.test_verdict_lattice.TestAggregate" name="test_single_returns_self" time="0.000"><properties><property name="geosync_level" value="L3" /></properties></testcase><testcase classname="tests.research.systemic_risk.test_verdict_lattice.TestAggregate" name="test_kill_dominates" time="0.000"><properties><property name="geosync_level" value="L3" /></properties></testcase><testcase classname="tests.research.systemic_risk.test_verdict_lattice.TestAggregate" name="test_invalidate_dominates_quarantine" time="0.000"><properties><property name="geosync_level" value="L3" /></properties></testcase><testcase classname="tests.research.systemic_risk.test_verdict_lattice.TestAggregate" name="test_aggregate_equals_max" time="0.210"><properties><property name="geosync_level" value="L3" /></properties></testcase><testcase classname="tests.research.systemic_risk.test_verdict_lattice.TestStringRoundTrip" name="test_from_action_name_roundtrip[NONE]" time="0.000"><properties><property name="geosync_level" value="L3" /></properties></testcase><testcase classname="tests.research.systemic_risk.test_verdict_lattice.TestStringRoundTrip" name="test_from_action_name_roundtrip[STOP]" time="0.000"><properties><property name="geosync_level" value="L3" /></properties></testcase><testcase classname="tests.research.systemic_risk.test_verdict_lattice.TestStringRoundTrip" name="test_from_action_name_roundtrip[DEMOTE]" time="0.000"><properties><property name="geosync_level" value="L3" /></properties></testcase><testcase classname="tests.research.systemic_risk.test_verdict_lattice.TestStringRoundTrip" name="test_from_action_name_roundtrip[QUARANTINE]" time="0.000"><properties><property name="geosync_level" value="L3" /></properties></testcase><testcase classname="tests.research.systemic_risk.test_verdict_lattice.TestStringRoundTrip" name="test_from_action_name_roundtrip[INVALIDATE]" time="0.000"><properties><property name="geosync_level" value="L3" /></properties></testcase><testcase classname="tests.research.systemic_risk.test_verdict_lattice.TestStringRoundTrip" name="test_from_action_name_roundtrip[KILL]" time="0.000"><properties><property name="geosync_level" value="L3" /></properties></testcase><testcase classname="tests.research.systemic_risk.test_verdict_lattice.TestStringRoundTrip" name="test_from_action_name_unknown_rejects" time="0.000"><properties><property name="geosync_level" value="L3" /></properties></testcase><testcase classname="tests.research.systemic_risk.test_verdict_lattice.TestStrictOrder" name="test_kill_is_strictly_more_destructive_than_demote" time="0.000"><properties><property name="geosync_level" value="L3" /></properties></testcase><testcase classname="tests.research.systemic_risk.test_verdict_lattice.TestStrictOrder" name="test_self_is_not_more_destructive" time="0.000"><properties><property name="geosync_level" value="L3" /></properties></testcase><testcase classname="tests.metamorphic.test_metamorphic" name="test_ledger_order_invariance" time="0.026"><properties><property name="geosync_level" value="L3" /></properties></testcase><testcase classname="tests.metamorphic.test_metamorphic" name="test_fsm_rejected_is_absorbing[KILL]" time="0.000"><properties><property name="geosync_level" value="L3" /></properties></testcase><testcase classname="tests.metamorphic.test_metamorphic" name="test_fsm_rejected_is_absorbing[INVALIDATE]" time="0.000"><properties><property name="geosync_level" value="L3" /></properties></testcase><testcase classname="tests.metamorphic.test_metamorphic" name="test_fsm_rejected_is_absorbing[QUARANTINE]" time="0.000"><properties><property name="geosync_level" value="L3" /></properties></testcase><testcase classname="tests.metamorphic.test_metamorphic" name="test_fsm_rejected_is_absorbing[DEMOTE]" time="0.000"><properties><property name="geosync_level" value="L3" /></properties></testcase><testcase classname="tests.metamorphic.test_metamorphic" name="test_fsm_rejected_is_absorbing[STOP]" time="0.000"><properties><property name="geosync_level" value="L3" /></properties></testcase><testcase classname="tests.metamorphic.test_metamorphic" name="test_fsm_rejected_is_absorbing[NONE]" time="0.000"><properties><property name="geosync_level" value="L3" /></properties></testcase><testcase classname="tests.metamorphic.test_metamorphic" name="test_kuramoto_global_phase_shift_invariance" time="0.017"><properties><property name="geosync_level" value="L3" /></properties></testcase><testcase classname="tests.metamorphic.test_metamorphic" name="test_firewall_label_relabelling_preserves_structural_gates" time="0.001"><properties><property name="geosync_level" value="L3" /></properties></testcase><testcase classname="tests.metamorphic.test_metamorphic" name="test_capsule_same_inputs_same_verdict" time="0.014"><properties><property name="geosync_level" value="L3" /></properties></testcase><testcase classname="tests.metamorphic.test_metamorphic" name="test_lattice_aggregate_permutation_invariance" time="0.016"><properties><property name="geosync_level" value="L3" /></properties></testcase><testcase classname="tests.metamorphic.test_metamorphic" name="test_leakage_disjunction_monotonic" time="0.000"><properties><property name="geosync_level" value="L3" /></properties></testcase><testcase classname="tests.metamorphic.test_metamorphic" name="test_minimal_kill_after_any_state_yields_rejected[0]" time="0.000"><properties><property name="geosync_level" value="L3" /></properties></testcase><testcase classname="tests.metamorphic.test_metamorphic" name="test_minimal_kill_after_any_state_yields_rejected[3]" time="0.000"><properties><property name="geosync_level" value="L3" /></properties></testcase><testcase classname="tests.metamorphic.test_metamorphic" name="test_minimal_kill_after_any_state_yields_rejected[7]" time="0.000"><properties><property name="geosync_level" value="L3" /></properties></testcase><testcase classname="tests.metamorphic.test_metamorphic" name="test_minimal_rejected_is_absorbing_under_any_input" time="0.000"><properties><property name="geosync_level" value="L3" /></properties></testcase><testcase classname="tests.metamorphic.test_metamorphic" name="test_bayes_rigorous_polarity_symmetry" time="0.012"><properties><property name="geosync_level" value="L3" /></properties></testcase><testcase classname="tests.metamorphic.test_metamorphic" name="test_occam_margin_anti_symmetric" time="0.016"><properties><property name="geosync_level" value="L3" /></properties></testcase><testcase classname="tests.metamorphic.test_metamorphic" name="test_lattice_distributivity" time="0.014"><properties><property name="geosync_level" value="L3" /></properties></testcase><testcase classname="tests.metamorphic.test_metamorphic" name="test_bayes_rigorous_lindley_collapses_at_neff_one" time="0.000"><properties><property name="geosync_level" value="L3" /></properties></testcase><testcase classname="tests.metamorphic.test_metamorphic" name="test_ledger_uninformative_evidence_fixed_point" time="0.000"><properties><property name="geosync_level" value="L3" /></properties></testcase><testcase classname="tests.metamorphic.test_metamorphic" name="test_minimal_stop_and_none_are_noops[0]" time="0.000"><properties><property name="geosync_level" value="L3" /></properties></testcase><testcase classname="tests.metamorphic.test_metamorphic" name="test_minimal_stop_and_none_are_noops[1]" time="0.000"><properties><property name="geosync_level" value="L3" /></properties></testcase><testcase classname="tests.metamorphic.test_metamorphic" name="test_minimal_stop_and_none_are_noops[5]" time="0.000"><properties><property name="geosync_level" value="L3" /></properties></testcase><testcase classname="tests.metamorphic.test_metamorphic" name="test_ledger_bf_zero_kills_regardless_of_history" time="0.010"><properties><property name="geosync_level" value="L3" /></properties></testcase><testcase classname="tests.negative_controls.test_negative_controls" name="test_random_er_network_no_precursor_demotes" time="0.006"><properties><property name="geosync_level" value="L3" /></properties></testcase><testcase classname="tests.negative_controls.test_negative_controls" name="test_phase_shuffled_panel_loses_to_baseline_demotes" time="0.000"><properties><property name="geosync_level" value="L3" /></properties></testcase><testcase classname="tests.negative_controls.test_negative_controls" name="test_future_data_leakage_invalidates_even_with_strong_signal" time="0.000"><properties><property name="geosync_level" value="L3" /></properties></testcase><testcase classname="tests.negative_controls.test_negative_controls" name="test_null_surrogate_demotes[degree_preserving_null]" time="0.000"><properties><property name="geosync_level" value="L3" /></properties></testcase><testcase classname="tests.negative_controls.test_negative_controls" name="test_null_surrogate_demotes[shuffled_time_labels]" time="0.000"><properties><property name="geosync_level" value="L3" /></properties></testcase><testcase classname="tests.negative_controls.test_negative_controls" name="test_null_surrogate_demotes[random_exposure_weights]" time="0.000"><properties><property name="geosync_level" value="L3" /></properties></testcase><testcase classname="tests.negative_controls.test_negative_controls" name="test_null_surrogate_demotes[permuted_crisis_dates]" time="0.000"><properties><property name="geosync_level" value="L3" /></properties></testcase><testcase classname="tests.negative_controls.test_negative_controls" name="test_null_surrogate_demotes[static_topology_baseline]" time="0.000"><properties><property name="geosync_level" value="L3" /></properties></testcase><testcase classname="tests.negative_controls.test_negative_controls" name="test_null_surrogate_demotes[linear_correlation_surrogate]" time="0.000"><properties><property name="geosync_level" value="L3" /></properties></testcase><testcase classname="tests.negative_controls.test_negative_controls" name="test_random_labels_collapse_auc_demote" time="0.000"><properties><property name="geosync_level" value="L3" /></properties></testcase><testcase classname="tests.negative_controls.test_negative_controls" name="test_replication_mismatch_kills_to_REJECTED" time="0.000"><properties><property name="geosync_level" value="L3" /></properties></testcase><testcase classname="tests.negative_controls.test_negative_controls" name="test_overfit_parameter_grid_quarantines" time="0.000"><properties><property name="geosync_level" value="L3" /></properties></testcase><testcase classname="tests.negative_controls.test_negative_controls" name="test_garbage_data_firewall_stop" time="0.000"><properties><property name="geosync_level" value="L3" /></properties></testcase><testcase classname="tests.negative_controls.test_negative_controls" name="test_kill_beats_simultaneous_demote_invalidate_quarantine_stop" time="0.000"><properties><property name="geosync_level" value="L3" /></properties></testcase><testcase classname="tests.negative_controls.test_negative_controls" name="test_minimal_replication_mismatch_kills" time="0.000"><properties><property name="geosync_level" value="L3" /></properties></testcase><testcase classname="tests.negative_controls.test_negative_controls" name="test_minimal_leakage_invalidates_even_with_evidence" time="0.000"><properties><property name="geosync_level" value="L3" /></properties></testcase><testcase classname="tests.negative_controls.test_negative_controls" name="test_minimal_posterior_collapse_kills" time="0.009"><properties><property name="geosync_level" value="L3" /></properties></testcase></testsuite></testsuites>